2020-08-14 09:26:36 INFO  main com.codeworld.fc.CodeworldVueSystemApplication Starting CodeworldVueSystemApplication on DESKTOP-P23KTQ5 with PID 8504 (C:\Users\Lenovo\Desktop\项目\JAVAEE实践\codeworld-vue-system\target\classes started by Lenovo in C:\Users\Lenovo\Desktop\项目\JAVAEE实践\codeworld-vue-system)
2020-08-14 09:26:36 INFO  main com.codeworld.fc.CodeworldVueSystemApplication The following profiles are active: test
2020-08-14 09:26:38 INFO  main org.springframework.context.support.PostProcessorRegistrationDelegate$BeanPostProcessorChecker Bean 'spring.datasource.dynamic-com.baomidou.dynamic.datasource.spring.boot.autoconfigure.DynamicDataSourceProperties' of type [com.baomidou.dynamic.datasource.spring.boot.autoconfigure.DynamicDataSourceProperties] is not eligible for getting processed by all BeanPostProcessors (for example: not eligible for auto-proxying)
2020-08-14 09:26:38 INFO  main org.springframework.context.support.PostProcessorRegistrationDelegate$BeanPostProcessorChecker Bean 'com.baomidou.dynamic.datasource.spring.boot.autoconfigure.DynamicDataSourceAutoConfiguration' of type [com.baomidou.dynamic.datasource.spring.boot.autoconfigure.DynamicDataSourceAutoConfiguration$$EnhancerBySpringCGLIB$$69bec1de] is not eligible for getting processed by all BeanPostProcessors (for example: not eligible for auto-proxying)
2020-08-14 09:26:38 INFO  main org.springframework.context.support.PostProcessorRegistrationDelegate$BeanPostProcessorChecker Bean 'dsProcessor' of type [com.baomidou.dynamic.datasource.processor.DsHeaderProcessor] is not eligible for getting processed by all BeanPostProcessors (for example: not eligible for auto-proxying)
2020-08-14 09:26:38 INFO  main org.springframework.context.support.PostProcessorRegistrationDelegate$BeanPostProcessorChecker Bean 'dynamicDatasourceAnnotationAdvisor' of type [com.baomidou.dynamic.datasource.aop.DynamicDataSourceAnnotationAdvisor] is not eligible for getting processed by all BeanPostProcessors (for example: not eligible for auto-proxying)
2020-08-14 09:26:39 INFO  main org.springframework.boot.web.embedded.tomcat.TomcatWebServer Tomcat initialized with port(s): 8888 (http)
2020-08-14 09:26:39 INFO  main org.apache.coyote.http11.Http11NioProtocol Initializing ProtocolHandler ["http-nio-8888"]
2020-08-14 09:26:39 INFO  main org.apache.catalina.core.StandardService Starting service [Tomcat]
2020-08-14 09:26:39 INFO  main org.apache.catalina.core.StandardEngine Starting Servlet engine: [Apache Tomcat/9.0.37]
2020-08-14 09:26:39 INFO  main org.apache.catalina.core.ContainerBase.[Tomcat].[localhost].[/] Initializing Spring embedded WebApplicationContext
2020-08-14 09:26:39 INFO  main org.springframework.boot.web.servlet.context.ServletWebServerApplicationContext Root WebApplicationContext: initialization completed in 3030 ms
2020-08-14 09:26:40 INFO  main com.baomidou.dynamic.datasource.DynamicRoutingDataSource 动态数据源-检测到并开启了p6spy
2020-08-14 09:26:40 INFO  main com.zaxxer.hikari.HikariDataSource base - Starting...
2020-08-14 09:26:40 INFO  main com.zaxxer.hikari.HikariDataSource base - Start completed.
2020-08-14 09:26:40 INFO  main com.baomidou.dynamic.datasource.DynamicRoutingDataSource 初始共加载 1 个数据源
2020-08-14 09:26:40 INFO  main com.baomidou.dynamic.datasource.DynamicRoutingDataSource 动态数据源-加载 base 成功
2020-08-14 09:26:40 INFO  main com.baomidou.dynamic.datasource.DynamicRoutingDataSource 当前的默认数据源是单数据源，数据源名为 base
2020-08-14 09:26:41 INFO  main springfox.documentation.spring.web.PropertySourcedRequestMappingHandlerMapping Mapped URL path [/v2/api-docs] onto method [springfox.documentation.swagger2.web.Swagger2Controller#getDocumentation(String, HttpServletRequest)]
2020-08-14 09:26:41 INFO  main org.springframework.scheduling.concurrent.ThreadPoolTaskExecutor Initializing ExecutorService 'applicationTaskExecutor'
2020-08-14 09:26:41 INFO  main org.apache.coyote.http11.Http11NioProtocol Starting ProtocolHandler ["http-nio-8888"]
2020-08-14 09:26:41 INFO  main org.springframework.boot.web.embedded.tomcat.TomcatWebServer Tomcat started on port(s): 8888 (http) with context path ''
2020-08-14 09:26:41 INFO  main springfox.documentation.spring.web.plugins.DocumentationPluginsBootstrapper Context refreshed
2020-08-14 09:26:41 INFO  main springfox.documentation.spring.web.plugins.DocumentationPluginsBootstrapper Found 1 custom documentation plugin(s)
2020-08-14 09:26:41 INFO  main springfox.documentation.spring.web.scanners.ApiListingReferenceScanner Scanning for api listing references
2020-08-14 09:26:42 INFO  main com.codeworld.fc.CodeworldVueSystemApplication Started CodeworldVueSystemApplication in 6.971 seconds (JVM running for 13.754)
2020-08-14 09:27:14 INFO  http-nio-8888-exec-1 org.apache.catalina.core.ContainerBase.[Tomcat].[localhost].[/] Initializing Spring DispatcherServlet 'dispatcherServlet'
2020-08-14 09:27:14 INFO  http-nio-8888-exec-1 org.springframework.web.servlet.DispatcherServlet Initializing Servlet 'dispatcherServlet'
2020-08-14 09:27:14 INFO  http-nio-8888-exec-1 org.springframework.web.servlet.DispatcherServlet Completed initialization in 21 ms
2020-08-14 09:27:46 INFO  http-nio-8888-exec-7 p6spy 2020-08-14 09:27:46 | 耗时 1 ms | SQL 语句：
select * from codeworld_user;
2020-08-14 17:06:07 INFO  http-nio-8888-exec-5 p6spy 2020-08-14 17:06:07 | 耗时 0 ms | SQL 语句：
select * from codeworld_user;
2020-08-14 17:06:54 INFO  http-nio-8888-exec-9 p6spy 2020-08-14 17:06:54 | 耗时 0 ms | SQL 语句：
select * from codeworld_user;
2020-08-14 17:07:50 INFO  http-nio-8888-exec-3 p6spy 2020-08-14 17:07:50 | 耗时 0 ms | SQL 语句：
select * from codeworld_user;
2020-08-14 17:10:59 INFO  http-nio-8888-exec-8 p6spy 2020-08-14 17:10:59 | 耗时 0 ms | SQL 语句：
select * from codeworld_user;
2020-08-14 17:11:16 INFO  http-nio-8888-exec-2 p6spy 2020-08-14 17:11:16 | 耗时 0 ms | SQL 语句：
select * from codeworld_user;
2020-08-14 17:12:21 INFO  http-nio-8888-exec-7 p6spy 2020-08-14 17:12:21 | 耗时 0 ms | SQL 语句：
select * from codeworld_user;
2020-08-14 17:12:55 INFO  http-nio-8888-exec-1 p6spy 2020-08-14 17:12:55 | 耗时 0 ms | SQL 语句：
select * from codeworld_user;
2020-08-14 17:13:43 INFO  http-nio-8888-exec-5 p6spy 2020-08-14 17:13:43 | 耗时 0 ms | SQL 语句：
select * from codeworld_user;
2020-08-14 17:14:35 INFO  http-nio-8888-exec-9 p6spy 2020-08-14 17:14:35 | 耗时 0 ms | SQL 语句：
select * from codeworld_user;
2020-08-14 17:14:50 INFO  http-nio-8888-exec-3 p6spy 2020-08-14 17:14:50 | 耗时 0 ms | SQL 语句：
select * from codeworld_user;
2020-08-14 17:15:30 INFO  http-nio-8888-exec-7 p6spy 2020-08-14 17:15:30 | 耗时 0 ms | SQL 语句：
select * from codeworld_user;
2020-08-14 17:15:53 INFO  http-nio-8888-exec-1 p6spy 2020-08-14 17:15:53 | 耗时 0 ms | SQL 语句：
select * from codeworld_user;
2020-08-14 17:16:37 INFO  http-nio-8888-exec-5 p6spy 2020-08-14 17:16:37 | 耗时 0 ms | SQL 语句：
select * from codeworld_user;
2020-08-14 17:17:17 INFO  http-nio-8888-exec-9 p6spy 2020-08-14 17:17:17 | 耗时 0 ms | SQL 语句：
select * from codeworld_user;
2020-08-14 17:19:53 INFO  http-nio-8888-exec-8 p6spy 2020-08-14 17:19:53 | 耗时 0 ms | SQL 语句：
select * from codeworld_user;
2020-08-14 17:21:18 INFO  http-nio-8888-exec-5 p6spy 2020-08-14 17:21:18 | 耗时 0 ms | SQL 语句：
select * from codeworld_user;
2020-08-14 17:22:22 INFO  http-nio-8888-exec-3 p6spy 2020-08-14 17:22:22 | 耗时 0 ms | SQL 语句：
select * from codeworld_user;
2020-08-14 17:23:11 INFO  http-nio-8888-exec-9 p6spy 2020-08-14 17:23:11 | 耗时 0 ms | SQL 语句：
select * from codeworld_user;
2020-08-14 17:33:30 INFO  http-nio-8888-exec-6 p6spy 2020-08-14 17:33:30 | 耗时 0 ms | SQL 语句：
select * from codeworld_user;
2020-08-14 17:34:14 INFO  http-nio-8888-exec-4 p6spy 2020-08-14 17:34:14 | 耗时 0 ms | SQL 语句：
select * from codeworld_user;
2020-08-14 17:35:13 INFO  http-nio-8888-exec-2 p6spy 2020-08-14 17:35:13 | 耗时 0 ms | SQL 语句：
select * from codeworld_user;
2020-08-14 17:35:51 INFO  http-nio-8888-exec-8 p6spy 2020-08-14 17:35:51 | 耗时 0 ms | SQL 语句：
select * from codeworld_user;
2020-08-14 17:36:26 INFO  http-nio-8888-exec-4 p6spy 2020-08-14 17:36:26 | 耗时 0 ms | SQL 语句：
select * from codeworld_user;
2020-08-14 19:03:32 INFO  http-nio-8888-exec-5 p6spy 2020-08-14 19:03:32 | 耗时 2 ms | SQL 语句：
select * from codeworld_user;
2020-08-14 19:04:32 INFO  http-nio-8888-exec-1 p6spy 2020-08-14 19:04:32 | 耗时 0 ms | SQL 语句：
select * from codeworld_user;
2020-08-14 19:06:33 INFO  main com.codeworld.fc.CodeworldVueSystemApplication Starting CodeworldVueSystemApplication on DESKTOP-P23KTQ5 with PID 2668 (C:\Users\Lenovo\Desktop\项目\JAVAEE实践\codeworld-vue-system\target\classes started by Lenovo in C:\Users\Lenovo\Desktop\项目\JAVAEE实践\codeworld-vue-system)
2020-08-14 19:06:33 INFO  main com.codeworld.fc.CodeworldVueSystemApplication The following profiles are active: test
2020-08-14 19:06:35 INFO  main org.springframework.context.support.PostProcessorRegistrationDelegate$BeanPostProcessorChecker Bean 'spring.datasource.dynamic-com.baomidou.dynamic.datasource.spring.boot.autoconfigure.DynamicDataSourceProperties' of type [com.baomidou.dynamic.datasource.spring.boot.autoconfigure.DynamicDataSourceProperties] is not eligible for getting processed by all BeanPostProcessors (for example: not eligible for auto-proxying)
2020-08-14 19:06:35 INFO  main org.springframework.context.support.PostProcessorRegistrationDelegate$BeanPostProcessorChecker Bean 'com.baomidou.dynamic.datasource.spring.boot.autoconfigure.DynamicDataSourceAutoConfiguration' of type [com.baomidou.dynamic.datasource.spring.boot.autoconfigure.DynamicDataSourceAutoConfiguration$$EnhancerBySpringCGLIB$$ee721618] is not eligible for getting processed by all BeanPostProcessors (for example: not eligible for auto-proxying)
2020-08-14 19:06:35 INFO  main org.springframework.context.support.PostProcessorRegistrationDelegate$BeanPostProcessorChecker Bean 'dsProcessor' of type [com.baomidou.dynamic.datasource.processor.DsHeaderProcessor] is not eligible for getting processed by all BeanPostProcessors (for example: not eligible for auto-proxying)
2020-08-14 19:06:35 INFO  main org.springframework.context.support.PostProcessorRegistrationDelegate$BeanPostProcessorChecker Bean 'dynamicDatasourceAnnotationAdvisor' of type [com.baomidou.dynamic.datasource.aop.DynamicDataSourceAnnotationAdvisor] is not eligible for getting processed by all BeanPostProcessors (for example: not eligible for auto-proxying)
2020-08-14 19:06:36 INFO  main org.springframework.boot.web.embedded.tomcat.TomcatWebServer Tomcat initialized with port(s): 8888 (http)
2020-08-14 19:06:36 INFO  main org.apache.coyote.http11.Http11NioProtocol Initializing ProtocolHandler ["http-nio-8888"]
2020-08-14 19:06:36 INFO  main org.apache.catalina.core.StandardService Starting service [Tomcat]
2020-08-14 19:06:36 INFO  main org.apache.catalina.core.StandardEngine Starting Servlet engine: [Apache Tomcat/9.0.37]
2020-08-14 19:06:36 INFO  main org.apache.catalina.core.ContainerBase.[Tomcat].[localhost].[/] Initializing Spring embedded WebApplicationContext
2020-08-14 19:06:36 INFO  main org.springframework.boot.web.servlet.context.ServletWebServerApplicationContext Root WebApplicationContext: initialization completed in 2502 ms
2020-08-14 19:06:36 INFO  main com.baomidou.dynamic.datasource.DynamicRoutingDataSource 动态数据源-检测到并开启了p6spy
2020-08-14 19:06:36 INFO  main com.zaxxer.hikari.HikariDataSource base - Starting...
2020-08-14 19:06:36 INFO  main com.zaxxer.hikari.HikariDataSource base - Start completed.
2020-08-14 19:06:36 INFO  main com.baomidou.dynamic.datasource.DynamicRoutingDataSource 初始共加载 1 个数据源
2020-08-14 19:06:36 INFO  main com.baomidou.dynamic.datasource.DynamicRoutingDataSource 动态数据源-加载 base 成功
2020-08-14 19:06:36 INFO  main com.baomidou.dynamic.datasource.DynamicRoutingDataSource 当前的默认数据源是单数据源，数据源名为 base
2020-08-14 19:06:37 INFO  main springfox.documentation.spring.web.PropertySourcedRequestMappingHandlerMapping Mapped URL path [/v2/api-docs] onto method [springfox.documentation.swagger2.web.Swagger2Controller#getDocumentation(String, HttpServletRequest)]
2020-08-14 19:06:37 INFO  main org.springframework.scheduling.concurrent.ThreadPoolTaskExecutor Initializing ExecutorService 'applicationTaskExecutor'
2020-08-14 19:06:37 INFO  main org.apache.coyote.http11.Http11NioProtocol Starting ProtocolHandler ["http-nio-8888"]
2020-08-14 19:06:38 INFO  main org.springframework.boot.web.embedded.tomcat.TomcatWebServer Tomcat started on port(s): 8888 (http) with context path ''
2020-08-14 19:06:38 INFO  main springfox.documentation.spring.web.plugins.DocumentationPluginsBootstrapper Context refreshed
2020-08-14 19:06:38 INFO  main springfox.documentation.spring.web.plugins.DocumentationPluginsBootstrapper Found 1 custom documentation plugin(s)
2020-08-14 19:06:38 INFO  main springfox.documentation.spring.web.scanners.ApiListingReferenceScanner Scanning for api listing references
2020-08-14 19:06:38 INFO  main com.codeworld.fc.CodeworldVueSystemApplication Started CodeworldVueSystemApplication in 5.683 seconds (JVM running for 11.694)
2020-08-14 19:06:47 INFO  http-nio-8888-exec-2 org.apache.tomcat.util.http.parser.Cookie A cookie header was received [1579774133; __utmz=111872281.1582861814.1.1.utmcsr=(direct)|utmccn=(direct)|utmcmd=(none); __utma=111872281.831053985.1582861814.1582875770.1584267755.5; Idea-aafc89f7=a7b3efd7-3315-46db-8387-b3eb7ff7bbf7; Hm_lvt_d97abf6d61c21d773f97835defbdef4e=1594809530; Webstorm-5dc33a3f=3e27dac4-926d-43b5-b044-1c33978c0955; Admin-Token=111111] that contained an invalid cookie. That cookie will be ignored.
 Note: further occurrences of this error will be logged at DEBUG level.
2020-08-14 19:06:47 INFO  http-nio-8888-exec-1 org.apache.tomcat.util.http.parser.Cookie A cookie header was received [1579774133; __utmz=111872281.1582861814.1.1.utmcsr=(direct)|utmccn=(direct)|utmcmd=(none); __utma=111872281.831053985.1582861814.1582875770.1584267755.5; Idea-aafc89f7=a7b3efd7-3315-46db-8387-b3eb7ff7bbf7; Hm_lvt_d97abf6d61c21d773f97835defbdef4e=1594809530; Webstorm-5dc33a3f=3e27dac4-926d-43b5-b044-1c33978c0955; Admin-Token=111111] that contained an invalid cookie. That cookie will be ignored.
 Note: further occurrences of this error will be logged at DEBUG level.
2020-08-14 19:06:47 INFO  http-nio-8888-exec-2 org.apache.catalina.core.ContainerBase.[Tomcat].[localhost].[/] Initializing Spring DispatcherServlet 'dispatcherServlet'
2020-08-14 19:06:47 INFO  http-nio-8888-exec-2 org.springframework.web.servlet.DispatcherServlet Initializing Servlet 'dispatcherServlet'
2020-08-14 19:06:47 INFO  http-nio-8888-exec-2 org.springframework.web.servlet.DispatcherServlet Completed initialization in 8 ms
2020-08-14 19:07:01 INFO  http-nio-8888-exec-2 p6spy 2020-08-14 19:07:01 | 耗时 3 ms | SQL 语句：
insert into codeworld_user (t_user_id,t_user_name,t_user_email,t_user_phone,t_user_status,t_create_time,t_update_time) values ( 4274100, 'string', 'string', 'string', 0, '2020-08-14T19:07:01.419+0800', '2020-08-14T19:07:01.419+0800' );;
2020-08-14 19:07:27 INFO  http-nio-8888-exec-7 p6spy 2020-08-14 19:07:27 | 耗时 0 ms | SQL 语句：
select * from codeworld_user;
2020-08-14 19:07:38 INFO  http-nio-8888-exec-6 p6spy 2020-08-14 19:07:38 | 耗时 11 ms | SQL 语句：
insert into codeworld_user (t_user_id,t_user_name,t_user_email,t_user_phone,t_user_status,t_create_time,t_update_time) values ( 8729202, '11', '11', '11', 0, '2020-08-14T19:07:38.010+0800', '2020-08-14T19:07:38.010+0800' );;
2020-08-14 19:09:34 INFO  http-nio-8888-exec-10 p6spy 2020-08-14 19:09:34 | 耗时 0 ms | SQL 语句：
select * from codeworld_user;
2020-08-14 19:09:41 INFO  http-nio-8888-exec-9 p6spy 2020-08-14 19:09:41 | 耗时 1 ms | SQL 语句：
insert into codeworld_user (t_user_id,t_user_name,t_user_email,t_user_phone,t_user_status,t_create_time,t_update_time) values ( 231473, '22', '22', '22', 0, '2020-08-14T19:09:41.272+0800', '2020-08-14T19:09:41.272+0800' );;
2020-08-14 19:09:46 INFO  http-nio-8888-exec-2 p6spy 2020-08-14 19:09:46 | 耗时 1 ms | SQL 语句：
select * from codeworld_user;
2020-08-14 19:18:27 INFO  http-nio-8888-exec-7 p6spy 2020-08-14 19:18:27 | 耗时 0 ms | SQL 语句：
select * from codeworld_user;
2020-08-14 19:18:31 INFO  http-nio-8888-exec-6 p6spy 2020-08-14 19:18:31 | 耗时 3 ms | SQL 语句：
insert into codeworld_user (t_user_id,t_user_name,t_user_email,t_user_phone,t_user_status,t_create_time,t_update_time) values ( 4481111, '33', '33', '33', 0, '2020-08-14T19:18:31.336+0800', '2020-08-14T19:18:31.336+0800' );;
2020-08-14 19:18:31 INFO  http-nio-8888-exec-8 p6spy 2020-08-14 19:18:31 | 耗时 0 ms | SQL 语句：
select * from codeworld_user;
2020-08-14 19:18:52 INFO  http-nio-8888-exec-5 p6spy 2020-08-14 19:18:52 | 耗时 1 ms | SQL 语句：
select * from codeworld_user;
2020-08-14 19:19:00 INFO  http-nio-8888-exec-10 p6spy 2020-08-14 19:19:00 | 耗时 1 ms | SQL 语句：
insert into codeworld_user (t_user_id,t_user_name,t_user_email,t_user_phone,t_user_status,t_create_time,t_update_time) values ( 6502817, '44', '44', '44', 0, '2020-08-14T19:19:00.595+0800', '2020-08-14T19:19:00.595+0800' );;
2020-08-14 19:19:00 INFO  http-nio-8888-exec-9 p6spy 2020-08-14 19:19:00 | 耗时 0 ms | SQL 语句：
select * from codeworld_user;
2020-08-14 19:22:01 INFO  http-nio-8888-exec-1 p6spy 2020-08-14 19:22:01 | 耗时 2 ms | SQL 语句：
update codeworld_user set t_user_status = 1 where t_user_id = 231473;
2020-08-14 19:22:04 INFO  http-nio-8888-exec-3 p6spy 2020-08-14 19:22:04 | 耗时 12 ms | SQL 语句：
update codeworld_user set t_user_status = 0 where t_user_id = 231473;
2020-08-14 19:22:24 INFO  http-nio-8888-exec-4 p6spy 2020-08-14 19:22:24 | 耗时 0 ms | SQL 语句：
select * from codeworld_user;
2020-08-14 19:22:29 INFO  http-nio-8888-exec-10 p6spy 2020-08-14 19:22:29 | 耗时 0 ms | SQL 语句：
select * from codeworld_user;
2020-08-14 19:22:33 INFO  http-nio-8888-exec-9 p6spy 2020-08-14 19:22:33 | 耗时 0 ms | SQL 语句：
select * from codeworld_user;
2020-08-14 19:22:43 INFO  http-nio-8888-exec-8 p6spy 2020-08-14 19:22:43 | 耗时 0 ms | SQL 语句：
select * from codeworld_user;
2020-08-14 19:23:00 INFO  http-nio-8888-exec-5 p6spy 2020-08-14 19:23:00 | 耗时 0 ms | SQL 语句：
select * from codeworld_user;
2020-08-14 19:23:03 INFO  http-nio-8888-exec-10 p6spy 2020-08-14 19:23:03 | 耗时 1 ms | SQL 语句：
insert into codeworld_user (t_user_id,t_user_name,t_user_email,t_user_phone,t_user_status,t_create_time,t_update_time) values ( 5889994, '', '', '', 0, '2020-08-14T19:23:03.975+0800', '2020-08-14T19:23:03.975+0800' );;
2020-08-14 19:23:04 INFO  http-nio-8888-exec-7 p6spy 2020-08-14 19:23:04 | 耗时 0 ms | SQL 语句：
select * from codeworld_user;
2020-08-14 19:30:52 INFO  http-nio-8888-exec-2 p6spy 2020-08-14 19:30:52 | 耗时 0 ms | SQL 语句：
select * from codeworld_user;
2020-08-14 19:30:55 INFO  http-nio-8888-exec-5 p6spy 2020-08-14 19:30:55 | 耗时 11 ms | SQL 语句：
update codeworld_user set t_user_status = 1 where t_user_id = 231473;
2020-08-14 19:30:58 INFO  http-nio-8888-exec-9 p6spy 2020-08-14 19:30:58 | 耗时 0 ms | SQL 语句：
select * from codeworld_user;
2020-08-14 19:31:02 INFO  http-nio-8888-exec-8 p6spy 2020-08-14 19:31:02 | 耗时 10 ms | SQL 语句：
update codeworld_user set t_user_status = 1 where t_user_id = 8729202;
2020-08-14 19:31:07 INFO  http-nio-8888-exec-2 p6spy 2020-08-14 19:31:07 | 耗时 12 ms | SQL 语句：
insert into codeworld_user (t_user_id,t_user_name,t_user_email,t_user_phone,t_user_status,t_create_time,t_update_time) values ( 7843197, '', '', '', 0, '2020-08-14T19:31:07.946+0800', '2020-08-14T19:31:07.946+0800' );;
2020-08-14 19:31:07 INFO  http-nio-8888-exec-5 p6spy 2020-08-14 19:31:07 | 耗时 0 ms | SQL 语句：
select * from codeworld_user;
2020-08-14 19:31:30 INFO  http-nio-8888-exec-9 p6spy 2020-08-14 19:31:30 | 耗时 0 ms | SQL 语句：
select * from codeworld_user;
2020-08-14 19:31:51 INFO  main com.codeworld.fc.CodeworldVueSystemApplication Starting CodeworldVueSystemApplication on DESKTOP-P23KTQ5 with PID 12308 (C:\Users\Lenovo\Desktop\项目\JAVAEE实践\codeworld-vue-system\target\classes started by Lenovo in C:\Users\Lenovo\Desktop\项目\JAVAEE实践\codeworld-vue-system)
2020-08-14 19:31:51 INFO  main com.codeworld.fc.CodeworldVueSystemApplication The following profiles are active: test
2020-08-14 19:31:53 INFO  main org.springframework.context.support.PostProcessorRegistrationDelegate$BeanPostProcessorChecker Bean 'spring.datasource.dynamic-com.baomidou.dynamic.datasource.spring.boot.autoconfigure.DynamicDataSourceProperties' of type [com.baomidou.dynamic.datasource.spring.boot.autoconfigure.DynamicDataSourceProperties] is not eligible for getting processed by all BeanPostProcessors (for example: not eligible for auto-proxying)
2020-08-14 19:31:53 INFO  main org.springframework.context.support.PostProcessorRegistrationDelegate$BeanPostProcessorChecker Bean 'com.baomidou.dynamic.datasource.spring.boot.autoconfigure.DynamicDataSourceAutoConfiguration' of type [com.baomidou.dynamic.datasource.spring.boot.autoconfigure.DynamicDataSourceAutoConfiguration$$EnhancerBySpringCGLIB$$e2afa706] is not eligible for getting processed by all BeanPostProcessors (for example: not eligible for auto-proxying)
2020-08-14 19:31:53 INFO  main org.springframework.context.support.PostProcessorRegistrationDelegate$BeanPostProcessorChecker Bean 'dsProcessor' of type [com.baomidou.dynamic.datasource.processor.DsHeaderProcessor] is not eligible for getting processed by all BeanPostProcessors (for example: not eligible for auto-proxying)
2020-08-14 19:31:53 INFO  main org.springframework.context.support.PostProcessorRegistrationDelegate$BeanPostProcessorChecker Bean 'dynamicDatasourceAnnotationAdvisor' of type [com.baomidou.dynamic.datasource.aop.DynamicDataSourceAnnotationAdvisor] is not eligible for getting processed by all BeanPostProcessors (for example: not eligible for auto-proxying)
2020-08-14 19:31:53 INFO  main org.springframework.boot.web.embedded.tomcat.TomcatWebServer Tomcat initialized with port(s): 8888 (http)
2020-08-14 19:31:53 INFO  main org.apache.coyote.http11.Http11NioProtocol Initializing ProtocolHandler ["http-nio-8888"]
2020-08-14 19:31:53 INFO  main org.apache.catalina.core.StandardService Starting service [Tomcat]
2020-08-14 19:31:53 INFO  main org.apache.catalina.core.StandardEngine Starting Servlet engine: [Apache Tomcat/9.0.37]
2020-08-14 19:31:54 INFO  main org.apache.catalina.core.ContainerBase.[Tomcat].[localhost].[/] Initializing Spring embedded WebApplicationContext
2020-08-14 19:31:54 INFO  main org.springframework.boot.web.servlet.context.ServletWebServerApplicationContext Root WebApplicationContext: initialization completed in 2952 ms
2020-08-14 19:31:54 INFO  main com.baomidou.dynamic.datasource.DynamicRoutingDataSource 动态数据源-检测到并开启了p6spy
2020-08-14 19:31:54 INFO  main com.zaxxer.hikari.HikariDataSource base - Starting...
2020-08-14 19:31:54 INFO  main com.zaxxer.hikari.HikariDataSource base - Start completed.
2020-08-14 19:31:54 INFO  main com.baomidou.dynamic.datasource.DynamicRoutingDataSource 初始共加载 1 个数据源
2020-08-14 19:31:54 INFO  main com.baomidou.dynamic.datasource.DynamicRoutingDataSource 动态数据源-加载 base 成功
2020-08-14 19:31:54 INFO  main com.baomidou.dynamic.datasource.DynamicRoutingDataSource 当前的默认数据源是单数据源，数据源名为 base
2020-08-14 19:31:55 INFO  main springfox.documentation.spring.web.PropertySourcedRequestMappingHandlerMapping Mapped URL path [/v2/api-docs] onto method [springfox.documentation.swagger2.web.Swagger2Controller#getDocumentation(String, HttpServletRequest)]
2020-08-14 19:31:55 INFO  main org.springframework.scheduling.concurrent.ThreadPoolTaskExecutor Initializing ExecutorService 'applicationTaskExecutor'
2020-08-14 19:31:56 INFO  main org.apache.coyote.http11.Http11NioProtocol Starting ProtocolHandler ["http-nio-8888"]
2020-08-14 19:31:56 INFO  main org.springframework.boot.web.embedded.tomcat.TomcatWebServer Tomcat started on port(s): 8888 (http) with context path ''
2020-08-14 19:31:56 INFO  main springfox.documentation.spring.web.plugins.DocumentationPluginsBootstrapper Context refreshed
2020-08-14 19:31:56 INFO  main springfox.documentation.spring.web.plugins.DocumentationPluginsBootstrapper Found 1 custom documentation plugin(s)
2020-08-14 19:31:56 INFO  main springfox.documentation.spring.web.scanners.ApiListingReferenceScanner Scanning for api listing references
2020-08-14 19:31:56 INFO  main com.codeworld.fc.CodeworldVueSystemApplication Started CodeworldVueSystemApplication in 6.782 seconds (JVM running for 12.847)
2020-08-14 19:32:31 INFO  http-nio-8888-exec-1 org.apache.catalina.core.ContainerBase.[Tomcat].[localhost].[/] Initializing Spring DispatcherServlet 'dispatcherServlet'
2020-08-14 19:32:31 INFO  http-nio-8888-exec-1 org.springframework.web.servlet.DispatcherServlet Initializing Servlet 'dispatcherServlet'
2020-08-14 19:32:31 INFO  http-nio-8888-exec-1 org.springframework.web.servlet.DispatcherServlet Completed initialization in 15 ms
2020-08-14 19:32:32 INFO  http-nio-8888-exec-3 p6spy 2020-08-14 19:32:32 | 耗时 1 ms | SQL 语句：
select * from codeworld_user;
2020-08-14 19:32:37 INFO  http-nio-8888-exec-5 p6spy 2020-08-14 19:32:37 | 耗时 1 ms | SQL 语句：
insert into codeworld_user (t_user_id,t_user_name,t_user_email,t_user_phone,t_user_status,t_create_time,t_update_time) values ( 5810174, '', '', '', 0, '2020-08-14T19:32:37.492+0800', '2020-08-14T19:32:37.492+0800' );;
2020-08-14 19:32:37 INFO  http-nio-8888-exec-7 p6spy 2020-08-14 19:32:37 | 耗时 0 ms | SQL 语句：
select * from codeworld_user;
2020-08-14 19:39:06 INFO  http-nio-8888-exec-2 p6spy 2020-08-14 19:39:06 | 耗时 0 ms | SQL 语句：
select * from codeworld_user;
2020-08-14 19:39:11 INFO  http-nio-8888-exec-4 p6spy 2020-08-14 19:39:11 | 耗时 13 ms | SQL 语句：
insert into codeworld_user (t_user_id,t_user_name,t_user_email,t_user_phone,t_user_status,t_create_time,t_update_time) values ( 622216, '', '', '', 0, '2020-08-14T19:39:11.024+0800', '2020-08-14T19:39:11.024+0800' );;
2020-08-14 19:39:11 INFO  http-nio-8888-exec-5 p6spy 2020-08-14 19:39:11 | 耗时 0 ms | SQL 语句：
select * from codeworld_user;
2020-08-14 19:39:29 INFO  http-nio-8888-exec-9 p6spy 2020-08-14 19:39:29 | 耗时 0 ms | SQL 语句：
select * from codeworld_user;
