2020-08-12 18:30:19 INFO  main com.codeworld.fc.CodeworldVueSystemApplication Starting CodeworldVueSystemApplication on DESKTOP-P23KTQ5 with PID 3592 (C:\Users\Lenovo\Desktop\项目\JAVAEE实践\codeworld-vue-system\target\classes started by Lenovo in C:\Users\Lenovo\Desktop\项目\JAVAEE实践\codeworld-vue-system)
2020-08-12 18:30:19 INFO  main com.codeworld.fc.CodeworldVueSystemApplication The following profiles are active: test
2020-08-12 18:30:21 INFO  main org.springframework.boot.web.embedded.tomcat.TomcatWebServer Tomcat initialized with port(s): 8888 (http)
2020-08-12 18:30:21 INFO  main org.apache.coyote.http11.Http11NioProtocol Initializing ProtocolHandler ["http-nio-8888"]
2020-08-12 18:30:21 INFO  main org.apache.catalina.core.StandardService Starting service [Tomcat]
2020-08-12 18:30:21 INFO  main org.apache.catalina.core.StandardEngine Starting Servlet engine: [Apache Tomcat/9.0.37]
2020-08-12 18:30:21 INFO  main org.apache.catalina.core.ContainerBase.[Tomcat].[localhost].[/] Initializing Spring embedded WebApplicationContext
2020-08-12 18:30:21 INFO  main org.springframework.boot.web.servlet.context.ServletWebServerApplicationContext Root WebApplicationContext: initialization completed in 2047 ms
2020-08-12 18:30:21 INFO  main com.baomidou.dynamic.datasource.DynamicRoutingDataSource 动态数据源-检测到并开启了p6spy
2020-08-12 18:30:21 INFO  main com.zaxxer.hikari.HikariDataSource base - Starting...
2020-08-12 18:30:22 INFO  main com.zaxxer.hikari.HikariDataSource base - Start completed.
2020-08-12 18:30:22 INFO  main com.baomidou.dynamic.datasource.DynamicRoutingDataSource 初始共加载 1 个数据源
2020-08-12 18:30:22 INFO  main com.baomidou.dynamic.datasource.DynamicRoutingDataSource 动态数据源-加载 base 成功
2020-08-12 18:30:22 INFO  main com.baomidou.dynamic.datasource.DynamicRoutingDataSource 当前的默认数据源是单数据源，数据源名为 base
2020-08-12 18:30:22 INFO  main org.springframework.scheduling.concurrent.ThreadPoolTaskExecutor Initializing ExecutorService 'applicationTaskExecutor'
2020-08-12 18:30:23 INFO  main org.apache.coyote.http11.Http11NioProtocol Starting ProtocolHandler ["http-nio-8888"]
2020-08-12 18:30:23 INFO  main org.springframework.boot.web.embedded.tomcat.TomcatWebServer Tomcat started on port(s): 8888 (http) with context path ''
2020-08-12 18:30:23 INFO  main com.codeworld.fc.CodeworldVueSystemApplication Started CodeworldVueSystemApplication in 5.071 seconds (JVM running for 11.193)
2020-08-12 18:30:33 INFO  http-nio-8888-exec-2 org.apache.catalina.core.ContainerBase.[Tomcat].[localhost].[/] Initializing Spring DispatcherServlet 'dispatcherServlet'
2020-08-12 18:30:33 INFO  http-nio-8888-exec-2 org.springframework.web.servlet.DispatcherServlet Initializing Servlet 'dispatcherServlet'
2020-08-12 18:30:33 INFO  http-nio-8888-exec-2 org.springframework.web.servlet.DispatcherServlet Completed initialization in 30 ms
2020-08-12 18:30:33 INFO  http-nio-8888-exec-2 p6spy 2020-08-12 18:30:33 | 耗时 1 ms | SQL 语句：
select * from codeworld_user;;
2020-08-12 19:24:28 INFO  main com.codeworld.fc.CodeworldVueSystemApplication Starting CodeworldVueSystemApplication on DESKTOP-P23KTQ5 with PID 2032 (C:\Users\Lenovo\Desktop\项目\JAVAEE实践\codeworld-vue-system\target\classes started by Lenovo in C:\Users\Lenovo\Desktop\项目\JAVAEE实践\codeworld-vue-system)
2020-08-12 19:24:28 INFO  main com.codeworld.fc.CodeworldVueSystemApplication The following profiles are active: test
2020-08-12 19:24:30 INFO  main org.springframework.boot.web.embedded.tomcat.TomcatWebServer Tomcat initialized with port(s): 8888 (http)
2020-08-12 19:24:30 INFO  main org.apache.coyote.http11.Http11NioProtocol Initializing ProtocolHandler ["http-nio-8888"]
2020-08-12 19:24:30 INFO  main org.apache.catalina.core.StandardService Starting service [Tomcat]
2020-08-12 19:24:30 INFO  main org.apache.catalina.core.StandardEngine Starting Servlet engine: [Apache Tomcat/9.0.37]
2020-08-12 19:24:31 INFO  main org.apache.catalina.core.ContainerBase.[Tomcat].[localhost].[/] Initializing Spring embedded WebApplicationContext
2020-08-12 19:24:31 INFO  main org.springframework.boot.web.servlet.context.ServletWebServerApplicationContext Root WebApplicationContext: initialization completed in 2297 ms
2020-08-12 19:24:31 INFO  main com.baomidou.dynamic.datasource.DynamicRoutingDataSource 动态数据源-检测到并开启了p6spy
2020-08-12 19:24:31 INFO  main com.zaxxer.hikari.HikariDataSource base - Starting...
2020-08-12 19:24:31 INFO  main com.zaxxer.hikari.HikariDataSource base - Start completed.
2020-08-12 19:24:31 INFO  main com.baomidou.dynamic.datasource.DynamicRoutingDataSource 初始共加载 1 个数据源
2020-08-12 19:24:31 INFO  main com.baomidou.dynamic.datasource.DynamicRoutingDataSource 动态数据源-加载 base 成功
2020-08-12 19:24:31 INFO  main com.baomidou.dynamic.datasource.DynamicRoutingDataSource 当前的默认数据源是单数据源，数据源名为 base
2020-08-12 19:24:32 INFO  main org.springframework.scheduling.concurrent.ThreadPoolTaskExecutor Initializing ExecutorService 'applicationTaskExecutor'
2020-08-12 19:24:32 INFO  main org.apache.coyote.http11.Http11NioProtocol Starting ProtocolHandler ["http-nio-8888"]
2020-08-12 19:24:32 INFO  main org.springframework.boot.web.embedded.tomcat.TomcatWebServer Tomcat started on port(s): 8888 (http) with context path ''
2020-08-12 19:24:32 INFO  main com.codeworld.fc.CodeworldVueSystemApplication Started CodeworldVueSystemApplication in 5.025 seconds (JVM running for 10.924)
2020-08-12 19:24:43 INFO  http-nio-8888-exec-1 org.apache.catalina.core.ContainerBase.[Tomcat].[localhost].[/] Initializing Spring DispatcherServlet 'dispatcherServlet'
2020-08-12 19:24:43 INFO  http-nio-8888-exec-1 org.springframework.web.servlet.DispatcherServlet Initializing Servlet 'dispatcherServlet'
2020-08-12 19:24:43 INFO  http-nio-8888-exec-1 org.springframework.web.servlet.DispatcherServlet Completed initialization in 7 ms
2020-08-12 19:45:14 INFO  main com.codeworld.fc.CodeworldVueSystemApplication Starting CodeworldVueSystemApplication on DESKTOP-P23KTQ5 with PID 22188 (C:\Users\Lenovo\Desktop\项目\JAVAEE实践\codeworld-vue-system\target\classes started by Lenovo in C:\Users\Lenovo\Desktop\项目\JAVAEE实践\codeworld-vue-system)
2020-08-12 19:45:14 INFO  main com.codeworld.fc.CodeworldVueSystemApplication The following profiles are active: test
2020-08-12 19:45:16 INFO  main org.springframework.boot.web.embedded.tomcat.TomcatWebServer Tomcat initialized with port(s): 8888 (http)
2020-08-12 19:45:16 INFO  main org.apache.coyote.http11.Http11NioProtocol Initializing ProtocolHandler ["http-nio-8888"]
2020-08-12 19:45:16 INFO  main org.apache.catalina.core.StandardService Starting service [Tomcat]
2020-08-12 19:45:16 INFO  main org.apache.catalina.core.StandardEngine Starting Servlet engine: [Apache Tomcat/9.0.37]
2020-08-12 19:45:17 INFO  main org.apache.catalina.core.ContainerBase.[Tomcat].[localhost].[/] Initializing Spring embedded WebApplicationContext
2020-08-12 19:45:17 INFO  main org.springframework.boot.web.servlet.context.ServletWebServerApplicationContext Root WebApplicationContext: initialization completed in 2294 ms
2020-08-12 19:45:17 INFO  main com.baomidou.dynamic.datasource.DynamicRoutingDataSource 动态数据源-检测到并开启了p6spy
2020-08-12 19:45:17 INFO  main com.zaxxer.hikari.HikariDataSource base - Starting...
2020-08-12 19:45:17 INFO  main com.zaxxer.hikari.HikariDataSource base - Start completed.
2020-08-12 19:45:17 INFO  main com.baomidou.dynamic.datasource.DynamicRoutingDataSource 初始共加载 1 个数据源
2020-08-12 19:45:17 INFO  main com.baomidou.dynamic.datasource.DynamicRoutingDataSource 动态数据源-加载 base 成功
2020-08-12 19:45:17 INFO  main com.baomidou.dynamic.datasource.DynamicRoutingDataSource 当前的默认数据源是单数据源，数据源名为 base
2020-08-12 19:45:18 INFO  main org.springframework.scheduling.concurrent.ThreadPoolTaskExecutor Initializing ExecutorService 'applicationTaskExecutor'
2020-08-12 19:45:18 INFO  main org.apache.coyote.http11.Http11NioProtocol Starting ProtocolHandler ["http-nio-8888"]
2020-08-12 19:45:18 INFO  main org.springframework.boot.web.embedded.tomcat.TomcatWebServer Tomcat started on port(s): 8888 (http) with context path ''
2020-08-12 19:45:18 INFO  main com.codeworld.fc.CodeworldVueSystemApplication Started CodeworldVueSystemApplication in 5.091 seconds (JVM running for 10.905)
2020-08-12 19:45:33 INFO  http-nio-8888-exec-1 org.apache.catalina.core.ContainerBase.[Tomcat].[localhost].[/] Initializing Spring DispatcherServlet 'dispatcherServlet'
2020-08-12 19:45:33 INFO  http-nio-8888-exec-1 org.springframework.web.servlet.DispatcherServlet Initializing Servlet 'dispatcherServlet'
2020-08-12 19:45:33 INFO  http-nio-8888-exec-1 org.springframework.web.servlet.DispatcherServlet Completed initialization in 6 ms
2020-08-12 19:52:23 INFO  http-nio-8888-exec-8 p6spy 2020-08-12 19:52:23 | 耗时 3 ms | SQL 语句：
select * from codeworld_user;
2020-08-12 19:52:30 INFO  http-nio-8888-exec-1 p6spy 2020-08-12 19:52:30 | 耗时 0 ms | SQL 语句：
select * from codeworld_user;
2020-08-12 19:53:08 INFO  http-nio-8888-exec-5 p6spy 2020-08-12 19:53:08 | 耗时 0 ms | SQL 语句：
select * from codeworld_user;
2020-08-12 19:53:44 INFO  http-nio-8888-exec-9 p6spy 2020-08-12 19:53:44 | 耗时 0 ms | SQL 语句：
select * from codeworld_user;
2020-08-12 19:54:33 INFO  http-nio-8888-exec-3 p6spy 2020-08-12 19:54:33 | 耗时 0 ms | SQL 语句：
select * from codeworld_user;
2020-08-12 19:54:57 INFO  http-nio-8888-exec-8 p6spy 2020-08-12 19:54:57 | 耗时 0 ms | SQL 语句：
select * from codeworld_user;
2020-08-12 19:55:03 INFO  http-nio-8888-exec-9 p6spy 2020-08-12 19:55:03 | 耗时 0 ms | SQL 语句：
select * from codeworld_user;
2020-08-12 19:55:14 INFO  http-nio-8888-exec-3 p6spy 2020-08-12 19:55:14 | 耗时 0 ms | SQL 语句：
select * from codeworld_user;
2020-08-12 19:56:03 INFO  http-nio-8888-exec-8 p6spy 2020-08-12 19:56:03 | 耗时 0 ms | SQL 语句：
select * from codeworld_user;
2020-08-12 19:56:38 INFO  http-nio-8888-exec-1 p6spy 2020-08-12 19:56:38 | 耗时 0 ms | SQL 语句：
select * from codeworld_user;
2020-08-12 19:56:56 INFO  http-nio-8888-exec-5 p6spy 2020-08-12 19:56:56 | 耗时 0 ms | SQL 语句：
select * from codeworld_user;
2020-08-12 20:05:57 INFO  http-nio-8888-exec-7 p6spy 2020-08-12 20:05:57 | 耗时 0 ms | SQL 语句：
select * from codeworld_user;
2020-08-12 20:06:46 INFO  http-nio-8888-exec-10 p6spy 2020-08-12 20:06:46 | 耗时 0 ms | SQL 语句：
select * from codeworld_user;
2020-08-12 21:14:28 INFO  http-nio-8888-exec-3 p6spy 2020-08-12 21:14:28 | 耗时 0 ms | SQL 语句：
select * from codeworld_user;
2020-08-12 21:16:12 INFO  http-nio-8888-exec-7 p6spy 2020-08-12 21:16:12 | 耗时 0 ms | SQL 语句：
select * from codeworld_user;
2020-08-12 22:02:02 INFO  http-nio-8888-exec-1 p6spy 2020-08-12 22:02:02 | 耗时 0 ms | SQL 语句：
select * from codeworld_user;
2020-08-12 22:12:34 INFO  http-nio-8888-exec-6 p6spy 2020-08-12 22:12:34 | 耗时 0 ms | SQL 语句：
select * from codeworld_user;
2020-08-12 22:14:54 INFO  http-nio-8888-exec-1 p6spy 2020-08-12 22:14:54 | 耗时 0 ms | SQL 语句：
select * from codeworld_user;
2020-08-12 22:23:37 INFO  http-nio-8888-exec-6 p6spy 2020-08-12 22:23:37 | 耗时 0 ms | SQL 语句：
select * from codeworld_user;
2020-08-12 22:23:40 INFO  http-nio-8888-exec-8 p6spy 2020-08-12 22:23:40 | 耗时 0 ms | SQL 语句：
select * from codeworld_user;
2020-08-12 22:28:19 INFO  http-nio-8888-exec-2 p6spy 2020-08-12 22:28:19 | 耗时 0 ms | SQL 语句：
select * from codeworld_user;
2020-08-12 22:32:18 INFO  http-nio-8888-exec-8 p6spy 2020-08-12 22:32:18 | 耗时 0 ms | SQL 语句：
select * from codeworld_user;
2020-08-12 22:32:35 INFO  http-nio-8888-exec-1 p6spy 2020-08-12 22:32:35 | 耗时 0 ms | SQL 语句：
select * from codeworld_user;
2020-08-12 22:34:18 INFO  http-nio-8888-exec-4 p6spy 2020-08-12 22:34:18 | 耗时 0 ms | SQL 语句：
select * from codeworld_user;
2020-08-12 22:34:22 INFO  http-nio-8888-exec-8 p6spy 2020-08-12 22:34:22 | 耗时 0 ms | SQL 语句：
select * from codeworld_user;
2020-08-12 22:34:36 INFO  http-nio-8888-exec-9 p6spy 2020-08-12 22:34:36 | 耗时 0 ms | SQL 语句：
select * from codeworld_user;
2020-08-12 22:38:19 INFO  http-nio-8888-exec-4 p6spy 2020-08-12 22:38:19 | 耗时 0 ms | SQL 语句：
select * from codeworld_user;
2020-08-12 22:38:22 INFO  http-nio-8888-exec-5 p6spy 2020-08-12 22:38:22 | 耗时 0 ms | SQL 语句：
select * from codeworld_user;
2020-08-12 22:38:54 INFO  http-nio-8888-exec-9 p6spy 2020-08-12 22:38:54 | 耗时 0 ms | SQL 语句：
select * from codeworld_user;
2020-08-12 22:39:02 INFO  http-nio-8888-exec-1 p6spy 2020-08-12 22:39:02 | 耗时 0 ms | SQL 语句：
select * from codeworld_user;
2020-08-12 22:40:15 INFO  http-nio-8888-exec-6 p6spy 2020-08-12 22:40:15 | 耗时 0 ms | SQL 语句：
select * from codeworld_user;
2020-08-12 22:40:41 INFO  http-nio-8888-exec-10 p6spy 2020-08-12 22:40:41 | 耗时 0 ms | SQL 语句：
select * from codeworld_user;
2020-08-12 22:40:46 INFO  http-nio-8888-exec-2 p6spy 2020-08-12 22:40:46 | 耗时 0 ms | SQL 语句：
select * from codeworld_user;
2020-08-12 22:41:03 INFO  http-nio-8888-exec-6 p6spy 2020-08-12 22:41:03 | 耗时 0 ms | SQL 语句：
select * from codeworld_user;
2020-08-12 22:43:14 INFO  http-nio-8888-exec-1 p6spy 2020-08-12 22:43:14 | 耗时 0 ms | SQL 语句：
select * from codeworld_user;
2020-08-12 22:43:39 INFO  http-nio-8888-exec-5 p6spy 2020-08-12 22:43:39 | 耗时 0 ms | SQL 语句：
select * from codeworld_user;
2020-08-12 22:44:12 INFO  http-nio-8888-exec-8 p6spy 2020-08-12 22:44:12 | 耗时 0 ms | SQL 语句：
select * from codeworld_user;
2020-08-12 22:52:27 INFO  main com.codeworld.fc.CodeworldVueSystemApplication Starting CodeworldVueSystemApplication on DESKTOP-P23KTQ5 with PID 25972 (C:\Users\Lenovo\Desktop\项目\JAVAEE实践\codeworld-vue-system\target\classes started by Lenovo in C:\Users\Lenovo\Desktop\项目\JAVAEE实践\codeworld-vue-system)
2020-08-12 22:52:27 INFO  main com.codeworld.fc.CodeworldVueSystemApplication The following profiles are active: test
2020-08-12 22:52:30 INFO  main org.springframework.context.support.PostProcessorRegistrationDelegate$BeanPostProcessorChecker Bean 'spring.datasource.dynamic-com.baomidou.dynamic.datasource.spring.boot.autoconfigure.DynamicDataSourceProperties' of type [com.baomidou.dynamic.datasource.spring.boot.autoconfigure.DynamicDataSourceProperties] is not eligible for getting processed by all BeanPostProcessors (for example: not eligible for auto-proxying)
2020-08-12 22:52:30 INFO  main org.springframework.context.support.PostProcessorRegistrationDelegate$BeanPostProcessorChecker Bean 'com.baomidou.dynamic.datasource.spring.boot.autoconfigure.DynamicDataSourceAutoConfiguration' of type [com.baomidou.dynamic.datasource.spring.boot.autoconfigure.DynamicDataSourceAutoConfiguration$$EnhancerBySpringCGLIB$$658a8a67] is not eligible for getting processed by all BeanPostProcessors (for example: not eligible for auto-proxying)
2020-08-12 22:52:30 INFO  main org.springframework.context.support.PostProcessorRegistrationDelegate$BeanPostProcessorChecker Bean 'dsProcessor' of type [com.baomidou.dynamic.datasource.processor.DsHeaderProcessor] is not eligible for getting processed by all BeanPostProcessors (for example: not eligible for auto-proxying)
2020-08-12 22:52:30 INFO  main org.springframework.context.support.PostProcessorRegistrationDelegate$BeanPostProcessorChecker Bean 'dynamicDatasourceAnnotationAdvisor' of type [com.baomidou.dynamic.datasource.aop.DynamicDataSourceAnnotationAdvisor] is not eligible for getting processed by all BeanPostProcessors (for example: not eligible for auto-proxying)
2020-08-12 22:52:30 INFO  main org.springframework.boot.web.embedded.tomcat.TomcatWebServer Tomcat initialized with port(s): 8888 (http)
2020-08-12 22:52:30 INFO  main org.apache.coyote.http11.Http11NioProtocol Initializing ProtocolHandler ["http-nio-8888"]
2020-08-12 22:52:30 INFO  main org.apache.catalina.core.StandardService Starting service [Tomcat]
2020-08-12 22:52:30 INFO  main org.apache.catalina.core.StandardEngine Starting Servlet engine: [Apache Tomcat/9.0.37]
2020-08-12 22:52:31 INFO  main org.apache.catalina.core.ContainerBase.[Tomcat].[localhost].[/] Initializing Spring embedded WebApplicationContext
2020-08-12 22:52:31 INFO  main org.springframework.boot.web.servlet.context.ServletWebServerApplicationContext Root WebApplicationContext: initialization completed in 3589 ms
2020-08-12 22:52:31 INFO  main com.baomidou.dynamic.datasource.DynamicRoutingDataSource 动态数据源-检测到并开启了p6spy
2020-08-12 22:52:31 INFO  main com.zaxxer.hikari.HikariDataSource base - Starting...
2020-08-12 22:52:31 INFO  main com.zaxxer.hikari.HikariDataSource base - Start completed.
2020-08-12 22:52:31 INFO  main com.baomidou.dynamic.datasource.DynamicRoutingDataSource 初始共加载 1 个数据源
2020-08-12 22:52:31 INFO  main com.baomidou.dynamic.datasource.DynamicRoutingDataSource 动态数据源-加载 base 成功
2020-08-12 22:52:31 INFO  main com.baomidou.dynamic.datasource.DynamicRoutingDataSource 当前的默认数据源是单数据源，数据源名为 base
2020-08-12 22:52:32 INFO  main springfox.documentation.spring.web.PropertySourcedRequestMappingHandlerMapping Mapped URL path [/v2/api-docs] onto method [springfox.documentation.swagger2.web.Swagger2Controller#getDocumentation(String, HttpServletRequest)]
2020-08-12 22:52:33 INFO  main org.springframework.scheduling.concurrent.ThreadPoolTaskExecutor Initializing ExecutorService 'applicationTaskExecutor'
2020-08-12 22:52:33 INFO  main org.apache.coyote.http11.Http11NioProtocol Starting ProtocolHandler ["http-nio-8888"]
2020-08-12 22:52:33 INFO  main org.springframework.boot.web.embedded.tomcat.TomcatWebServer Tomcat started on port(s): 8888 (http) with context path ''
2020-08-12 22:52:33 INFO  main springfox.documentation.spring.web.plugins.DocumentationPluginsBootstrapper Context refreshed
2020-08-12 22:52:33 INFO  main springfox.documentation.spring.web.plugins.DocumentationPluginsBootstrapper Found 1 custom documentation plugin(s)
2020-08-12 22:52:33 INFO  main springfox.documentation.spring.web.scanners.ApiListingReferenceScanner Scanning for api listing references
2020-08-12 22:52:33 INFO  main com.codeworld.fc.CodeworldVueSystemApplication Started CodeworldVueSystemApplication in 7.7 seconds (JVM running for 14.458)
2020-08-12 22:56:10 INFO  http-nio-8888-exec-1 org.apache.tomcat.util.http.parser.Cookie A cookie header was received [1579774133; __utmz=111872281.1582861814.1.1.utmcsr=(direct)|utmccn=(direct)|utmcmd=(none); __utma=111872281.831053985.1582861814.1582875770.1584267755.5; Idea-aafc89f7=a7b3efd7-3315-46db-8387-b3eb7ff7bbf7; Hm_lvt_d97abf6d61c21d773f97835defbdef4e=1594809530; Webstorm-5dc33a3f=3e27dac4-926d-43b5-b044-1c33978c0955; sidebarStatus=1; Admin-Token=111111; language=zh] that contained an invalid cookie. That cookie will be ignored.
 Note: further occurrences of this error will be logged at DEBUG level.
2020-08-12 22:56:10 INFO  http-nio-8888-exec-1 org.apache.catalina.core.ContainerBase.[Tomcat].[localhost].[/] Initializing Spring DispatcherServlet 'dispatcherServlet'
2020-08-12 22:56:10 INFO  http-nio-8888-exec-1 org.springframework.web.servlet.DispatcherServlet Initializing Servlet 'dispatcherServlet'
2020-08-12 22:56:10 INFO  http-nio-8888-exec-1 org.springframework.web.servlet.DispatcherServlet Completed initialization in 7 ms
2020-08-12 22:57:33 INFO  main com.codeworld.fc.CodeworldVueSystemApplication Starting CodeworldVueSystemApplication on DESKTOP-P23KTQ5 with PID 18676 (C:\Users\Lenovo\Desktop\项目\JAVAEE实践\codeworld-vue-system\target\classes started by Lenovo in C:\Users\Lenovo\Desktop\项目\JAVAEE实践\codeworld-vue-system)
2020-08-12 22:57:33 INFO  main com.codeworld.fc.CodeworldVueSystemApplication The following profiles are active: test
2020-08-12 22:57:36 INFO  main org.springframework.context.support.PostProcessorRegistrationDelegate$BeanPostProcessorChecker Bean 'spring.datasource.dynamic-com.baomidou.dynamic.datasource.spring.boot.autoconfigure.DynamicDataSourceProperties' of type [com.baomidou.dynamic.datasource.spring.boot.autoconfigure.DynamicDataSourceProperties] is not eligible for getting processed by all BeanPostProcessors (for example: not eligible for auto-proxying)
2020-08-12 22:57:36 INFO  main org.springframework.context.support.PostProcessorRegistrationDelegate$BeanPostProcessorChecker Bean 'com.baomidou.dynamic.datasource.spring.boot.autoconfigure.DynamicDataSourceAutoConfiguration' of type [com.baomidou.dynamic.datasource.spring.boot.autoconfigure.DynamicDataSourceAutoConfiguration$$EnhancerBySpringCGLIB$$38e1cca4] is not eligible for getting processed by all BeanPostProcessors (for example: not eligible for auto-proxying)
2020-08-12 22:57:36 INFO  main org.springframework.context.support.PostProcessorRegistrationDelegate$BeanPostProcessorChecker Bean 'dsProcessor' of type [com.baomidou.dynamic.datasource.processor.DsHeaderProcessor] is not eligible for getting processed by all BeanPostProcessors (for example: not eligible for auto-proxying)
2020-08-12 22:57:36 INFO  main org.springframework.context.support.PostProcessorRegistrationDelegate$BeanPostProcessorChecker Bean 'dynamicDatasourceAnnotationAdvisor' of type [com.baomidou.dynamic.datasource.aop.DynamicDataSourceAnnotationAdvisor] is not eligible for getting processed by all BeanPostProcessors (for example: not eligible for auto-proxying)
2020-08-12 22:57:37 INFO  main org.springframework.boot.web.embedded.tomcat.TomcatWebServer Tomcat initialized with port(s): 8888 (http)
2020-08-12 22:57:37 INFO  main org.apache.coyote.http11.Http11NioProtocol Initializing ProtocolHandler ["http-nio-8888"]
2020-08-12 22:57:37 INFO  main org.apache.catalina.core.StandardService Starting service [Tomcat]
2020-08-12 22:57:37 INFO  main org.apache.catalina.core.StandardEngine Starting Servlet engine: [Apache Tomcat/9.0.37]
2020-08-12 22:57:37 INFO  main org.apache.catalina.core.ContainerBase.[Tomcat].[localhost].[/] Initializing Spring embedded WebApplicationContext
2020-08-12 22:57:37 INFO  main org.springframework.boot.web.servlet.context.ServletWebServerApplicationContext Root WebApplicationContext: initialization completed in 4055 ms
2020-08-12 22:57:38 INFO  main com.baomidou.dynamic.datasource.DynamicRoutingDataSource 动态数据源-检测到并开启了p6spy
2020-08-12 22:57:38 INFO  main com.zaxxer.hikari.HikariDataSource base - Starting...
2020-08-12 22:57:38 INFO  main com.zaxxer.hikari.HikariDataSource base - Start completed.
2020-08-12 22:57:38 INFO  main com.baomidou.dynamic.datasource.DynamicRoutingDataSource 初始共加载 1 个数据源
2020-08-12 22:57:38 INFO  main com.baomidou.dynamic.datasource.DynamicRoutingDataSource 动态数据源-加载 base 成功
2020-08-12 22:57:38 INFO  main com.baomidou.dynamic.datasource.DynamicRoutingDataSource 当前的默认数据源是单数据源，数据源名为 base
2020-08-12 22:57:39 INFO  main springfox.documentation.spring.web.PropertySourcedRequestMappingHandlerMapping Mapped URL path [/v2/api-docs] onto method [springfox.documentation.swagger2.web.Swagger2Controller#getDocumentation(String, HttpServletRequest)]
2020-08-12 22:57:39 INFO  main org.springframework.scheduling.concurrent.ThreadPoolTaskExecutor Initializing ExecutorService 'applicationTaskExecutor'
2020-08-12 22:57:40 INFO  main org.apache.coyote.http11.Http11NioProtocol Starting ProtocolHandler ["http-nio-8888"]
2020-08-12 22:57:40 INFO  main org.springframework.boot.web.embedded.tomcat.TomcatWebServer Tomcat started on port(s): 8888 (http) with context path ''
2020-08-12 22:57:40 INFO  main springfox.documentation.spring.web.plugins.DocumentationPluginsBootstrapper Context refreshed
2020-08-12 22:57:40 INFO  main springfox.documentation.spring.web.plugins.DocumentationPluginsBootstrapper Found 1 custom documentation plugin(s)
2020-08-12 22:57:40 INFO  main springfox.documentation.spring.web.scanners.ApiListingReferenceScanner Scanning for api listing references
2020-08-12 22:57:40 INFO  main com.codeworld.fc.CodeworldVueSystemApplication Started CodeworldVueSystemApplication in 8.669 seconds (JVM running for 15.626)
2020-08-12 22:58:04 INFO  http-nio-8888-exec-1 org.apache.tomcat.util.http.parser.Cookie A cookie header was received [1579774133; __utmz=111872281.1582861814.1.1.utmcsr=(direct)|utmccn=(direct)|utmcmd=(none); __utma=111872281.831053985.1582861814.1582875770.1584267755.5; Idea-aafc89f7=a7b3efd7-3315-46db-8387-b3eb7ff7bbf7; Hm_lvt_d97abf6d61c21d773f97835defbdef4e=1594809530; Webstorm-5dc33a3f=3e27dac4-926d-43b5-b044-1c33978c0955; sidebarStatus=1; Admin-Token=111111; language=zh] that contained an invalid cookie. That cookie will be ignored.
 Note: further occurrences of this error will be logged at DEBUG level.
2020-08-12 22:58:04 INFO  http-nio-8888-exec-1 org.apache.catalina.core.ContainerBase.[Tomcat].[localhost].[/] Initializing Spring DispatcherServlet 'dispatcherServlet'
2020-08-12 22:58:04 INFO  http-nio-8888-exec-1 org.springframework.web.servlet.DispatcherServlet Initializing Servlet 'dispatcherServlet'
2020-08-12 22:58:04 INFO  http-nio-8888-exec-1 org.springframework.web.servlet.DispatcherServlet Completed initialization in 7 ms
2020-08-12 22:58:45 INFO  main com.codeworld.fc.CodeworldVueSystemApplication Starting CodeworldVueSystemApplication on DESKTOP-P23KTQ5 with PID 27180 (C:\Users\Lenovo\Desktop\项目\JAVAEE实践\codeworld-vue-system\target\classes started by Lenovo in C:\Users\Lenovo\Desktop\项目\JAVAEE实践\codeworld-vue-system)
2020-08-12 22:58:45 INFO  main com.codeworld.fc.CodeworldVueSystemApplication The following profiles are active: test
2020-08-12 22:58:47 INFO  main org.springframework.context.support.PostProcessorRegistrationDelegate$BeanPostProcessorChecker Bean 'spring.datasource.dynamic-com.baomidou.dynamic.datasource.spring.boot.autoconfigure.DynamicDataSourceProperties' of type [com.baomidou.dynamic.datasource.spring.boot.autoconfigure.DynamicDataSourceProperties] is not eligible for getting processed by all BeanPostProcessors (for example: not eligible for auto-proxying)
2020-08-12 22:58:47 INFO  main org.springframework.context.support.PostProcessorRegistrationDelegate$BeanPostProcessorChecker Bean 'com.baomidou.dynamic.datasource.spring.boot.autoconfigure.DynamicDataSourceAutoConfiguration' of type [com.baomidou.dynamic.datasource.spring.boot.autoconfigure.DynamicDataSourceAutoConfiguration$$EnhancerBySpringCGLIB$$262bec25] is not eligible for getting processed by all BeanPostProcessors (for example: not eligible for auto-proxying)
2020-08-12 22:58:47 INFO  main org.springframework.context.support.PostProcessorRegistrationDelegate$BeanPostProcessorChecker Bean 'dsProcessor' of type [com.baomidou.dynamic.datasource.processor.DsHeaderProcessor] is not eligible for getting processed by all BeanPostProcessors (for example: not eligible for auto-proxying)
2020-08-12 22:58:47 INFO  main org.springframework.context.support.PostProcessorRegistrationDelegate$BeanPostProcessorChecker Bean 'dynamicDatasourceAnnotationAdvisor' of type [com.baomidou.dynamic.datasource.aop.DynamicDataSourceAnnotationAdvisor] is not eligible for getting processed by all BeanPostProcessors (for example: not eligible for auto-proxying)
2020-08-12 22:58:47 INFO  main org.springframework.boot.web.embedded.tomcat.TomcatWebServer Tomcat initialized with port(s): 8888 (http)
2020-08-12 22:58:47 INFO  main org.apache.coyote.http11.Http11NioProtocol Initializing ProtocolHandler ["http-nio-8888"]
2020-08-12 22:58:47 INFO  main org.apache.catalina.core.StandardService Starting service [Tomcat]
2020-08-12 22:58:47 INFO  main org.apache.catalina.core.StandardEngine Starting Servlet engine: [Apache Tomcat/9.0.37]
2020-08-12 22:58:47 INFO  main org.apache.catalina.core.ContainerBase.[Tomcat].[localhost].[/] Initializing Spring embedded WebApplicationContext
2020-08-12 22:58:47 INFO  main org.springframework.boot.web.servlet.context.ServletWebServerApplicationContext Root WebApplicationContext: initialization completed in 2601 ms
2020-08-12 22:58:48 INFO  main com.baomidou.dynamic.datasource.DynamicRoutingDataSource 动态数据源-检测到并开启了p6spy
2020-08-12 22:58:48 INFO  main com.zaxxer.hikari.HikariDataSource base - Starting...
2020-08-12 22:58:48 INFO  main com.zaxxer.hikari.HikariDataSource base - Start completed.
2020-08-12 22:58:48 INFO  main com.baomidou.dynamic.datasource.DynamicRoutingDataSource 初始共加载 1 个数据源
2020-08-12 22:58:48 INFO  main com.baomidou.dynamic.datasource.DynamicRoutingDataSource 动态数据源-加载 base 成功
2020-08-12 22:58:48 INFO  main com.baomidou.dynamic.datasource.DynamicRoutingDataSource 当前的默认数据源是单数据源，数据源名为 base
2020-08-12 22:58:49 INFO  main springfox.documentation.spring.web.PropertySourcedRequestMappingHandlerMapping Mapped URL path [/v2/api-docs] onto method [springfox.documentation.swagger2.web.Swagger2Controller#getDocumentation(String, HttpServletRequest)]
2020-08-12 22:58:49 INFO  main org.springframework.scheduling.concurrent.ThreadPoolTaskExecutor Initializing ExecutorService 'applicationTaskExecutor'
2020-08-12 22:58:49 INFO  main org.apache.coyote.http11.Http11NioProtocol Starting ProtocolHandler ["http-nio-8888"]
2020-08-12 22:58:49 INFO  main org.springframework.boot.web.embedded.tomcat.TomcatWebServer Tomcat started on port(s): 8888 (http) with context path ''
2020-08-12 22:58:49 INFO  main springfox.documentation.spring.web.plugins.DocumentationPluginsBootstrapper Context refreshed
2020-08-12 22:58:49 INFO  main springfox.documentation.spring.web.plugins.DocumentationPluginsBootstrapper Found 1 custom documentation plugin(s)
2020-08-12 22:58:49 INFO  main springfox.documentation.spring.web.scanners.ApiListingReferenceScanner Scanning for api listing references
2020-08-12 22:58:50 INFO  main com.codeworld.fc.CodeworldVueSystemApplication Started CodeworldVueSystemApplication in 6.084 seconds (JVM running for 11.758)
2020-08-12 22:58:53 INFO  http-nio-8888-exec-1 org.apache.tomcat.util.http.parser.Cookie A cookie header was received [1579774133; __utmz=111872281.1582861814.1.1.utmcsr=(direct)|utmccn=(direct)|utmcmd=(none); __utma=111872281.831053985.1582861814.1582875770.1584267755.5; Idea-aafc89f7=a7b3efd7-3315-46db-8387-b3eb7ff7bbf7; Hm_lvt_d97abf6d61c21d773f97835defbdef4e=1594809530; Webstorm-5dc33a3f=3e27dac4-926d-43b5-b044-1c33978c0955; sidebarStatus=1; Admin-Token=111111; language=zh] that contained an invalid cookie. That cookie will be ignored.
 Note: further occurrences of this error will be logged at DEBUG level.
2020-08-12 22:58:53 INFO  http-nio-8888-exec-1 org.apache.catalina.core.ContainerBase.[Tomcat].[localhost].[/] Initializing Spring DispatcherServlet 'dispatcherServlet'
2020-08-12 22:58:53 INFO  http-nio-8888-exec-1 org.springframework.web.servlet.DispatcherServlet Initializing Servlet 'dispatcherServlet'
2020-08-12 22:58:53 INFO  http-nio-8888-exec-1 org.springframework.web.servlet.DispatcherServlet Completed initialization in 9 ms
2020-08-12 22:59:36 INFO  http-nio-8888-exec-8 p6spy 2020-08-12 22:59:36 | 耗时 1 ms | SQL 语句：
select * from codeworld_user;
