2020-09-17 16:19:55 INFO  main com.codeworld.fc.CodeworldVueSystemApplication Starting CodeworldVueSystemApplication on DESKTOP-P23KTQ5 with PID 12436 (C:\Users\Lenovo\Desktop\项目\JAVAEE实践\codeworld-vue-system\target\classes started by Lenovo in C:\Users\Lenovo\Desktop\项目\JAVAEE实践\codeworld-vue-system)
2020-09-17 16:19:55 INFO  main com.codeworld.fc.CodeworldVueSystemApplication The following profiles are active: test
2020-09-17 16:19:58 INFO  main org.springframework.context.support.PostProcessorRegistrationDelegate$BeanPostProcessorChecker Bean 'spring.datasource.dynamic-com.baomidou.dynamic.datasource.spring.boot.autoconfigure.DynamicDataSourceProperties' of type [com.baomidou.dynamic.datasource.spring.boot.autoconfigure.DynamicDataSourceProperties] is not eligible for getting processed by all BeanPostProcessors (for example: not eligible for auto-proxying)
2020-09-17 16:19:58 INFO  main org.springframework.context.support.PostProcessorRegistrationDelegate$BeanPostProcessorChecker Bean 'com.baomidou.dynamic.datasource.spring.boot.autoconfigure.DynamicDataSourceAutoConfiguration' of type [com.baomidou.dynamic.datasource.spring.boot.autoconfigure.DynamicDataSourceAutoConfiguration$$EnhancerBySpringCGLIB$$5d6adadd] is not eligible for getting processed by all BeanPostProcessors (for example: not eligible for auto-proxying)
2020-09-17 16:19:58 INFO  main org.springframework.context.support.PostProcessorRegistrationDelegate$BeanPostProcessorChecker Bean 'dsProcessor' of type [com.baomidou.dynamic.datasource.processor.DsHeaderProcessor] is not eligible for getting processed by all BeanPostProcessors (for example: not eligible for auto-proxying)
2020-09-17 16:19:58 INFO  main org.springframework.context.support.PostProcessorRegistrationDelegate$BeanPostProcessorChecker Bean 'dynamicDatasourceAnnotationAdvisor' of type [com.baomidou.dynamic.datasource.aop.DynamicDataSourceAnnotationAdvisor] is not eligible for getting processed by all BeanPostProcessors (for example: not eligible for auto-proxying)
2020-09-17 16:20:00 INFO  main org.springframework.boot.web.embedded.tomcat.TomcatWebServer Tomcat initialized with port(s): 8888 (http)
2020-09-17 16:20:00 INFO  main org.apache.coyote.http11.Http11NioProtocol Initializing ProtocolHandler ["http-nio-8888"]
2020-09-17 16:20:00 INFO  main org.apache.catalina.core.StandardService Starting service [Tomcat]
2020-09-17 16:20:00 INFO  main org.apache.catalina.core.StandardEngine Starting Servlet engine: [Apache Tomcat/9.0.37]
2020-09-17 16:20:02 INFO  main org.apache.catalina.core.ContainerBase.[Tomcat].[localhost].[/] Initializing Spring embedded WebApplicationContext
2020-09-17 16:20:02 INFO  main org.springframework.boot.web.servlet.context.ServletWebServerApplicationContext Root WebApplicationContext: initialization completed in 6622 ms
2020-09-17 16:20:02 INFO  main com.baomidou.dynamic.datasource.DynamicRoutingDataSource 动态数据源-检测到并开启了p6spy
2020-09-17 16:20:02 INFO  main com.zaxxer.hikari.HikariDataSource base - Starting...
2020-09-17 16:20:03 INFO  main com.zaxxer.hikari.HikariDataSource base - Start completed.
2020-09-17 16:20:03 INFO  main com.baomidou.dynamic.datasource.DynamicRoutingDataSource 初始共加载 1 个数据源
2020-09-17 16:20:03 INFO  main com.baomidou.dynamic.datasource.DynamicRoutingDataSource 动态数据源-加载 base 成功
2020-09-17 16:20:03 INFO  main com.baomidou.dynamic.datasource.DynamicRoutingDataSource 当前的默认数据源是单数据源，数据源名为 base
2020-09-17 16:20:07 INFO  main springfox.documentation.spring.web.PropertySourcedRequestMappingHandlerMapping Mapped URL path [/v2/api-docs] onto method [springfox.documentation.swagger2.web.Swagger2Controller#getDocumentation(String, HttpServletRequest)]
2020-09-17 16:20:08 INFO  main org.springframework.scheduling.concurrent.ThreadPoolTaskExecutor Initializing ExecutorService 'applicationTaskExecutor'
2020-09-17 16:20:09 INFO  main org.apache.coyote.http11.Http11NioProtocol Starting ProtocolHandler ["http-nio-8888"]
2020-09-17 16:20:09 INFO  main org.springframework.boot.web.embedded.tomcat.TomcatWebServer Tomcat started on port(s): 8888 (http) with context path ''
2020-09-17 16:20:09 INFO  main springfox.documentation.spring.web.plugins.DocumentationPluginsBootstrapper Context refreshed
2020-09-17 16:20:09 INFO  main springfox.documentation.spring.web.plugins.DocumentationPluginsBootstrapper Found 1 custom documentation plugin(s)
2020-09-17 16:20:10 INFO  main springfox.documentation.spring.web.scanners.ApiListingReferenceScanner Scanning for api listing references
2020-09-17 16:20:10 INFO  main com.codeworld.fc.CodeworldVueSystemApplication Started CodeworldVueSystemApplication in 17.398 seconds (JVM running for 28.662)
2020-09-17 16:20:23 INFO  http-nio-8888-exec-1 org.apache.catalina.core.ContainerBase.[Tomcat].[localhost].[/] Initializing Spring DispatcherServlet 'dispatcherServlet'
2020-09-17 16:20:23 INFO  http-nio-8888-exec-1 org.springframework.web.servlet.DispatcherServlet Initializing Servlet 'dispatcherServlet'
2020-09-17 16:20:23 INFO  http-nio-8888-exec-1 org.springframework.web.servlet.DispatcherServlet Completed initialization in 19 ms
2020-09-17 16:20:23 INFO  http-nio-8888-exec-10 org.apache.tomcat.util.http.parser.Cookie A cookie header was received [1579774133; __utma=111872281.831053985.1582861814.1582875770.1584267755.5; Idea-aafc89f7=a7b3efd7-3315-46db-8387-b3eb7ff7bbf7; Hm_lvt_d97abf6d61c21d773f97835defbdef4e=1594809530; Webstorm-5dc33a3f=3e27dac4-926d-43b5-b044-1c33978c0955] that contained an invalid cookie. That cookie will be ignored.
 Note: further occurrences of this error will be logged at DEBUG level.
2020-09-17 16:20:23 INFO  http-nio-8888-exec-10 p6spy 2020-09-17 16:20:23 | 耗时 1 ms | SQL 语句：
select u.t_user_name from codeworld_user u where t_user_name = 'admin';
2020-09-17 16:20:28 INFO  http-nio-8888-exec-7 p6spy 2020-09-17 16:20:28 | 耗时 0 ms | SQL 语句：
select u.t_user_name from codeworld_user u where t_user_name = '1111';
2020-09-17 16:20:28 INFO  http-nio-8888-exec-3 p6spy 2020-09-17 16:20:28 | 耗时 0 ms | SQL 语句：
select u.t_user_name from codeworld_user u where t_user_name = '1111';
2020-09-17 16:20:28 INFO  http-nio-8888-exec-3 p6spy 2020-09-17 16:20:28 | 耗时 1 ms | SQL 语句：
select cr.t_role_id, cr.t_role_name, cr.t_role_code, cr.t_role_remarks, cr.t_create_time, cr.t_update_time from codeworld_role AS cr left join codeworld_user_role AS cur on cur.t_role_id = cr.t_role_id where cur.t_user_id = NULL;
2020-09-17 16:26:41 INFO  http-nio-8888-exec-5 p6spy 2020-09-17 16:26:41 | 耗时 0 ms | SQL 语句：
select u.t_user_id,u.t_user_name from codeworld_user u where t_user_name = '1111';
2020-09-17 16:26:41 INFO  http-nio-8888-exec-1 p6spy 2020-09-17 16:26:41 | 耗时 0 ms | SQL 语句：
select u.t_user_id,u.t_user_name from codeworld_user u where t_user_name = '1111';
2020-09-17 16:26:41 INFO  http-nio-8888-exec-1 p6spy 2020-09-17 16:26:41 | 耗时 0 ms | SQL 语句：
select cr.t_role_id, cr.t_role_name, cr.t_role_code, cr.t_role_remarks, cr.t_create_time, cr.t_update_time from codeworld_role AS cr left join codeworld_user_role AS cur on cur.t_role_id = cr.t_role_id where cur.t_user_id = 4810056;
2020-09-17 16:26:41 INFO  http-nio-8888-exec-1 p6spy 2020-09-17 16:26:41 | 耗时 1 ms | SQL 语句：
select cm.t_menu_id, cm.t_parent_id, cm.t_menu_url, cm.t_menu_resources, cm.t_menu_name, cm.t_menu_type, cm.t_menu_remarks, cm.t_menu_sort_no, cm.t_create_time, cm.t_update_time from codeworld_menu cm left join codeworld_role_menu crm on crm.t_menu_id = cm.t_menu_id where crm.t_role_id = 1;
2020-09-17 16:26:50 INFO  http-nio-8888-exec-7 p6spy 2020-09-17 16:26:50 | 耗时 0 ms | SQL 语句：
select u.t_user_id,u.t_user_name from codeworld_user u where t_user_name = '1111';
2020-09-17 16:26:50 INFO  http-nio-8888-exec-7 p6spy 2020-09-17 16:26:50 | 耗时 0 ms | SQL 语句：
select cr.t_role_id, cr.t_role_name, cr.t_role_code, cr.t_role_remarks, cr.t_create_time, cr.t_update_time from codeworld_role AS cr left join codeworld_user_role AS cur on cur.t_role_id = cr.t_role_id where cur.t_user_id = 4810056;
2020-09-17 16:26:50 INFO  http-nio-8888-exec-7 p6spy 2020-09-17 16:26:50 | 耗时 0 ms | SQL 语句：
select cm.t_menu_id, cm.t_parent_id, cm.t_menu_url, cm.t_menu_resources, cm.t_menu_name, cm.t_menu_type, cm.t_menu_remarks, cm.t_menu_sort_no, cm.t_create_time, cm.t_update_time from codeworld_menu cm left join codeworld_role_menu crm on crm.t_menu_id = cm.t_menu_id where crm.t_role_id = 1;
2020-09-17 16:28:13 INFO  http-nio-8888-exec-2 p6spy 2020-09-17 16:28:13 | 耗时 0 ms | SQL 语句：
select u.t_user_id,u.t_user_name from codeworld_user u where t_user_name = '1111';
2020-09-17 16:28:13 INFO  http-nio-8888-exec-2 p6spy 2020-09-17 16:28:13 | 耗时 0 ms | SQL 语句：
select cr.t_role_id, cr.t_role_name, cr.t_role_code, cr.t_role_remarks, cr.t_create_time, cr.t_update_time from codeworld_role AS cr left join codeworld_user_role AS cur on cur.t_role_id = cr.t_role_id where cur.t_user_id = 4810056;
2020-09-17 16:28:13 INFO  http-nio-8888-exec-2 p6spy 2020-09-17 16:28:13 | 耗时 0 ms | SQL 语句：
select cm.t_menu_id, cm.t_parent_id, cm.t_menu_url, cm.t_menu_resources, cm.t_menu_name, cm.t_menu_type, cm.t_menu_remarks, cm.t_menu_sort_no, cm.t_create_time, cm.t_update_time from codeworld_menu cm left join codeworld_role_menu crm on crm.t_menu_id = cm.t_menu_id where crm.t_role_id = 1;
2020-09-17 16:29:31 INFO  http-nio-8888-exec-1 p6spy 2020-09-17 16:29:31 | 耗时 0 ms | SQL 语句：
select u.t_user_id,u.t_user_name from codeworld_user u where t_user_name = '1111';
2020-09-17 16:29:31 INFO  http-nio-8888-exec-1 p6spy 2020-09-17 16:29:31 | 耗时 0 ms | SQL 语句：
select cr.t_role_id, cr.t_role_name, cr.t_role_code, cr.t_role_remarks, cr.t_create_time, cr.t_update_time from codeworld_role AS cr left join codeworld_user_role AS cur on cur.t_role_id = cr.t_role_id where cur.t_user_id = 4810056;
2020-09-17 16:29:31 INFO  http-nio-8888-exec-1 p6spy 2020-09-17 16:29:31 | 耗时 2 ms | SQL 语句：
select cm.t_menu_id, cm.t_parent_id, cm.t_menu_url, cm.t_menu_resources, cm.t_menu_name, cm.t_menu_type, cm.t_menu_remarks, cm.t_menu_sort_no, cm.t_create_time, cm.t_update_time from codeworld_menu cm left join codeworld_role_menu crm on crm.t_menu_id = cm.t_menu_id where crm.t_role_id = 1;
2020-09-17 16:30:08 INFO  http-nio-8888-exec-7 p6spy 2020-09-17 16:30:08 | 耗时 0 ms | SQL 语句：
select u.t_user_id,u.t_user_name from codeworld_user u where t_user_name = '1111';
2020-09-17 16:30:08 INFO  http-nio-8888-exec-7 p6spy 2020-09-17 16:30:08 | 耗时 0 ms | SQL 语句：
select cr.t_role_id, cr.t_role_name, cr.t_role_code, cr.t_role_remarks, cr.t_create_time, cr.t_update_time from codeworld_role AS cr left join codeworld_user_role AS cur on cur.t_role_id = cr.t_role_id where cur.t_user_id = 4810056;
2020-09-17 16:30:08 INFO  http-nio-8888-exec-7 p6spy 2020-09-17 16:30:08 | 耗时 0 ms | SQL 语句：
select cm.t_menu_id, cm.t_parent_id, cm.t_menu_url, cm.t_menu_resources, cm.t_menu_name, cm.t_menu_type, cm.t_menu_remarks, cm.t_menu_sort_no, cm.t_create_time, cm.t_update_time from codeworld_menu cm left join codeworld_role_menu crm on crm.t_menu_id = cm.t_menu_id where crm.t_role_id = 1;
2020-09-17 16:31:53 INFO  http-nio-8888-exec-2 p6spy 2020-09-17 16:31:53 | 耗时 0 ms | SQL 语句：
select u.t_user_id,u.t_user_name from codeworld_user u where t_user_name = '1111';
2020-09-17 16:31:53 INFO  http-nio-8888-exec-2 p6spy 2020-09-17 16:31:53 | 耗时 0 ms | SQL 语句：
select cr.t_role_id, cr.t_role_name, cr.t_role_code, cr.t_role_remarks, cr.t_create_time, cr.t_update_time from codeworld_role AS cr left join codeworld_user_role AS cur on cur.t_role_id = cr.t_role_id where cur.t_user_id = 4810056;
2020-09-17 16:31:53 INFO  http-nio-8888-exec-2 p6spy 2020-09-17 16:31:53 | 耗时 0 ms | SQL 语句：
select cm.t_menu_id, cm.t_parent_id, cm.t_menu_url, cm.t_menu_resources, cm.t_menu_name, cm.t_menu_type, cm.t_menu_remarks, cm.t_menu_sort_no, cm.t_create_time, cm.t_update_time from codeworld_menu cm left join codeworld_role_menu crm on crm.t_menu_id = cm.t_menu_id where crm.t_role_id = 1;
2020-09-17 16:43:37 INFO  http-nio-8888-exec-1 p6spy 2020-09-17 16:43:37 | 耗时 0 ms | SQL 语句：
select u.t_user_id,u.t_user_name from codeworld_user u where t_user_name = '1111';
2020-09-17 16:43:37 INFO  http-nio-8888-exec-1 p6spy 2020-09-17 16:43:37 | 耗时 0 ms | SQL 语句：
select cr.t_role_id, cr.t_role_name, cr.t_role_code, cr.t_role_remarks, cr.t_create_time, cr.t_update_time from codeworld_role AS cr left join codeworld_user_role AS cur on cur.t_role_id = cr.t_role_id where cur.t_user_id = 4810056;
2020-09-17 16:43:37 INFO  http-nio-8888-exec-1 p6spy 2020-09-17 16:43:37 | 耗时 0 ms | SQL 语句：
select cm.t_menu_id, cm.t_parent_id, cm.t_menu_url, cm.t_menu_resources, cm.t_menu_name, cm.t_menu_type, cm.t_menu_remarks, cm.t_menu_sort_no, cm.t_create_time, cm.t_update_time from codeworld_menu cm left join codeworld_role_menu crm on crm.t_menu_id = cm.t_menu_id where crm.t_role_id = 1;
2020-09-17 16:45:10 INFO  http-nio-8888-exec-3 p6spy 2020-09-17 16:45:10 | 耗时 0 ms | SQL 语句：
select u.t_user_id,u.t_user_name from codeworld_user u where t_user_name = '1111';
2020-09-17 16:45:10 INFO  http-nio-8888-exec-3 p6spy 2020-09-17 16:45:10 | 耗时 0 ms | SQL 语句：
select cr.t_role_id, cr.t_role_name, cr.t_role_code, cr.t_role_remarks, cr.t_create_time, cr.t_update_time from codeworld_role AS cr left join codeworld_user_role AS cur on cur.t_role_id = cr.t_role_id where cur.t_user_id = 4810056;
2020-09-17 16:45:10 INFO  http-nio-8888-exec-3 p6spy 2020-09-17 16:45:10 | 耗时 0 ms | SQL 语句：
select cm.t_menu_id, cm.t_parent_id, cm.t_menu_url, cm.t_menu_resources, cm.t_menu_name, cm.t_menu_type, cm.t_menu_remarks, cm.t_menu_sort_no, cm.t_create_time, cm.t_update_time from codeworld_menu cm left join codeworld_role_menu crm on crm.t_menu_id = cm.t_menu_id where crm.t_role_id = 1;
2020-09-17 16:47:17 INFO  http-nio-8888-exec-5 p6spy 2020-09-17 16:47:17 | 耗时 0 ms | SQL 语句：
select u.t_user_id,u.t_user_name from codeworld_user u where t_user_name = '1111';
2020-09-17 16:47:17 INFO  http-nio-8888-exec-5 p6spy 2020-09-17 16:47:17 | 耗时 0 ms | SQL 语句：
select cr.t_role_id, cr.t_role_name, cr.t_role_code, cr.t_role_remarks, cr.t_create_time, cr.t_update_time from codeworld_role AS cr left join codeworld_user_role AS cur on cur.t_role_id = cr.t_role_id where cur.t_user_id = 4810056;
2020-09-17 16:47:17 INFO  http-nio-8888-exec-5 p6spy 2020-09-17 16:47:17 | 耗时 0 ms | SQL 语句：
select cm.t_menu_id, cm.t_parent_id, cm.t_menu_url, cm.t_menu_resources, cm.t_menu_name, cm.t_menu_type, cm.t_menu_remarks, cm.t_menu_sort_no, cm.t_create_time, cm.t_update_time from codeworld_menu cm left join codeworld_role_menu crm on crm.t_menu_id = cm.t_menu_id where crm.t_role_id = 1;
2020-09-17 16:49:08 INFO  http-nio-8888-exec-7 p6spy 2020-09-17 16:49:08 | 耗时 0 ms | SQL 语句：
select u.t_user_id,u.t_user_name from codeworld_user u where t_user_name = '1111';
2020-09-17 16:49:08 INFO  http-nio-8888-exec-7 p6spy 2020-09-17 16:49:08 | 耗时 0 ms | SQL 语句：
select cr.t_role_id, cr.t_role_name, cr.t_role_code, cr.t_role_remarks, cr.t_create_time, cr.t_update_time from codeworld_role AS cr left join codeworld_user_role AS cur on cur.t_role_id = cr.t_role_id where cur.t_user_id = 4810056;
2020-09-17 16:49:08 INFO  http-nio-8888-exec-7 p6spy 2020-09-17 16:49:08 | 耗时 0 ms | SQL 语句：
select cm.t_menu_id, cm.t_parent_id, cm.t_menu_url, cm.t_menu_resources, cm.t_menu_name, cm.t_menu_type, cm.t_menu_remarks, cm.t_menu_sort_no, cm.t_create_time, cm.t_update_time from codeworld_menu cm left join codeworld_role_menu crm on crm.t_menu_id = cm.t_menu_id where crm.t_role_id = 1;
2020-09-17 16:49:20 INFO  http-nio-8888-exec-3 p6spy 2020-09-17 16:49:20 | 耗时 0 ms | SQL 语句：
select u.t_user_id,u.t_user_name from codeworld_user u where t_user_name = '1111';
2020-09-17 16:49:20 INFO  http-nio-8888-exec-3 p6spy 2020-09-17 16:49:20 | 耗时 0 ms | SQL 语句：
select cr.t_role_id, cr.t_role_name, cr.t_role_code, cr.t_role_remarks, cr.t_create_time, cr.t_update_time from codeworld_role AS cr left join codeworld_user_role AS cur on cur.t_role_id = cr.t_role_id where cur.t_user_id = 4810056;
2020-09-17 16:49:20 INFO  http-nio-8888-exec-3 p6spy 2020-09-17 16:49:20 | 耗时 0 ms | SQL 语句：
select cm.t_menu_id, cm.t_parent_id, cm.t_menu_url, cm.t_menu_resources, cm.t_menu_name, cm.t_menu_type, cm.t_menu_remarks, cm.t_menu_sort_no, cm.t_create_time, cm.t_update_time from codeworld_menu cm left join codeworld_role_menu crm on crm.t_menu_id = cm.t_menu_id where crm.t_role_id = 1;
2020-09-17 16:49:22 INFO  http-nio-8888-exec-9 p6spy 2020-09-17 16:49:22 | 耗时 0 ms | SQL 语句：
select u.t_user_id,u.t_user_name from codeworld_user u where t_user_name = '1111';
2020-09-17 16:49:22 INFO  http-nio-8888-exec-9 p6spy 2020-09-17 16:49:22 | 耗时 0 ms | SQL 语句：
select cr.t_role_id, cr.t_role_name, cr.t_role_code, cr.t_role_remarks, cr.t_create_time, cr.t_update_time from codeworld_role AS cr left join codeworld_user_role AS cur on cur.t_role_id = cr.t_role_id where cur.t_user_id = 4810056;
2020-09-17 16:49:22 INFO  http-nio-8888-exec-9 p6spy 2020-09-17 16:49:22 | 耗时 0 ms | SQL 语句：
select cm.t_menu_id, cm.t_parent_id, cm.t_menu_url, cm.t_menu_resources, cm.t_menu_name, cm.t_menu_type, cm.t_menu_remarks, cm.t_menu_sort_no, cm.t_create_time, cm.t_update_time from codeworld_menu cm left join codeworld_role_menu crm on crm.t_menu_id = cm.t_menu_id where crm.t_role_id = 1;
2020-09-17 16:49:43 INFO  http-nio-8888-exec-8 p6spy 2020-09-17 16:49:43 | 耗时 0 ms | SQL 语句：
select u.t_user_id,u.t_user_name from codeworld_user u where t_user_name = '1111';
2020-09-17 16:49:43 INFO  http-nio-8888-exec-8 p6spy 2020-09-17 16:49:43 | 耗时 0 ms | SQL 语句：
select cr.t_role_id, cr.t_role_name, cr.t_role_code, cr.t_role_remarks, cr.t_create_time, cr.t_update_time from codeworld_role AS cr left join codeworld_user_role AS cur on cur.t_role_id = cr.t_role_id where cur.t_user_id = 4810056;
2020-09-17 16:49:43 INFO  http-nio-8888-exec-8 p6spy 2020-09-17 16:49:43 | 耗时 0 ms | SQL 语句：
select cm.t_menu_id, cm.t_parent_id, cm.t_menu_url, cm.t_menu_resources, cm.t_menu_name, cm.t_menu_type, cm.t_menu_remarks, cm.t_menu_sort_no, cm.t_create_time, cm.t_update_time from codeworld_menu cm left join codeworld_role_menu crm on crm.t_menu_id = cm.t_menu_id where crm.t_role_id = 1;
2020-09-17 16:50:01 INFO  http-nio-8888-exec-4 p6spy 2020-09-17 16:50:01 | 耗时 0 ms | SQL 语句：
select u.t_user_id,u.t_user_name from codeworld_user u where t_user_name = '1111';
2020-09-17 16:50:01 INFO  http-nio-8888-exec-4 p6spy 2020-09-17 16:50:01 | 耗时 0 ms | SQL 语句：
select cr.t_role_id, cr.t_role_name, cr.t_role_code, cr.t_role_remarks, cr.t_create_time, cr.t_update_time from codeworld_role AS cr left join codeworld_user_role AS cur on cur.t_role_id = cr.t_role_id where cur.t_user_id = 4810056;
2020-09-17 16:50:01 INFO  http-nio-8888-exec-4 p6spy 2020-09-17 16:50:01 | 耗时 0 ms | SQL 语句：
select cm.t_menu_id, cm.t_parent_id, cm.t_menu_url, cm.t_menu_resources, cm.t_menu_name, cm.t_menu_type, cm.t_menu_remarks, cm.t_menu_sort_no, cm.t_create_time, cm.t_update_time from codeworld_menu cm left join codeworld_role_menu crm on crm.t_menu_id = cm.t_menu_id where crm.t_role_id = 1;
2020-09-17 16:50:14 INFO  http-nio-8888-exec-10 p6spy 2020-09-17 16:50:14 | 耗时 15 ms | SQL 语句：
select u.t_user_id,u.t_user_name from codeworld_user u where t_user_name = '1111';
2020-09-17 16:50:14 INFO  http-nio-8888-exec-10 p6spy 2020-09-17 16:50:14 | 耗时 0 ms | SQL 语句：
select cr.t_role_id, cr.t_role_name, cr.t_role_code, cr.t_role_remarks, cr.t_create_time, cr.t_update_time from codeworld_role AS cr left join codeworld_user_role AS cur on cur.t_role_id = cr.t_role_id where cur.t_user_id = 4810056;
2020-09-17 16:50:14 INFO  http-nio-8888-exec-10 p6spy 2020-09-17 16:50:14 | 耗时 1 ms | SQL 语句：
select cm.t_menu_id, cm.t_parent_id, cm.t_menu_url, cm.t_menu_resources, cm.t_menu_name, cm.t_menu_type, cm.t_menu_remarks, cm.t_menu_sort_no, cm.t_create_time, cm.t_update_time from codeworld_menu cm left join codeworld_role_menu crm on crm.t_menu_id = cm.t_menu_id where crm.t_role_id = 1;
2020-09-17 16:50:55 INFO  http-nio-8888-exec-6 p6spy 2020-09-17 16:50:55 | 耗时 0 ms | SQL 语句：
select u.t_user_id,u.t_user_name from codeworld_user u where t_user_name = '1111';
2020-09-17 16:50:55 INFO  http-nio-8888-exec-6 p6spy 2020-09-17 16:50:55 | 耗时 0 ms | SQL 语句：
select cr.t_role_id, cr.t_role_name, cr.t_role_code, cr.t_role_remarks, cr.t_create_time, cr.t_update_time from codeworld_role AS cr left join codeworld_user_role AS cur on cur.t_role_id = cr.t_role_id where cur.t_user_id = 4810056;
2020-09-17 16:50:55 INFO  http-nio-8888-exec-6 p6spy 2020-09-17 16:50:55 | 耗时 0 ms | SQL 语句：
select cm.t_menu_id, cm.t_parent_id, cm.t_menu_url, cm.t_menu_resources, cm.t_menu_name, cm.t_menu_type, cm.t_menu_remarks, cm.t_menu_sort_no, cm.t_create_time, cm.t_update_time from codeworld_menu cm left join codeworld_role_menu crm on crm.t_menu_id = cm.t_menu_id where crm.t_role_id = 1;
2020-09-17 16:52:33 INFO  http-nio-8888-exec-8 p6spy 2020-09-17 16:52:33 | 耗时 0 ms | SQL 语句：
select u.t_user_id,u.t_user_name from codeworld_user u where t_user_name = '1111';
2020-09-17 16:52:33 INFO  http-nio-8888-exec-8 p6spy 2020-09-17 16:52:33 | 耗时 0 ms | SQL 语句：
select cr.t_role_id, cr.t_role_name, cr.t_role_code, cr.t_role_remarks, cr.t_create_time, cr.t_update_time from codeworld_role AS cr left join codeworld_user_role AS cur on cur.t_role_id = cr.t_role_id where cur.t_user_id = 4810056;
2020-09-17 16:52:33 INFO  http-nio-8888-exec-8 p6spy 2020-09-17 16:52:33 | 耗时 0 ms | SQL 语句：
select cm.t_menu_id, cm.t_parent_id, cm.t_menu_url, cm.t_menu_resources, cm.t_menu_name, cm.t_menu_type, cm.t_menu_remarks, cm.t_menu_sort_no, cm.t_create_time, cm.t_update_time from codeworld_menu cm left join codeworld_role_menu crm on crm.t_menu_id = cm.t_menu_id where crm.t_role_id = 1;
2020-09-17 16:54:23 INFO  http-nio-8888-exec-10 p6spy 2020-09-17 16:54:23 | 耗时 0 ms | SQL 语句：
select u.t_user_id,u.t_user_name from codeworld_user u where t_user_name = '1111';
2020-09-17 16:54:23 INFO  http-nio-8888-exec-10 p6spy 2020-09-17 16:54:23 | 耗时 0 ms | SQL 语句：
select cr.t_role_id, cr.t_role_name, cr.t_role_code, cr.t_role_remarks, cr.t_create_time, cr.t_update_time from codeworld_role AS cr left join codeworld_user_role AS cur on cur.t_role_id = cr.t_role_id where cur.t_user_id = 4810056;
2020-09-17 16:54:23 INFO  http-nio-8888-exec-10 p6spy 2020-09-17 16:54:23 | 耗时 0 ms | SQL 语句：
select cm.t_menu_id, cm.t_parent_id, cm.t_menu_url, cm.t_menu_resources, cm.t_menu_name, cm.t_menu_type, cm.t_menu_remarks, cm.t_menu_sort_no, cm.t_create_time, cm.t_update_time from codeworld_menu cm left join codeworld_role_menu crm on crm.t_menu_id = cm.t_menu_id where crm.t_role_id = 1;
2020-09-17 16:54:26 INFO  http-nio-8888-exec-7 p6spy 2020-09-17 16:54:26 | 耗时 0 ms | SQL 语句：
select u.t_user_id,u.t_user_name from codeworld_user u where t_user_name = '1111';
2020-09-17 16:54:26 INFO  http-nio-8888-exec-7 p6spy 2020-09-17 16:54:26 | 耗时 0 ms | SQL 语句：
select cr.t_role_id, cr.t_role_name, cr.t_role_code, cr.t_role_remarks, cr.t_create_time, cr.t_update_time from codeworld_role AS cr left join codeworld_user_role AS cur on cur.t_role_id = cr.t_role_id where cur.t_user_id = 4810056;
2020-09-17 16:54:26 INFO  http-nio-8888-exec-7 p6spy 2020-09-17 16:54:26 | 耗时 0 ms | SQL 语句：
select cm.t_menu_id, cm.t_parent_id, cm.t_menu_url, cm.t_menu_resources, cm.t_menu_name, cm.t_menu_type, cm.t_menu_remarks, cm.t_menu_sort_no, cm.t_create_time, cm.t_update_time from codeworld_menu cm left join codeworld_role_menu crm on crm.t_menu_id = cm.t_menu_id where crm.t_role_id = 1;
2020-09-17 16:54:58 INFO  http-nio-8888-exec-9 p6spy 2020-09-17 16:54:58 | 耗时 0 ms | SQL 语句：
select u.t_user_id,u.t_user_name from codeworld_user u where t_user_name = '1111';
2020-09-17 16:54:58 INFO  http-nio-8888-exec-9 p6spy 2020-09-17 16:54:58 | 耗时 0 ms | SQL 语句：
select cr.t_role_id, cr.t_role_name, cr.t_role_code, cr.t_role_remarks, cr.t_create_time, cr.t_update_time from codeworld_role AS cr left join codeworld_user_role AS cur on cur.t_role_id = cr.t_role_id where cur.t_user_id = 4810056;
2020-09-17 16:54:58 INFO  http-nio-8888-exec-9 p6spy 2020-09-17 16:54:58 | 耗时 0 ms | SQL 语句：
select cm.t_menu_id, cm.t_parent_id, cm.t_menu_url, cm.t_menu_resources, cm.t_menu_name, cm.t_menu_type, cm.t_menu_remarks, cm.t_menu_sort_no, cm.t_create_time, cm.t_update_time from codeworld_menu cm left join codeworld_role_menu crm on crm.t_menu_id = cm.t_menu_id where crm.t_role_id = 1;
2020-09-17 16:57:47 INFO  http-nio-8888-exec-5 p6spy 2020-09-17 16:57:47 | 耗时 0 ms | SQL 语句：
select u.t_user_id,u.t_user_name from codeworld_user u where t_user_name = '1111';
2020-09-17 16:57:47 INFO  http-nio-8888-exec-5 p6spy 2020-09-17 16:57:47 | 耗时 0 ms | SQL 语句：
select cr.t_role_id, cr.t_role_name, cr.t_role_code, cr.t_role_remarks, cr.t_create_time, cr.t_update_time from codeworld_role AS cr left join codeworld_user_role AS cur on cur.t_role_id = cr.t_role_id where cur.t_user_id = 4810056;
2020-09-17 16:57:47 INFO  http-nio-8888-exec-5 p6spy 2020-09-17 16:57:47 | 耗时 0 ms | SQL 语句：
select cm.t_menu_id, cm.t_parent_id, cm.t_menu_url, cm.t_menu_resources, cm.t_menu_name, cm.t_menu_type, cm.t_menu_remarks, cm.t_menu_sort_no, cm.t_create_time, cm.t_update_time from codeworld_menu cm left join codeworld_role_menu crm on crm.t_menu_id = cm.t_menu_id where crm.t_role_id = 1;
2020-09-17 16:58:26 INFO  http-nio-8888-exec-1 p6spy 2020-09-17 16:58:26 | 耗时 1 ms | SQL 语句：
select u.t_user_id,u.t_user_name from codeworld_user u where t_user_name = '1111';
2020-09-17 16:58:26 INFO  http-nio-8888-exec-1 p6spy 2020-09-17 16:58:26 | 耗时 0 ms | SQL 语句：
select cr.t_role_id, cr.t_role_name, cr.t_role_code, cr.t_role_remarks, cr.t_create_time, cr.t_update_time from codeworld_role AS cr left join codeworld_user_role AS cur on cur.t_role_id = cr.t_role_id where cur.t_user_id = 4810056;
2020-09-17 16:58:26 INFO  http-nio-8888-exec-1 p6spy 2020-09-17 16:58:26 | 耗时 0 ms | SQL 语句：
select cm.t_menu_id, cm.t_parent_id, cm.t_menu_url, cm.t_menu_resources, cm.t_menu_name, cm.t_menu_type, cm.t_menu_remarks, cm.t_menu_sort_no, cm.t_create_time, cm.t_update_time from codeworld_menu cm left join codeworld_role_menu crm on crm.t_menu_id = cm.t_menu_id where crm.t_role_id = 1;
2020-09-17 20:31:41 INFO  main com.codeworld.fc.CodeworldVueSystemApplication Starting CodeworldVueSystemApplication on DESKTOP-P23KTQ5 with PID 12928 (C:\Users\Lenovo\Desktop\项目\JAVAEE实践\codeworld-vue-system\target\classes started by Lenovo in C:\Users\Lenovo\Desktop\项目\JAVAEE实践\codeworld-vue-system)
2020-09-17 20:31:41 INFO  main com.codeworld.fc.CodeworldVueSystemApplication The following profiles are active: test
2020-09-17 20:31:46 INFO  main org.springframework.context.support.PostProcessorRegistrationDelegate$BeanPostProcessorChecker Bean 'spring.datasource.dynamic-com.baomidou.dynamic.datasource.spring.boot.autoconfigure.DynamicDataSourceProperties' of type [com.baomidou.dynamic.datasource.spring.boot.autoconfigure.DynamicDataSourceProperties] is not eligible for getting processed by all BeanPostProcessors (for example: not eligible for auto-proxying)
2020-09-17 20:31:46 INFO  main org.springframework.context.support.PostProcessorRegistrationDelegate$BeanPostProcessorChecker Bean 'com.baomidou.dynamic.datasource.spring.boot.autoconfigure.DynamicDataSourceAutoConfiguration' of type [com.baomidou.dynamic.datasource.spring.boot.autoconfigure.DynamicDataSourceAutoConfiguration$$EnhancerBySpringCGLIB$$e5340dd0] is not eligible for getting processed by all BeanPostProcessors (for example: not eligible for auto-proxying)
2020-09-17 20:31:46 INFO  main org.springframework.context.support.PostProcessorRegistrationDelegate$BeanPostProcessorChecker Bean 'dsProcessor' of type [com.baomidou.dynamic.datasource.processor.DsHeaderProcessor] is not eligible for getting processed by all BeanPostProcessors (for example: not eligible for auto-proxying)
2020-09-17 20:31:46 INFO  main org.springframework.context.support.PostProcessorRegistrationDelegate$BeanPostProcessorChecker Bean 'dynamicDatasourceAnnotationAdvisor' of type [com.baomidou.dynamic.datasource.aop.DynamicDataSourceAnnotationAdvisor] is not eligible for getting processed by all BeanPostProcessors (for example: not eligible for auto-proxying)
2020-09-17 20:31:47 INFO  main org.springframework.boot.web.embedded.tomcat.TomcatWebServer Tomcat initialized with port(s): 8888 (http)
2020-09-17 20:31:47 INFO  main org.apache.coyote.http11.Http11NioProtocol Initializing ProtocolHandler ["http-nio-8888"]
2020-09-17 20:31:47 INFO  main org.apache.catalina.core.StandardService Starting service [Tomcat]
2020-09-17 20:31:47 INFO  main org.apache.catalina.core.StandardEngine Starting Servlet engine: [Apache Tomcat/9.0.37]
2020-09-17 20:31:48 INFO  main org.apache.catalina.core.ContainerBase.[Tomcat].[localhost].[/] Initializing Spring embedded WebApplicationContext
2020-09-17 20:31:48 INFO  main org.springframework.boot.web.servlet.context.ServletWebServerApplicationContext Root WebApplicationContext: initialization completed in 7642 ms
2020-09-17 20:31:49 INFO  main com.baomidou.dynamic.datasource.DynamicRoutingDataSource 动态数据源-检测到并开启了p6spy
2020-09-17 20:31:49 INFO  main com.zaxxer.hikari.HikariDataSource base - Starting...
2020-09-17 20:31:49 INFO  main com.zaxxer.hikari.HikariDataSource base - Start completed.
2020-09-17 20:31:49 INFO  main com.baomidou.dynamic.datasource.DynamicRoutingDataSource 初始共加载 1 个数据源
2020-09-17 20:31:49 INFO  main com.baomidou.dynamic.datasource.DynamicRoutingDataSource 动态数据源-加载 base 成功
2020-09-17 20:31:49 INFO  main com.baomidou.dynamic.datasource.DynamicRoutingDataSource 当前的默认数据源是单数据源，数据源名为 base
2020-09-17 20:31:50 INFO  main springfox.documentation.spring.web.PropertySourcedRequestMappingHandlerMapping Mapped URL path [/v2/api-docs] onto method [springfox.documentation.swagger2.web.Swagger2Controller#getDocumentation(String, HttpServletRequest)]
2020-09-17 20:31:51 INFO  main org.springframework.scheduling.concurrent.ThreadPoolTaskExecutor Initializing ExecutorService 'applicationTaskExecutor'
2020-09-17 20:31:52 INFO  main org.apache.coyote.http11.Http11NioProtocol Starting ProtocolHandler ["http-nio-8888"]
2020-09-17 20:31:52 INFO  main org.springframework.boot.web.embedded.tomcat.TomcatWebServer Tomcat started on port(s): 8888 (http) with context path ''
2020-09-17 20:31:52 INFO  main springfox.documentation.spring.web.plugins.DocumentationPluginsBootstrapper Context refreshed
2020-09-17 20:31:52 INFO  main springfox.documentation.spring.web.plugins.DocumentationPluginsBootstrapper Found 1 custom documentation plugin(s)
2020-09-17 20:31:52 INFO  main springfox.documentation.spring.web.scanners.ApiListingReferenceScanner Scanning for api listing references
2020-09-17 20:31:53 INFO  main com.codeworld.fc.CodeworldVueSystemApplication Started CodeworldVueSystemApplication in 14.663 seconds (JVM running for 21.539)
2020-09-17 20:32:08 INFO  http-nio-8888-exec-1 org.apache.catalina.core.ContainerBase.[Tomcat].[localhost].[/] Initializing Spring DispatcherServlet 'dispatcherServlet'
2020-09-17 20:32:08 INFO  http-nio-8888-exec-1 org.springframework.web.servlet.DispatcherServlet Initializing Servlet 'dispatcherServlet'
2020-09-17 20:32:08 INFO  http-nio-8888-exec-1 org.springframework.web.servlet.DispatcherServlet Completed initialization in 33 ms
2020-09-17 20:32:08 INFO  http-nio-8888-exec-2 org.apache.tomcat.util.http.parser.Cookie A cookie header was received [1579774133; __utma=111872281.831053985.1582861814.1582875770.1584267755.5; Idea-aafc89f7=a7b3efd7-3315-46db-8387-b3eb7ff7bbf7; Hm_lvt_d97abf6d61c21d773f97835defbdef4e=1594809530; Webstorm-5dc33a3f=3e27dac4-926d-43b5-b044-1c33978c0955] that contained an invalid cookie. That cookie will be ignored.
 Note: further occurrences of this error will be logged at DEBUG level.
2020-09-17 20:32:09 INFO  http-nio-8888-exec-2 p6spy 2020-09-17 20:32:09 | 耗时 5 ms | SQL 语句：
select u.t_user_id,u.t_user_name from codeworld_user u where t_user_name = '1111';
2020-09-17 20:32:10 INFO  http-nio-8888-exec-4 p6spy 2020-09-17 20:32:10 | 耗时 1 ms | SQL 语句：
select u.t_user_id,u.t_user_name from codeworld_user u where t_user_name = '1111';
2020-09-17 20:32:10 INFO  http-nio-8888-exec-4 p6spy 2020-09-17 20:32:10 | 耗时 1 ms | SQL 语句：
select cr.t_role_id, cr.t_role_name, cr.t_role_code, cr.t_role_remarks, cr.t_create_time, cr.t_update_time from codeworld_role AS cr left join codeworld_user_role AS cur on cur.t_role_id = cr.t_role_id where cur.t_user_id = 4810056;
2020-09-17 20:32:10 INFO  http-nio-8888-exec-4 p6spy 2020-09-17 20:32:10 | 耗时 4 ms | SQL 语句：
select cm.t_menu_id, cm.t_parent_id, cm.t_menu_url, cm.t_menu_resources, cm.t_menu_name, cm.t_menu_type, cm.t_menu_remarks, cm.t_menu_sort_no, cm.t_create_time, cm.t_update_time from codeworld_menu cm left join codeworld_role_menu crm on crm.t_menu_id = cm.t_menu_id where crm.t_role_id = 1;
2020-09-17 20:33:51 INFO  http-nio-8888-exec-8 p6spy 2020-09-17 20:33:51 | 耗时 1 ms | SQL 语句：
select u.t_user_id,u.t_user_name from codeworld_user u where t_user_name = '1111';
2020-09-17 20:33:51 INFO  http-nio-8888-exec-10 p6spy 2020-09-17 20:33:51 | 耗时 1 ms | SQL 语句：
select u.t_user_id,u.t_user_name from codeworld_user u where t_user_name = '1111';
2020-09-17 20:33:51 INFO  http-nio-8888-exec-10 p6spy 2020-09-17 20:33:51 | 耗时 1 ms | SQL 语句：
select cr.t_role_id, cr.t_role_name, cr.t_role_code, cr.t_role_remarks, cr.t_create_time, cr.t_update_time from codeworld_role AS cr left join codeworld_user_role AS cur on cur.t_role_id = cr.t_role_id where cur.t_user_id = 4810056;
2020-09-17 20:33:51 INFO  http-nio-8888-exec-10 p6spy 2020-09-17 20:33:51 | 耗时 1 ms | SQL 语句：
select cm.t_menu_id, cm.t_parent_id, cm.t_menu_url, cm.t_menu_resources, cm.t_menu_name, cm.t_menu_type, cm.t_menu_remarks, cm.t_menu_sort_no, cm.t_create_time, cm.t_update_time from codeworld_menu cm left join codeworld_role_menu crm on crm.t_menu_id = cm.t_menu_id where crm.t_role_id = 1;
2020-09-17 20:47:23 INFO  http-nio-8888-exec-4 p6spy 2020-09-17 20:47:23 | 耗时 1 ms | SQL 语句：
select u.t_user_id,u.t_user_name from codeworld_user u where t_user_name = '1111';
2020-09-17 20:47:23 INFO  http-nio-8888-exec-4 p6spy 2020-09-17 20:47:23 | 耗时 1 ms | SQL 语句：
select cr.t_role_id, cr.t_role_name, cr.t_role_code, cr.t_role_remarks, cr.t_create_time, cr.t_update_time from codeworld_role AS cr left join codeworld_user_role AS cur on cur.t_role_id = cr.t_role_id where cur.t_user_id = 4810056;
2020-09-17 20:47:23 INFO  http-nio-8888-exec-4 p6spy 2020-09-17 20:47:23 | 耗时 1 ms | SQL 语句：
select cm.t_menu_id, cm.t_parent_id, cm.t_menu_url, cm.t_menu_resources, cm.t_menu_name, cm.t_menu_type, cm.t_menu_remarks, cm.t_menu_sort_no, cm.t_create_time, cm.t_update_time from codeworld_menu cm left join codeworld_role_menu crm on crm.t_menu_id = cm.t_menu_id where crm.t_role_id = 1;
2020-09-17 21:17:08 INFO  http-nio-8888-exec-10 p6spy 2020-09-17 21:17:08 | 耗时 2 ms | SQL 语句：
SELECT count(0) FROM codeworld_user;
2020-09-17 21:17:08 INFO  http-nio-8888-exec-10 p6spy 2020-09-17 21:17:08 | 耗时 2 ms | SQL 语句：
select * from codeworld_user order by t_create_time DESC LIMIT 10 ;
2020-09-17 21:19:11 INFO  http-nio-8888-exec-4 p6spy 2020-09-17 21:19:11 | 耗时 0 ms | SQL 语句：
select u.t_user_id,u.t_user_name from codeworld_user u where t_user_name = '1111';
2020-09-17 21:19:11 INFO  http-nio-8888-exec-4 p6spy 2020-09-17 21:19:11 | 耗时 1 ms | SQL 语句：
select cr.t_role_id, cr.t_role_name, cr.t_role_code, cr.t_role_remarks, cr.t_create_time, cr.t_update_time from codeworld_role AS cr left join codeworld_user_role AS cur on cur.t_role_id = cr.t_role_id where cur.t_user_id = 4810056;
2020-09-17 21:19:11 INFO  http-nio-8888-exec-4 p6spy 2020-09-17 21:19:11 | 耗时 1 ms | SQL 语句：
select cm.t_menu_id, cm.t_parent_id, cm.t_menu_url, cm.t_menu_resources, cm.t_menu_name, cm.t_menu_type, cm.t_menu_remarks, cm.t_menu_sort_no, cm.t_create_time, cm.t_update_time from codeworld_menu cm left join codeworld_role_menu crm on crm.t_menu_id = cm.t_menu_id where crm.t_role_id = 1;
2020-09-17 21:19:12 INFO  http-nio-8888-exec-6 p6spy 2020-09-17 21:19:12 | 耗时 1 ms | SQL 语句：
SELECT count(0) FROM codeworld_user;
2020-09-17 21:19:12 INFO  http-nio-8888-exec-6 p6spy 2020-09-17 21:19:12 | 耗时 0 ms | SQL 语句：
select * from codeworld_user order by t_create_time DESC LIMIT 10 ;
2020-09-17 21:20:11 INFO  http-nio-8888-exec-7 p6spy 2020-09-17 21:20:11 | 耗时 0 ms | SQL 语句：
select u.t_user_id,u.t_user_name from codeworld_user u where t_user_name = '1111';
2020-09-17 21:20:11 INFO  http-nio-8888-exec-7 p6spy 2020-09-17 21:20:11 | 耗时 0 ms | SQL 语句：
select cr.t_role_id, cr.t_role_name, cr.t_role_code, cr.t_role_remarks, cr.t_create_time, cr.t_update_time from codeworld_role AS cr left join codeworld_user_role AS cur on cur.t_role_id = cr.t_role_id where cur.t_user_id = 4810056;
2020-09-17 21:20:11 INFO  http-nio-8888-exec-7 p6spy 2020-09-17 21:20:11 | 耗时 1 ms | SQL 语句：
select cm.t_menu_id, cm.t_parent_id, cm.t_menu_url, cm.t_menu_resources, cm.t_menu_name, cm.t_menu_type, cm.t_menu_remarks, cm.t_menu_sort_no, cm.t_create_time, cm.t_update_time from codeworld_menu cm left join codeworld_role_menu crm on crm.t_menu_id = cm.t_menu_id where crm.t_role_id = 1;
2020-09-17 21:20:11 INFO  http-nio-8888-exec-10 p6spy 2020-09-17 21:20:11 | 耗时 1 ms | SQL 语句：
SELECT count(0) FROM codeworld_user;
2020-09-17 21:20:11 INFO  http-nio-8888-exec-10 p6spy 2020-09-17 21:20:11 | 耗时 2 ms | SQL 语句：
select * from codeworld_user order by t_create_time DESC LIMIT 10 ;
2020-09-17 21:20:28 INFO  http-nio-8888-exec-2 p6spy 2020-09-17 21:20:28 | 耗时 1 ms | SQL 语句：
select u.t_user_id,u.t_user_name from codeworld_user u where t_user_name = '1111';
2020-09-17 21:20:28 INFO  http-nio-8888-exec-2 p6spy 2020-09-17 21:20:28 | 耗时 1 ms | SQL 语句：
select cr.t_role_id, cr.t_role_name, cr.t_role_code, cr.t_role_remarks, cr.t_create_time, cr.t_update_time from codeworld_role AS cr left join codeworld_user_role AS cur on cur.t_role_id = cr.t_role_id where cur.t_user_id = 4810056;
2020-09-17 21:20:28 INFO  http-nio-8888-exec-2 p6spy 2020-09-17 21:20:28 | 耗时 1 ms | SQL 语句：
select cm.t_menu_id, cm.t_parent_id, cm.t_menu_url, cm.t_menu_resources, cm.t_menu_name, cm.t_menu_type, cm.t_menu_remarks, cm.t_menu_sort_no, cm.t_create_time, cm.t_update_time from codeworld_menu cm left join codeworld_role_menu crm on crm.t_menu_id = cm.t_menu_id where crm.t_role_id = 1;
2020-09-17 21:20:29 INFO  http-nio-8888-exec-4 p6spy 2020-09-17 21:20:29 | 耗时 1 ms | SQL 语句：
SELECT count(0) FROM codeworld_user;
2020-09-17 21:20:29 INFO  http-nio-8888-exec-4 p6spy 2020-09-17 21:20:29 | 耗时 2 ms | SQL 语句：
select * from codeworld_user order by t_create_time DESC LIMIT 10 ;
2020-09-17 21:22:58 INFO  http-nio-8888-exec-7 p6spy 2020-09-17 21:22:58 | 耗时 0 ms | SQL 语句：
select u.t_user_id,u.t_user_name from codeworld_user u where t_user_name = '1111';
2020-09-17 21:22:58 INFO  http-nio-8888-exec-7 p6spy 2020-09-17 21:22:58 | 耗时 1 ms | SQL 语句：
select cr.t_role_id, cr.t_role_name, cr.t_role_code, cr.t_role_remarks, cr.t_create_time, cr.t_update_time from codeworld_role AS cr left join codeworld_user_role AS cur on cur.t_role_id = cr.t_role_id where cur.t_user_id = 4810056;
2020-09-17 21:22:58 INFO  http-nio-8888-exec-7 p6spy 2020-09-17 21:22:58 | 耗时 1 ms | SQL 语句：
select cm.t_menu_id, cm.t_parent_id, cm.t_menu_url, cm.t_menu_resources, cm.t_menu_name, cm.t_menu_type, cm.t_menu_remarks, cm.t_menu_sort_no, cm.t_create_time, cm.t_update_time from codeworld_menu cm left join codeworld_role_menu crm on crm.t_menu_id = cm.t_menu_id where crm.t_role_id = 1;
2020-09-17 21:22:59 INFO  http-nio-8888-exec-10 p6spy 2020-09-17 21:22:59 | 耗时 0 ms | SQL 语句：
SELECT count(0) FROM codeworld_user;
2020-09-17 21:22:59 INFO  http-nio-8888-exec-10 p6spy 2020-09-17 21:22:59 | 耗时 0 ms | SQL 语句：
select * from codeworld_user order by t_create_time DESC LIMIT 10 ;
2020-09-17 21:23:12 INFO  http-nio-8888-exec-2 p6spy 2020-09-17 21:23:12 | 耗时 0 ms | SQL 语句：
SELECT count(0) FROM codeworld_user;
2020-09-17 21:23:12 INFO  http-nio-8888-exec-2 p6spy 2020-09-17 21:23:12 | 耗时 0 ms | SQL 语句：
select * from codeworld_user order by t_create_time DESC LIMIT 10 ;
2020-09-17 21:23:18 INFO  http-nio-8888-exec-4 p6spy 2020-09-17 21:23:18 | 耗时 0 ms | SQL 语句：
SELECT count(0) FROM codeworld_user;
2020-09-17 21:23:18 INFO  http-nio-8888-exec-4 p6spy 2020-09-17 21:23:18 | 耗时 0 ms | SQL 语句：
select * from codeworld_user order by t_create_time DESC LIMIT 10 ;
2020-09-17 21:23:24 INFO  http-nio-8888-exec-5 p6spy 2020-09-17 21:23:24 | 耗时 0 ms | SQL 语句：
SELECT count(0) FROM codeworld_user;
2020-09-17 21:23:24 INFO  http-nio-8888-exec-5 p6spy 2020-09-17 21:23:24 | 耗时 2 ms | SQL 语句：
select * from codeworld_user order by t_create_time DESC LIMIT 10 ;
2020-09-17 21:30:50 INFO  http-nio-8888-exec-10 p6spy 2020-09-17 21:30:50 | 耗时 1 ms | SQL 语句：
select u.t_user_id,u.t_user_name from codeworld_user u where t_user_name = '1111';
2020-09-17 21:30:50 INFO  http-nio-8888-exec-10 p6spy 2020-09-17 21:30:50 | 耗时 2 ms | SQL 语句：
select cr.t_role_id, cr.t_role_name, cr.t_role_code, cr.t_role_remarks, cr.t_create_time, cr.t_update_time from codeworld_role AS cr left join codeworld_user_role AS cur on cur.t_role_id = cr.t_role_id where cur.t_user_id = 4810056;
2020-09-17 21:30:50 INFO  http-nio-8888-exec-10 p6spy 2020-09-17 21:30:50 | 耗时 1 ms | SQL 语句：
select cm.t_menu_id, cm.t_parent_id, cm.t_menu_url, cm.t_menu_resources, cm.t_menu_name, cm.t_menu_type, cm.t_menu_remarks, cm.t_menu_sort_no, cm.t_create_time, cm.t_update_time from codeworld_menu cm left join codeworld_role_menu crm on crm.t_menu_id = cm.t_menu_id where crm.t_role_id = 1;
2020-09-17 21:30:50 INFO  http-nio-8888-exec-2 p6spy 2020-09-17 21:30:50 | 耗时 0 ms | SQL 语句：
SELECT count(0) FROM codeworld_user;
2020-09-17 21:30:50 INFO  http-nio-8888-exec-2 p6spy 2020-09-17 21:30:50 | 耗时 1 ms | SQL 语句：
select * from codeworld_user order by t_create_time DESC LIMIT 10 ;
2020-09-17 21:31:29 INFO  http-nio-8888-exec-4 p6spy 2020-09-17 21:31:29 | 耗时 1 ms | SQL 语句：
select u.t_user_id,u.t_user_name from codeworld_user u where t_user_name = '1111';
2020-09-17 21:31:29 INFO  http-nio-8888-exec-4 p6spy 2020-09-17 21:31:29 | 耗时 2 ms | SQL 语句：
select cr.t_role_id, cr.t_role_name, cr.t_role_code, cr.t_role_remarks, cr.t_create_time, cr.t_update_time from codeworld_role AS cr left join codeworld_user_role AS cur on cur.t_role_id = cr.t_role_id where cur.t_user_id = 4810056;
2020-09-17 21:31:29 INFO  http-nio-8888-exec-4 p6spy 2020-09-17 21:31:29 | 耗时 3 ms | SQL 语句：
select cm.t_menu_id, cm.t_parent_id, cm.t_menu_url, cm.t_menu_resources, cm.t_menu_name, cm.t_menu_type, cm.t_menu_remarks, cm.t_menu_sort_no, cm.t_create_time, cm.t_update_time from codeworld_menu cm left join codeworld_role_menu crm on crm.t_menu_id = cm.t_menu_id where crm.t_role_id = 1;
2020-09-17 21:31:30 INFO  http-nio-8888-exec-5 p6spy 2020-09-17 21:31:30 | 耗时 1 ms | SQL 语句：
SELECT count(0) FROM codeworld_user;
2020-09-17 21:31:30 INFO  http-nio-8888-exec-5 p6spy 2020-09-17 21:31:30 | 耗时 1 ms | SQL 语句：
select * from codeworld_user order by t_create_time DESC LIMIT 10 ;
2020-09-17 21:31:34 INFO  http-nio-8888-exec-9 p6spy 2020-09-17 21:31:34 | 耗时 1 ms | SQL 语句：
SELECT count(0) FROM codeworld_user;
2020-09-17 21:31:34 INFO  http-nio-8888-exec-9 p6spy 2020-09-17 21:31:34 | 耗时 1 ms | SQL 语句：
select * from codeworld_user order by t_create_time DESC LIMIT 10 ;
2020-09-17 21:34:48 INFO  http-nio-8888-exec-6 p6spy 2020-09-17 21:34:48 | 耗时 0 ms | SQL 语句：
select u.t_user_id,u.t_user_name from codeworld_user u where t_user_name = '1111';
2020-09-17 21:34:48 INFO  http-nio-8888-exec-7 p6spy 2020-09-17 21:34:48 | 耗时 0 ms | SQL 语句：
select u.t_user_id,u.t_user_name from codeworld_user u where t_user_name = '1111';
2020-09-17 21:34:48 INFO  http-nio-8888-exec-7 p6spy 2020-09-17 21:34:48 | 耗时 0 ms | SQL 语句：
select cr.t_role_id, cr.t_role_name, cr.t_role_code, cr.t_role_remarks, cr.t_create_time, cr.t_update_time from codeworld_role AS cr left join codeworld_user_role AS cur on cur.t_role_id = cr.t_role_id where cur.t_user_id = 4810056;
2020-09-17 21:34:48 INFO  http-nio-8888-exec-7 p6spy 2020-09-17 21:34:48 | 耗时 0 ms | SQL 语句：
select cm.t_menu_id, cm.t_parent_id, cm.t_menu_url, cm.t_menu_resources, cm.t_menu_name, cm.t_menu_type, cm.t_menu_remarks, cm.t_menu_sort_no, cm.t_create_time, cm.t_update_time from codeworld_menu cm left join codeworld_role_menu crm on crm.t_menu_id = cm.t_menu_id where crm.t_role_id = 1;
2020-09-17 21:34:52 INFO  http-nio-8888-exec-9 p6spy 2020-09-17 21:34:52 | 耗时 1 ms | SQL 语句：
SELECT count(0) FROM codeworld_user;
2020-09-17 21:34:52 INFO  http-nio-8888-exec-9 p6spy 2020-09-17 21:34:52 | 耗时 2 ms | SQL 语句：
select * from codeworld_user order by t_create_time DESC LIMIT 10 ;
2020-09-17 22:15:51 INFO  http-nio-8888-exec-3 p6spy 2020-09-17 22:15:51 | 耗时 0 ms | SQL 语句：
select u.t_user_id,u.t_user_name from codeworld_user u where t_user_name = '1111';
2020-09-17 22:15:51 INFO  http-nio-8888-exec-3 p6spy 2020-09-17 22:15:51 | 耗时 0 ms | SQL 语句：
select cr.t_role_id, cr.t_role_name, cr.t_role_code, cr.t_role_remarks, cr.t_create_time, cr.t_update_time from codeworld_role AS cr left join codeworld_user_role AS cur on cur.t_role_id = cr.t_role_id where cur.t_user_id = 4810056;
2020-09-17 22:15:51 INFO  http-nio-8888-exec-3 p6spy 2020-09-17 22:15:51 | 耗时 0 ms | SQL 语句：
select cm.t_menu_id, cm.t_parent_id, cm.t_menu_url, cm.t_menu_resources, cm.t_menu_name, cm.t_menu_type, cm.t_menu_remarks, cm.t_menu_sort_no, cm.t_create_time, cm.t_update_time from codeworld_menu cm left join codeworld_role_menu crm on crm.t_menu_id = cm.t_menu_id where crm.t_role_id = 1;
2020-09-17 22:15:51 INFO  http-nio-8888-exec-6 p6spy 2020-09-17 22:15:51 | 耗时 0 ms | SQL 语句：
SELECT count(0) FROM codeworld_user;
2020-09-17 22:15:51 INFO  http-nio-8888-exec-6 p6spy 2020-09-17 22:15:51 | 耗时 0 ms | SQL 语句：
select * from codeworld_user order by t_create_time DESC LIMIT 10 ;
2020-09-17 22:17:27 INFO  http-nio-8888-exec-9 p6spy 2020-09-17 22:17:27 | 耗时 0 ms | SQL 语句：
select u.t_user_id,u.t_user_name from codeworld_user u where t_user_name = '1111';
2020-09-17 22:17:27 INFO  http-nio-8888-exec-9 p6spy 2020-09-17 22:17:27 | 耗时 0 ms | SQL 语句：
select cr.t_role_id, cr.t_role_name, cr.t_role_code, cr.t_role_remarks, cr.t_create_time, cr.t_update_time from codeworld_role AS cr left join codeworld_user_role AS cur on cur.t_role_id = cr.t_role_id where cur.t_user_id = 4810056;
2020-09-17 22:17:27 INFO  http-nio-8888-exec-9 p6spy 2020-09-17 22:17:27 | 耗时 0 ms | SQL 语句：
select cm.t_menu_id, cm.t_parent_id, cm.t_menu_url, cm.t_menu_resources, cm.t_menu_name, cm.t_menu_type, cm.t_menu_remarks, cm.t_menu_sort_no, cm.t_create_time, cm.t_update_time from codeworld_menu cm left join codeworld_role_menu crm on crm.t_menu_id = cm.t_menu_id where crm.t_role_id = 1;
2020-09-17 22:17:27 INFO  http-nio-8888-exec-10 p6spy 2020-09-17 22:17:27 | 耗时 1 ms | SQL 语句：
SELECT count(0) FROM codeworld_user;
2020-09-17 22:17:27 INFO  http-nio-8888-exec-10 p6spy 2020-09-17 22:17:27 | 耗时 0 ms | SQL 语句：
select * from codeworld_user order by t_create_time DESC LIMIT 10 ;
2020-09-17 23:31:40 INFO  http-nio-8888-exec-5 p6spy 2020-09-17 23:31:40 | 耗时 0 ms | SQL 语句：
select u.t_user_id,u.t_user_name from codeworld_user u where t_user_name = '1111';
2020-09-17 23:31:40 INFO  http-nio-8888-exec-9 p6spy 2020-09-17 23:31:40 | 耗时 0 ms | SQL 语句：
select u.t_user_id,u.t_user_name from codeworld_user u where t_user_name = '1111';
2020-09-17 23:31:40 INFO  http-nio-8888-exec-9 p6spy 2020-09-17 23:31:40 | 耗时 1 ms | SQL 语句：
select cr.t_role_id, cr.t_role_name, cr.t_role_code, cr.t_role_remarks, cr.t_create_time, cr.t_update_time from codeworld_role AS cr left join codeworld_user_role AS cur on cur.t_role_id = cr.t_role_id where cur.t_user_id = 4810056;
2020-09-17 23:31:40 INFO  http-nio-8888-exec-9 p6spy 2020-09-17 23:31:40 | 耗时 1 ms | SQL 语句：
select cm.t_menu_id, cm.t_parent_id, cm.t_menu_url, cm.t_menu_resources, cm.t_menu_name, cm.t_menu_type, cm.t_menu_remarks, cm.t_menu_sort_no, cm.t_create_time, cm.t_update_time from codeworld_menu cm left join codeworld_role_menu crm on crm.t_menu_id = cm.t_menu_id where crm.t_role_id = 1;
2020-09-17 23:31:43 INFO  http-nio-8888-exec-10 p6spy 2020-09-17 23:31:43 | 耗时 1 ms | SQL 语句：
SELECT count(0) FROM codeworld_user;
2020-09-17 23:31:43 INFO  http-nio-8888-exec-10 p6spy 2020-09-17 23:31:43 | 耗时 2 ms | SQL 语句：
select * from codeworld_user order by t_create_time DESC LIMIT 10 ;
2020-09-17 23:33:18 INFO  http-nio-8888-exec-6 p6spy 2020-09-17 23:33:18 | 耗时 0 ms | SQL 语句：
select u.t_user_id,u.t_user_name from codeworld_user u where t_user_name = '1111';
2020-09-17 23:33:18 INFO  http-nio-8888-exec-6 p6spy 2020-09-17 23:33:18 | 耗时 0 ms | SQL 语句：
select cr.t_role_id, cr.t_role_name, cr.t_role_code, cr.t_role_remarks, cr.t_create_time, cr.t_update_time from codeworld_role AS cr left join codeworld_user_role AS cur on cur.t_role_id = cr.t_role_id where cur.t_user_id = 4810056;
2020-09-17 23:33:18 INFO  http-nio-8888-exec-6 p6spy 2020-09-17 23:33:18 | 耗时 1 ms | SQL 语句：
select cm.t_menu_id, cm.t_parent_id, cm.t_menu_url, cm.t_menu_resources, cm.t_menu_name, cm.t_menu_type, cm.t_menu_remarks, cm.t_menu_sort_no, cm.t_create_time, cm.t_update_time from codeworld_menu cm left join codeworld_role_menu crm on crm.t_menu_id = cm.t_menu_id where crm.t_role_id = 1;
2020-09-17 23:33:18 INFO  http-nio-8888-exec-5 p6spy 2020-09-17 23:33:18 | 耗时 0 ms | SQL 语句：
SELECT count(0) FROM codeworld_user;
2020-09-17 23:33:18 INFO  http-nio-8888-exec-5 p6spy 2020-09-17 23:33:18 | 耗时 0 ms | SQL 语句：
select * from codeworld_user order by t_create_time DESC LIMIT 10 ;
2020-09-17 23:35:50 INFO  http-nio-8888-exec-10 p6spy 2020-09-17 23:35:50 | 耗时 0 ms | SQL 语句：
select u.t_user_id,u.t_user_name from codeworld_user u where t_user_name = '1111';
2020-09-17 23:35:50 INFO  http-nio-8888-exec-10 p6spy 2020-09-17 23:35:50 | 耗时 0 ms | SQL 语句：
select cr.t_role_id, cr.t_role_name, cr.t_role_code, cr.t_role_remarks, cr.t_create_time, cr.t_update_time from codeworld_role AS cr left join codeworld_user_role AS cur on cur.t_role_id = cr.t_role_id where cur.t_user_id = 4810056;
2020-09-17 23:35:50 INFO  http-nio-8888-exec-10 p6spy 2020-09-17 23:35:50 | 耗时 1 ms | SQL 语句：
select cm.t_menu_id, cm.t_parent_id, cm.t_menu_url, cm.t_menu_resources, cm.t_menu_name, cm.t_menu_type, cm.t_menu_remarks, cm.t_menu_sort_no, cm.t_create_time, cm.t_update_time from codeworld_menu cm left join codeworld_role_menu crm on crm.t_menu_id = cm.t_menu_id where crm.t_role_id = 1;
2020-09-17 23:35:50 INFO  http-nio-8888-exec-3 p6spy 2020-09-17 23:35:50 | 耗时 0 ms | SQL 语句：
SELECT count(0) FROM codeworld_user;
2020-09-17 23:35:50 INFO  http-nio-8888-exec-3 p6spy 2020-09-17 23:35:50 | 耗时 0 ms | SQL 语句：
select * from codeworld_user order by t_create_time DESC LIMIT 10 ;
2020-09-17 23:37:47 INFO  http-nio-8888-exec-5 p6spy 2020-09-17 23:37:47 | 耗时 0 ms | SQL 语句：
select u.t_user_id,u.t_user_name from codeworld_user u where t_user_name = '1111';
2020-09-17 23:37:47 INFO  http-nio-8888-exec-9 p6spy 2020-09-17 23:37:47 | 耗时 0 ms | SQL 语句：
select u.t_user_id,u.t_user_name from codeworld_user u where t_user_name = '1111';
2020-09-17 23:37:47 INFO  http-nio-8888-exec-9 p6spy 2020-09-17 23:37:47 | 耗时 1 ms | SQL 语句：
select cr.t_role_id, cr.t_role_name, cr.t_role_code, cr.t_role_remarks, cr.t_create_time, cr.t_update_time from codeworld_role AS cr left join codeworld_user_role AS cur on cur.t_role_id = cr.t_role_id where cur.t_user_id = 4810056;
2020-09-17 23:37:47 INFO  http-nio-8888-exec-9 p6spy 2020-09-17 23:37:47 | 耗时 0 ms | SQL 语句：
select cm.t_menu_id, cm.t_parent_id, cm.t_menu_url, cm.t_menu_resources, cm.t_menu_name, cm.t_menu_type, cm.t_menu_remarks, cm.t_menu_sort_no, cm.t_create_time, cm.t_update_time from codeworld_menu cm left join codeworld_role_menu crm on crm.t_menu_id = cm.t_menu_id where crm.t_role_id = 1;
2020-09-17 23:37:47 INFO  http-nio-8888-exec-10 p6spy 2020-09-17 23:37:47 | 耗时 0 ms | SQL 语句：
SELECT count(0) FROM codeworld_user;
2020-09-17 23:37:47 INFO  http-nio-8888-exec-10 p6spy 2020-09-17 23:37:47 | 耗时 0 ms | SQL 语句：
select * from codeworld_user order by t_create_time DESC LIMIT 10 ;
2020-09-17 23:42:21 INFO  main com.codeworld.fc.CodeworldVueSystemApplication Starting CodeworldVueSystemApplication on DESKTOP-P23KTQ5 with PID 16304 (C:\Users\Lenovo\Desktop\项目\JAVAEE实践\codeworld-vue-system\target\classes started by Lenovo in C:\Users\Lenovo\Desktop\项目\JAVAEE实践\codeworld-vue-system)
2020-09-17 23:42:21 INFO  main com.codeworld.fc.CodeworldVueSystemApplication The following profiles are active: test
2020-09-17 23:42:23 INFO  main org.springframework.context.support.PostProcessorRegistrationDelegate$BeanPostProcessorChecker Bean 'spring.datasource.dynamic-com.baomidou.dynamic.datasource.spring.boot.autoconfigure.DynamicDataSourceProperties' of type [com.baomidou.dynamic.datasource.spring.boot.autoconfigure.DynamicDataSourceProperties] is not eligible for getting processed by all BeanPostProcessors (for example: not eligible for auto-proxying)
2020-09-17 23:42:23 INFO  main org.springframework.context.support.PostProcessorRegistrationDelegate$BeanPostProcessorChecker Bean 'com.baomidou.dynamic.datasource.spring.boot.autoconfigure.DynamicDataSourceAutoConfiguration' of type [com.baomidou.dynamic.datasource.spring.boot.autoconfigure.DynamicDataSourceAutoConfiguration$$EnhancerBySpringCGLIB$$2a66cb66] is not eligible for getting processed by all BeanPostProcessors (for example: not eligible for auto-proxying)
2020-09-17 23:42:24 INFO  main org.springframework.context.support.PostProcessorRegistrationDelegate$BeanPostProcessorChecker Bean 'dsProcessor' of type [com.baomidou.dynamic.datasource.processor.DsHeaderProcessor] is not eligible for getting processed by all BeanPostProcessors (for example: not eligible for auto-proxying)
2020-09-17 23:42:24 INFO  main org.springframework.context.support.PostProcessorRegistrationDelegate$BeanPostProcessorChecker Bean 'dynamicDatasourceAnnotationAdvisor' of type [com.baomidou.dynamic.datasource.aop.DynamicDataSourceAnnotationAdvisor] is not eligible for getting processed by all BeanPostProcessors (for example: not eligible for auto-proxying)
2020-09-17 23:42:24 INFO  main org.springframework.boot.web.embedded.tomcat.TomcatWebServer Tomcat initialized with port(s): 8888 (http)
2020-09-17 23:42:24 INFO  main org.apache.coyote.http11.Http11NioProtocol Initializing ProtocolHandler ["http-nio-8888"]
2020-09-17 23:42:24 INFO  main org.apache.catalina.core.StandardService Starting service [Tomcat]
2020-09-17 23:42:24 INFO  main org.apache.catalina.core.StandardEngine Starting Servlet engine: [Apache Tomcat/9.0.37]
2020-09-17 23:42:25 INFO  main org.apache.catalina.core.ContainerBase.[Tomcat].[localhost].[/] Initializing Spring embedded WebApplicationContext
2020-09-17 23:42:25 INFO  main org.springframework.boot.web.servlet.context.ServletWebServerApplicationContext Root WebApplicationContext: initialization completed in 3904 ms
2020-09-17 23:42:25 INFO  main com.baomidou.dynamic.datasource.DynamicRoutingDataSource 动态数据源-检测到并开启了p6spy
2020-09-17 23:42:25 INFO  main com.zaxxer.hikari.HikariDataSource base - Starting...
2020-09-17 23:42:25 INFO  main com.zaxxer.hikari.HikariDataSource base - Start completed.
2020-09-17 23:42:25 INFO  main com.baomidou.dynamic.datasource.DynamicRoutingDataSource 初始共加载 1 个数据源
2020-09-17 23:42:25 INFO  main com.baomidou.dynamic.datasource.DynamicRoutingDataSource 动态数据源-加载 base 成功
2020-09-17 23:42:25 INFO  main com.baomidou.dynamic.datasource.DynamicRoutingDataSource 当前的默认数据源是单数据源，数据源名为 base
2020-09-17 23:42:27 INFO  main springfox.documentation.spring.web.PropertySourcedRequestMappingHandlerMapping Mapped URL path [/v2/api-docs] onto method [springfox.documentation.swagger2.web.Swagger2Controller#getDocumentation(String, HttpServletRequest)]
2020-09-17 23:42:27 INFO  main org.springframework.scheduling.concurrent.ThreadPoolTaskExecutor Initializing ExecutorService 'applicationTaskExecutor'
2020-09-17 23:42:28 INFO  main org.apache.coyote.http11.Http11NioProtocol Starting ProtocolHandler ["http-nio-8888"]
2020-09-17 23:42:28 INFO  main org.springframework.boot.web.embedded.tomcat.TomcatWebServer Tomcat started on port(s): 8888 (http) with context path ''
2020-09-17 23:42:28 INFO  main springfox.documentation.spring.web.plugins.DocumentationPluginsBootstrapper Context refreshed
2020-09-17 23:42:28 INFO  main springfox.documentation.spring.web.plugins.DocumentationPluginsBootstrapper Found 1 custom documentation plugin(s)
2020-09-17 23:42:28 INFO  main springfox.documentation.spring.web.scanners.ApiListingReferenceScanner Scanning for api listing references
2020-09-17 23:42:28 INFO  main com.codeworld.fc.CodeworldVueSystemApplication Started CodeworldVueSystemApplication in 8.913 seconds (JVM running for 15.334)
2020-09-17 23:42:48 INFO  http-nio-8888-exec-1 org.apache.catalina.core.ContainerBase.[Tomcat].[localhost].[/] Initializing Spring DispatcherServlet 'dispatcherServlet'
2020-09-17 23:42:48 INFO  http-nio-8888-exec-1 org.springframework.web.servlet.DispatcherServlet Initializing Servlet 'dispatcherServlet'
2020-09-17 23:42:48 INFO  http-nio-8888-exec-1 org.springframework.web.servlet.DispatcherServlet Completed initialization in 20 ms
2020-09-17 23:42:49 INFO  http-nio-8888-exec-2 org.apache.tomcat.util.http.parser.Cookie A cookie header was received [1579774133; __utma=111872281.831053985.1582861814.1582875770.1584267755.5; Idea-aafc89f7=a7b3efd7-3315-46db-8387-b3eb7ff7bbf7; Hm_lvt_d97abf6d61c21d773f97835defbdef4e=1594809530; Webstorm-5dc33a3f=3e27dac4-926d-43b5-b044-1c33978c0955; TOKEN=eyJ0eXAiOiJKV1QiLCJhbGciOiJIUzI1NiJ9.eyJleHAiOjE2MDAzNTcwNzAsInVzZXJuYW1lIjoiMTExMSJ9.DxlukgFj0-d6wdAOt40phIcv0_AsYfoC2YXrP0dwAqQ; Admin-Token=eyJ0eXAiOiJKV1QiLCJhbGciOiJIUzI1NiJ9.eyJleHAiOjE2MDAzNTcwNzAsInVzZXJuYW1lIjoiMTExMSJ9.DxlukgFj0-d6wdAOt40phIcv0_AsYfoC2YXrP0dwAqQ] that contained an invalid cookie. That cookie will be ignored.
 Note: further occurrences of this error will be logged at DEBUG level.
2020-09-17 23:42:50 INFO  http-nio-8888-exec-2 p6spy 2020-09-17 23:42:50 | 耗时 3 ms | SQL 语句：
select u.t_user_id,u.t_user_name from codeworld_user u where t_user_name = '1111';
2020-09-17 23:42:50 INFO  http-nio-8888-exec-2 p6spy 2020-09-17 23:42:50 | 耗时 2 ms | SQL 语句：
select cr.t_role_id, cr.t_role_name, cr.t_role_code, cr.t_role_remarks, cr.t_create_time, cr.t_update_time from codeworld_role AS cr left join codeworld_user_role AS cur on cur.t_role_id = cr.t_role_id where cur.t_user_id = 4810056;
2020-09-17 23:42:50 INFO  http-nio-8888-exec-2 p6spy 2020-09-17 23:42:50 | 耗时 6 ms | SQL 语句：
select cm.t_menu_id, cm.t_parent_id, cm.t_menu_url, cm.t_menu_resources, cm.t_menu_name, cm.t_menu_type, cm.t_menu_remarks, cm.t_menu_sort_no, cm.t_create_time, cm.t_update_time from codeworld_menu cm left join codeworld_role_menu crm on crm.t_menu_id = cm.t_menu_id where crm.t_role_id = 1;
2020-09-17 23:44:56 INFO  http-nio-8888-exec-5 p6spy 2020-09-17 23:44:56 | 耗时 1 ms | SQL 语句：
select u.t_user_id,u.t_user_name from codeworld_user u where t_user_name = '1111';
2020-09-17 23:44:56 INFO  http-nio-8888-exec-7 p6spy 2020-09-17 23:44:56 | 耗时 1 ms | SQL 语句：
select u.t_user_id,u.t_user_name from codeworld_user u where t_user_name = '1111';
2020-09-17 23:44:56 INFO  http-nio-8888-exec-7 p6spy 2020-09-17 23:44:56 | 耗时 1 ms | SQL 语句：
select cr.t_role_id, cr.t_role_name, cr.t_role_code, cr.t_role_remarks, cr.t_create_time, cr.t_update_time from codeworld_role AS cr left join codeworld_user_role AS cur on cur.t_role_id = cr.t_role_id where cur.t_user_id = 4810056;
2020-09-17 23:44:56 INFO  http-nio-8888-exec-7 p6spy 2020-09-17 23:44:56 | 耗时 1 ms | SQL 语句：
select cm.t_menu_id, cm.t_parent_id, cm.t_menu_url, cm.t_menu_resources, cm.t_menu_name, cm.t_menu_type, cm.t_menu_remarks, cm.t_menu_sort_no, cm.t_create_time, cm.t_update_time from codeworld_menu cm left join codeworld_role_menu crm on crm.t_menu_id = cm.t_menu_id where crm.t_role_id = 1;
2020-09-17 23:45:25 INFO  http-nio-8888-exec-9 p6spy 2020-09-17 23:45:25 | 耗时 1 ms | SQL 语句：
select u.t_user_id,u.t_user_name from codeworld_user u where t_user_name = '1111';
2020-09-17 23:45:25 INFO  http-nio-8888-exec-1 p6spy 2020-09-17 23:45:25 | 耗时 1 ms | SQL 语句：
select u.t_user_id,u.t_user_name from codeworld_user u where t_user_name = '1111';
2020-09-17 23:45:25 INFO  http-nio-8888-exec-1 p6spy 2020-09-17 23:45:25 | 耗时 1 ms | SQL 语句：
select cr.t_role_id, cr.t_role_name, cr.t_role_code, cr.t_role_remarks, cr.t_create_time, cr.t_update_time from codeworld_role AS cr left join codeworld_user_role AS cur on cur.t_role_id = cr.t_role_id where cur.t_user_id = 4810056;
2020-09-17 23:45:25 INFO  http-nio-8888-exec-1 p6spy 2020-09-17 23:45:25 | 耗时 1 ms | SQL 语句：
select cm.t_menu_id, cm.t_parent_id, cm.t_menu_url, cm.t_menu_resources, cm.t_menu_name, cm.t_menu_type, cm.t_menu_remarks, cm.t_menu_sort_no, cm.t_create_time, cm.t_update_time from codeworld_menu cm left join codeworld_role_menu crm on crm.t_menu_id = cm.t_menu_id where crm.t_role_id = 1;
2020-09-17 23:45:36 INFO  http-nio-8888-exec-2 p6spy 2020-09-17 23:45:36 | 耗时 2 ms | SQL 语句：
SELECT count(0) FROM codeworld_user;
2020-09-17 23:45:36 INFO  http-nio-8888-exec-2 p6spy 2020-09-17 23:45:36 | 耗时 2 ms | SQL 语句：
select * from codeworld_user order by t_create_time DESC LIMIT 10 ;
2020-09-17 23:46:02 INFO  SpringContextShutdownHook org.springframework.scheduling.concurrent.ThreadPoolTaskExecutor Shutting down ExecutorService 'applicationTaskExecutor'
2020-09-17 23:46:02 INFO  SpringContextShutdownHook com.baomidou.dynamic.datasource.DynamicRoutingDataSource closing dynamicDatasource  ing....
2020-09-17 23:46:02 INFO  SpringContextShutdownHook com.zaxxer.hikari.HikariDataSource base - Shutdown initiated...
2020-09-17 23:46:02 INFO  SpringContextShutdownHook com.zaxxer.hikari.HikariDataSource base - Shutdown completed.
