2020-09-16 14:21:13 INFO  main com.codeworld.fc.CodeworldVueSystemApplication Starting CodeworldVueSystemApplication on DESKTOP-P23KTQ5 with PID 12216 (C:\Users\Lenovo\Desktop\项目\JAVAEE实践\codeworld-vue-system\target\classes started by Lenovo in C:\Users\Lenovo\Desktop\项目\JAVAEE实践\codeworld-vue-system)
2020-09-16 14:21:13 INFO  main com.codeworld.fc.CodeworldVueSystemApplication The following profiles are active: test
2020-09-16 14:21:16 INFO  main org.springframework.context.support.PostProcessorRegistrationDelegate$BeanPostProcessorChecker Bean 'spring.datasource.dynamic-com.baomidou.dynamic.datasource.spring.boot.autoconfigure.DynamicDataSourceProperties' of type [com.baomidou.dynamic.datasource.spring.boot.autoconfigure.DynamicDataSourceProperties] is not eligible for getting processed by all BeanPostProcessors (for example: not eligible for auto-proxying)
2020-09-16 14:21:16 INFO  main org.springframework.context.support.PostProcessorRegistrationDelegate$BeanPostProcessorChecker Bean 'com.baomidou.dynamic.datasource.spring.boot.autoconfigure.DynamicDataSourceAutoConfiguration' of type [com.baomidou.dynamic.datasource.spring.boot.autoconfigure.DynamicDataSourceAutoConfiguration$$EnhancerBySpringCGLIB$$9ec8859d] is not eligible for getting processed by all BeanPostProcessors (for example: not eligible for auto-proxying)
2020-09-16 14:21:16 INFO  main org.springframework.context.support.PostProcessorRegistrationDelegate$BeanPostProcessorChecker Bean 'dsProcessor' of type [com.baomidou.dynamic.datasource.processor.DsHeaderProcessor] is not eligible for getting processed by all BeanPostProcessors (for example: not eligible for auto-proxying)
2020-09-16 14:21:16 INFO  main org.springframework.context.support.PostProcessorRegistrationDelegate$BeanPostProcessorChecker Bean 'dynamicDatasourceAnnotationAdvisor' of type [com.baomidou.dynamic.datasource.aop.DynamicDataSourceAnnotationAdvisor] is not eligible for getting processed by all BeanPostProcessors (for example: not eligible for auto-proxying)
2020-09-16 14:21:17 INFO  main org.springframework.boot.web.embedded.tomcat.TomcatWebServer Tomcat initialized with port(s): 8888 (http)
2020-09-16 14:21:17 INFO  main org.apache.coyote.http11.Http11NioProtocol Initializing ProtocolHandler ["http-nio-8888"]
2020-09-16 14:21:17 INFO  main org.apache.catalina.core.StandardService Starting service [Tomcat]
2020-09-16 14:21:17 INFO  main org.apache.catalina.core.StandardEngine Starting Servlet engine: [Apache Tomcat/9.0.37]
2020-09-16 14:21:18 INFO  main org.apache.catalina.core.ContainerBase.[Tomcat].[localhost].[/] Initializing Spring embedded WebApplicationContext
2020-09-16 14:21:18 INFO  main org.springframework.boot.web.servlet.context.ServletWebServerApplicationContext Root WebApplicationContext: initialization completed in 4079 ms
2020-09-16 14:21:18 INFO  main com.baomidou.dynamic.datasource.DynamicRoutingDataSource 动态数据源-检测到并开启了p6spy
2020-09-16 14:21:18 INFO  main com.zaxxer.hikari.HikariDataSource base - Starting...
2020-09-16 14:21:18 INFO  main com.zaxxer.hikari.HikariDataSource base - Start completed.
2020-09-16 14:21:18 INFO  main com.baomidou.dynamic.datasource.DynamicRoutingDataSource 初始共加载 1 个数据源
2020-09-16 14:21:18 INFO  main com.baomidou.dynamic.datasource.DynamicRoutingDataSource 动态数据源-加载 base 成功
2020-09-16 14:21:18 INFO  main com.baomidou.dynamic.datasource.DynamicRoutingDataSource 当前的默认数据源是单数据源，数据源名为 base
2020-09-16 14:21:20 INFO  main springfox.documentation.spring.web.PropertySourcedRequestMappingHandlerMapping Mapped URL path [/v2/api-docs] onto method [springfox.documentation.swagger2.web.Swagger2Controller#getDocumentation(String, HttpServletRequest)]
2020-09-16 14:21:20 INFO  main org.springframework.scheduling.concurrent.ThreadPoolTaskExecutor Initializing ExecutorService 'applicationTaskExecutor'
2020-09-16 14:21:20 INFO  main org.apache.coyote.http11.Http11NioProtocol Starting ProtocolHandler ["http-nio-8888"]
2020-09-16 14:21:20 INFO  main org.springframework.boot.web.embedded.tomcat.TomcatWebServer Tomcat started on port(s): 8888 (http) with context path ''
2020-09-16 14:21:20 INFO  main springfox.documentation.spring.web.plugins.DocumentationPluginsBootstrapper Context refreshed
2020-09-16 14:21:20 INFO  main springfox.documentation.spring.web.plugins.DocumentationPluginsBootstrapper Found 1 custom documentation plugin(s)
2020-09-16 14:21:20 INFO  main springfox.documentation.spring.web.scanners.ApiListingReferenceScanner Scanning for api listing references
2020-09-16 14:21:21 INFO  main com.codeworld.fc.CodeworldVueSystemApplication Started CodeworldVueSystemApplication in 8.794 seconds (JVM running for 18.586)
2020-09-16 14:23:00 INFO  http-nio-8888-exec-1 org.apache.catalina.core.ContainerBase.[Tomcat].[localhost].[/] Initializing Spring DispatcherServlet 'dispatcherServlet'
2020-09-16 14:23:00 INFO  http-nio-8888-exec-1 org.springframework.web.servlet.DispatcherServlet Initializing Servlet 'dispatcherServlet'
2020-09-16 14:23:00 INFO  http-nio-8888-exec-1 org.springframework.web.servlet.DispatcherServlet Completed initialization in 13 ms
2020-09-16 14:24:20 INFO  http-nio-8888-exec-6 p6spy 2020-09-16 14:24:20 | 耗时 3 ms | SQL 语句：
select u.t_user_name from codeworld_user u where t_user_name = '123456';
2020-09-16 14:30:54 INFO  http-nio-8888-exec-9 p6spy 2020-09-16 14:30:54 | 耗时 1 ms | SQL 语句：
select u.t_user_name from codeworld_user u where t_user_name = '1111';
2020-09-16 17:04:59 INFO  http-nio-8888-exec-5 p6spy 2020-09-16 17:04:59 | 耗时 0 ms | SQL 语句：
select u.t_user_name from codeworld_user u where t_user_name = 'admin';
2020-09-16 17:51:57 INFO  main com.codeworld.fc.CodeworldVueSystemApplication Starting CodeworldVueSystemApplication on DESKTOP-P23KTQ5 with PID 20892 (C:\Users\Lenovo\Desktop\项目\JAVAEE实践\codeworld-vue-system\target\classes started by Lenovo in C:\Users\Lenovo\Desktop\项目\JAVAEE实践\codeworld-vue-system)
2020-09-16 17:51:57 INFO  main com.codeworld.fc.CodeworldVueSystemApplication The following profiles are active: test
2020-09-16 17:51:59 INFO  main org.springframework.context.support.PostProcessorRegistrationDelegate$BeanPostProcessorChecker Bean 'spring.datasource.dynamic-com.baomidou.dynamic.datasource.spring.boot.autoconfigure.DynamicDataSourceProperties' of type [com.baomidou.dynamic.datasource.spring.boot.autoconfigure.DynamicDataSourceProperties] is not eligible for getting processed by all BeanPostProcessors (for example: not eligible for auto-proxying)
2020-09-16 17:51:59 INFO  main org.springframework.context.support.PostProcessorRegistrationDelegate$BeanPostProcessorChecker Bean 'com.baomidou.dynamic.datasource.spring.boot.autoconfigure.DynamicDataSourceAutoConfiguration' of type [com.baomidou.dynamic.datasource.spring.boot.autoconfigure.DynamicDataSourceAutoConfiguration$$EnhancerBySpringCGLIB$$3fda41fb] is not eligible for getting processed by all BeanPostProcessors (for example: not eligible for auto-proxying)
2020-09-16 17:51:59 INFO  main org.springframework.context.support.PostProcessorRegistrationDelegate$BeanPostProcessorChecker Bean 'dsProcessor' of type [com.baomidou.dynamic.datasource.processor.DsHeaderProcessor] is not eligible for getting processed by all BeanPostProcessors (for example: not eligible for auto-proxying)
2020-09-16 17:51:59 INFO  main org.springframework.context.support.PostProcessorRegistrationDelegate$BeanPostProcessorChecker Bean 'dynamicDatasourceAnnotationAdvisor' of type [com.baomidou.dynamic.datasource.aop.DynamicDataSourceAnnotationAdvisor] is not eligible for getting processed by all BeanPostProcessors (for example: not eligible for auto-proxying)
2020-09-16 17:51:59 INFO  main org.springframework.boot.web.embedded.tomcat.TomcatWebServer Tomcat initialized with port(s): 8888 (http)
2020-09-16 17:51:59 INFO  main org.apache.coyote.http11.Http11NioProtocol Initializing ProtocolHandler ["http-nio-8888"]
2020-09-16 17:51:59 INFO  main org.apache.catalina.core.StandardService Starting service [Tomcat]
2020-09-16 17:51:59 INFO  main org.apache.catalina.core.StandardEngine Starting Servlet engine: [Apache Tomcat/9.0.37]
2020-09-16 17:52:00 INFO  main org.apache.catalina.core.ContainerBase.[Tomcat].[localhost].[/] Initializing Spring embedded WebApplicationContext
2020-09-16 17:52:00 INFO  main org.springframework.boot.web.servlet.context.ServletWebServerApplicationContext Root WebApplicationContext: initialization completed in 2593 ms
2020-09-16 17:52:00 INFO  main com.baomidou.dynamic.datasource.DynamicRoutingDataSource 动态数据源-检测到并开启了p6spy
2020-09-16 17:52:00 INFO  main com.zaxxer.hikari.HikariDataSource base - Starting...
2020-09-16 17:52:00 INFO  main com.zaxxer.hikari.HikariDataSource base - Start completed.
2020-09-16 17:52:00 INFO  main com.baomidou.dynamic.datasource.DynamicRoutingDataSource 初始共加载 1 个数据源
2020-09-16 17:52:00 INFO  main com.baomidou.dynamic.datasource.DynamicRoutingDataSource 动态数据源-加载 base 成功
2020-09-16 17:52:00 INFO  main com.baomidou.dynamic.datasource.DynamicRoutingDataSource 当前的默认数据源是单数据源，数据源名为 base
2020-09-16 17:52:01 INFO  main springfox.documentation.spring.web.PropertySourcedRequestMappingHandlerMapping Mapped URL path [/v2/api-docs] onto method [springfox.documentation.swagger2.web.Swagger2Controller#getDocumentation(String, HttpServletRequest)]
2020-09-16 17:52:01 INFO  main org.springframework.scheduling.concurrent.ThreadPoolTaskExecutor Initializing ExecutorService 'applicationTaskExecutor'
2020-09-16 17:52:01 INFO  main org.apache.coyote.http11.Http11NioProtocol Starting ProtocolHandler ["http-nio-8888"]
2020-09-16 17:52:01 INFO  main org.springframework.boot.web.embedded.tomcat.TomcatWebServer Tomcat started on port(s): 8888 (http) with context path ''
2020-09-16 17:52:01 INFO  main springfox.documentation.spring.web.plugins.DocumentationPluginsBootstrapper Context refreshed
2020-09-16 17:52:02 INFO  main springfox.documentation.spring.web.plugins.DocumentationPluginsBootstrapper Found 1 custom documentation plugin(s)
2020-09-16 17:52:02 INFO  main springfox.documentation.spring.web.scanners.ApiListingReferenceScanner Scanning for api listing references
2020-09-16 17:52:02 INFO  main com.codeworld.fc.CodeworldVueSystemApplication Started CodeworldVueSystemApplication in 6.059 seconds (JVM running for 12.018)
2020-09-16 17:52:26 INFO  http-nio-8888-exec-1 org.apache.catalina.core.ContainerBase.[Tomcat].[localhost].[/] Initializing Spring DispatcherServlet 'dispatcherServlet'
2020-09-16 17:52:26 INFO  http-nio-8888-exec-1 org.springframework.web.servlet.DispatcherServlet Initializing Servlet 'dispatcherServlet'
2020-09-16 17:52:26 INFO  http-nio-8888-exec-1 org.springframework.web.servlet.DispatcherServlet Completed initialization in 8 ms
2020-09-16 17:52:26 INFO  http-nio-8888-exec-2 p6spy 2020-09-16 17:52:26 | 耗时 0 ms | SQL 语句：
select u.t_user_name from codeworld_user u where t_user_name = 'admin';
2020-09-16 17:53:03 INFO  http-nio-8888-exec-4 p6spy 2020-09-16 17:53:03 | 耗时 0 ms | SQL 语句：
select u.t_user_name from codeworld_user u where t_user_name = 'admin';
2020-09-16 17:53:11 INFO  http-nio-8888-exec-5 p6spy 2020-09-16 17:53:11 | 耗时 0 ms | SQL 语句：
select u.t_user_name from codeworld_user u where t_user_name = 'admin';
2020-09-16 17:53:19 INFO  http-nio-8888-exec-8 p6spy 2020-09-16 17:53:19 | 耗时 0 ms | SQL 语句：
select u.t_user_name from codeworld_user u where t_user_name = 'admin';
2020-09-16 17:53:48 INFO  http-nio-8888-exec-10 p6spy 2020-09-16 17:53:48 | 耗时 1 ms | SQL 语句：
select u.t_user_name from codeworld_user u where t_user_name = 'admin';
2020-09-16 17:54:15 INFO  http-nio-8888-exec-2 p6spy 2020-09-16 17:54:15 | 耗时 0 ms | SQL 语句：
select u.t_user_name from codeworld_user u where t_user_name = 'admin';
2020-09-16 17:54:35 INFO  http-nio-8888-exec-4 p6spy 2020-09-16 17:54:35 | 耗时 0 ms | SQL 语句：
select u.t_user_name from codeworld_user u where t_user_name = 'admin';
2020-09-16 17:54:59 INFO  http-nio-8888-exec-5 p6spy 2020-09-16 17:54:59 | 耗时 0 ms | SQL 语句：
select u.t_user_name from codeworld_user u where t_user_name = 'admin';
2020-09-16 17:55:35 INFO  http-nio-8888-exec-8 p6spy 2020-09-16 17:55:35 | 耗时 0 ms | SQL 语句：
select u.t_user_name from codeworld_user u where t_user_name = 'admin';
2020-09-16 18:18:51 INFO  http-nio-8888-exec-1 p6spy 2020-09-16 18:18:51 | 耗时 0 ms | SQL 语句：
select u.t_user_name from codeworld_user u where t_user_name = 'admin';
2020-09-16 18:22:09 INFO  http-nio-8888-exec-4 p6spy 2020-09-16 18:22:09 | 耗时 0 ms | SQL 语句：
select u.t_user_name from codeworld_user u where t_user_name = 'admin';
2020-09-16 18:22:19 INFO  http-nio-8888-exec-5 p6spy 2020-09-16 18:22:19 | 耗时 0 ms | SQL 语句：
select u.t_user_name from codeworld_user u where t_user_name = '1111';
2020-09-16 18:22:19 INFO  http-nio-8888-exec-8 p6spy 2020-09-16 18:22:19 | 耗时 0 ms | SQL 语句：
select u.t_user_name from codeworld_user u where t_user_name = '1111';
2020-09-16 18:22:23 INFO  http-nio-8888-exec-9 p6spy 2020-09-16 18:22:23 | 耗时 0 ms | SQL 语句：
select u.t_user_name from codeworld_user u where t_user_name = '1111';
2020-09-16 18:22:23 INFO  http-nio-8888-exec-1 p6spy 2020-09-16 18:22:23 | 耗时 0 ms | SQL 语句：
select u.t_user_name from codeworld_user u where t_user_name = '1111';
2020-09-16 18:25:59 INFO  http-nio-8888-exec-4 p6spy 2020-09-16 18:25:59 | 耗时 1 ms | SQL 语句：
select u.t_user_name from codeworld_user u where t_user_name = '1111';
2020-09-16 18:25:59 INFO  http-nio-8888-exec-5 p6spy 2020-09-16 18:25:59 | 耗时 0 ms | SQL 语句：
select u.t_user_name from codeworld_user u where t_user_name = '1111';
2020-09-16 18:28:54 INFO  http-nio-8888-exec-9 springfox.documentation.spring.web.PropertySourcedRequestMappingHandlerMapping Mapped URL path [/v2/api-docs] onto method [springfox.documentation.swagger2.web.Swagger2Controller#getDocumentation(String, HttpServletRequest)]
2020-09-16 18:28:54 INFO  http-nio-8888-exec-9 p6spy 2020-09-16 18:28:54 | 耗时 0 ms | SQL 语句：
select u.t_user_name from codeworld_user u where t_user_name = '1111';
2020-09-16 18:29:18 INFO  http-nio-8888-exec-3 springfox.documentation.spring.web.PropertySourcedRequestMappingHandlerMapping Mapped URL path [/v2/api-docs] onto method [springfox.documentation.swagger2.web.Swagger2Controller#getDocumentation(String, HttpServletRequest)]
2020-09-16 18:29:18 INFO  http-nio-8888-exec-3 p6spy 2020-09-16 18:29:18 | 耗时 0 ms | SQL 语句：
select u.t_user_name from codeworld_user u where t_user_name = '1111';
2020-09-16 18:30:53 INFO  http-nio-8888-exec-8 springfox.documentation.spring.web.PropertySourcedRequestMappingHandlerMapping Mapped URL path [/v2/api-docs] onto method [springfox.documentation.swagger2.web.Swagger2Controller#getDocumentation(String, HttpServletRequest)]
2020-09-16 18:30:53 INFO  http-nio-8888-exec-8 p6spy 2020-09-16 18:30:53 | 耗时 0 ms | SQL 语句：
select u.t_user_name from codeworld_user u where t_user_name = '1111';
2020-09-16 18:37:04 INFO  http-nio-8888-exec-3 p6spy 2020-09-16 18:37:04 | 耗时 0 ms | SQL 语句：
select u.t_user_name from codeworld_user u where t_user_name = 'admin';
2020-09-16 18:37:11 INFO  http-nio-8888-exec-6 p6spy 2020-09-16 18:37:11 | 耗时 0 ms | SQL 语句：
select u.t_user_name from codeworld_user u where t_user_name = '1111';
2020-09-16 18:37:11 INFO  http-nio-8888-exec-7 p6spy 2020-09-16 18:37:11 | 耗时 0 ms | SQL 语句：
select u.t_user_name from codeworld_user u where t_user_name = '1111';
2020-09-16 18:40:19 INFO  http-nio-8888-exec-10 p6spy 2020-09-16 18:40:19 | 耗时 0 ms | SQL 语句：
select u.t_user_name from codeworld_user u where t_user_name = 'admin';
2020-09-16 18:40:38 INFO  http-nio-8888-exec-2 p6spy 2020-09-16 18:40:38 | 耗时 0 ms | SQL 语句：
select u.t_user_name from codeworld_user u where t_user_name = 'admin';
2020-09-16 18:40:44 INFO  http-nio-8888-exec-4 p6spy 2020-09-16 18:40:44 | 耗时 0 ms | SQL 语句：
select u.t_user_name from codeworld_user u where t_user_name = '1111';
2020-09-16 18:40:44 INFO  http-nio-8888-exec-5 p6spy 2020-09-16 18:40:44 | 耗时 0 ms | SQL 语句：
select u.t_user_name from codeworld_user u where t_user_name = '1111';
2020-09-16 18:45:14 INFO  http-nio-8888-exec-9 p6spy 2020-09-16 18:45:14 | 耗时 1 ms | SQL 语句：
select u.t_user_name from codeworld_user u where t_user_name = '1111';
2020-09-16 18:45:14 INFO  http-nio-8888-exec-1 p6spy 2020-09-16 18:45:14 | 耗时 0 ms | SQL 语句：
select u.t_user_name from codeworld_user u where t_user_name = '1111';
2020-09-16 19:06:13 INFO  http-nio-8888-exec-4 springfox.documentation.spring.web.PropertySourcedRequestMappingHandlerMapping Mapped URL path [/v2/api-docs] onto method [springfox.documentation.swagger2.web.Swagger2Controller#getDocumentation(String, HttpServletRequest)]
2020-09-16 19:06:13 INFO  http-nio-8888-exec-4 com.codeworld.fc.system.user.service.impl.UserServiceImpl Token :null
2020-09-16 19:06:20 INFO  http-nio-8888-exec-5 com.codeworld.fc.system.user.service.impl.UserServiceImpl Token :null
2020-09-16 19:06:35 INFO  http-nio-8888-exec-8 com.codeworld.fc.system.user.service.impl.UserServiceImpl Token :null
2020-09-16 19:06:57 INFO  http-nio-8888-exec-1 p6spy 2020-09-16 19:06:57 | 耗时 0 ms | SQL 语句：
select u.t_user_name from codeworld_user u where t_user_name = 'admin';
2020-09-16 19:07:06 INFO  http-nio-8888-exec-3 p6spy 2020-09-16 19:07:06 | 耗时 0 ms | SQL 语句：
select u.t_user_name from codeworld_user u where t_user_name = '1111';
2020-09-16 19:07:06 INFO  http-nio-8888-exec-6 com.codeworld.fc.system.user.service.impl.UserServiceImpl Token :null
2020-09-16 19:07:48 INFO  http-nio-8888-exec-8 p6spy 2020-09-16 19:07:48 | 耗时 0 ms | SQL 语句：
select u.t_user_name from codeworld_user u where t_user_name = '1111';
2020-09-16 19:07:48 INFO  http-nio-8888-exec-10 com.codeworld.fc.system.user.service.impl.UserServiceImpl Token :null
2020-09-16 19:14:23 INFO  main com.codeworld.fc.CodeworldVueSystemApplication Starting CodeworldVueSystemApplication on DESKTOP-P23KTQ5 with PID 11532 (C:\Users\Lenovo\Desktop\项目\JAVAEE实践\codeworld-vue-system\target\classes started by Lenovo in C:\Users\Lenovo\Desktop\项目\JAVAEE实践\codeworld-vue-system)
2020-09-16 19:14:23 INFO  main com.codeworld.fc.CodeworldVueSystemApplication The following profiles are active: test
2020-09-16 19:14:25 INFO  main org.springframework.context.support.PostProcessorRegistrationDelegate$BeanPostProcessorChecker Bean 'spring.datasource.dynamic-com.baomidou.dynamic.datasource.spring.boot.autoconfigure.DynamicDataSourceProperties' of type [com.baomidou.dynamic.datasource.spring.boot.autoconfigure.DynamicDataSourceProperties] is not eligible for getting processed by all BeanPostProcessors (for example: not eligible for auto-proxying)
2020-09-16 19:14:25 INFO  main org.springframework.context.support.PostProcessorRegistrationDelegate$BeanPostProcessorChecker Bean 'com.baomidou.dynamic.datasource.spring.boot.autoconfigure.DynamicDataSourceAutoConfiguration' of type [com.baomidou.dynamic.datasource.spring.boot.autoconfigure.DynamicDataSourceAutoConfiguration$$EnhancerBySpringCGLIB$$f0932e6c] is not eligible for getting processed by all BeanPostProcessors (for example: not eligible for auto-proxying)
2020-09-16 19:14:25 INFO  main org.springframework.context.support.PostProcessorRegistrationDelegate$BeanPostProcessorChecker Bean 'dsProcessor' of type [com.baomidou.dynamic.datasource.processor.DsHeaderProcessor] is not eligible for getting processed by all BeanPostProcessors (for example: not eligible for auto-proxying)
2020-09-16 19:14:25 INFO  main org.springframework.context.support.PostProcessorRegistrationDelegate$BeanPostProcessorChecker Bean 'dynamicDatasourceAnnotationAdvisor' of type [com.baomidou.dynamic.datasource.aop.DynamicDataSourceAnnotationAdvisor] is not eligible for getting processed by all BeanPostProcessors (for example: not eligible for auto-proxying)
2020-09-16 19:14:25 INFO  main org.springframework.boot.web.embedded.tomcat.TomcatWebServer Tomcat initialized with port(s): 8888 (http)
2020-09-16 19:14:25 INFO  main org.apache.coyote.http11.Http11NioProtocol Initializing ProtocolHandler ["http-nio-8888"]
2020-09-16 19:14:25 INFO  main org.apache.catalina.core.StandardService Starting service [Tomcat]
2020-09-16 19:14:25 INFO  main org.apache.catalina.core.StandardEngine Starting Servlet engine: [Apache Tomcat/9.0.37]
2020-09-16 19:14:25 INFO  main org.apache.catalina.core.ContainerBase.[Tomcat].[localhost].[/] Initializing Spring embedded WebApplicationContext
2020-09-16 19:14:25 INFO  main org.springframework.boot.web.servlet.context.ServletWebServerApplicationContext Root WebApplicationContext: initialization completed in 2747 ms
2020-09-16 19:14:26 INFO  main com.baomidou.dynamic.datasource.DynamicRoutingDataSource 动态数据源-检测到并开启了p6spy
2020-09-16 19:14:26 INFO  main com.zaxxer.hikari.HikariDataSource base - Starting...
2020-09-16 19:14:26 INFO  main com.zaxxer.hikari.HikariDataSource base - Start completed.
2020-09-16 19:14:26 INFO  main com.baomidou.dynamic.datasource.DynamicRoutingDataSource 初始共加载 1 个数据源
2020-09-16 19:14:26 INFO  main com.baomidou.dynamic.datasource.DynamicRoutingDataSource 动态数据源-加载 base 成功
2020-09-16 19:14:26 INFO  main com.baomidou.dynamic.datasource.DynamicRoutingDataSource 当前的默认数据源是单数据源，数据源名为 base
2020-09-16 19:14:27 INFO  main springfox.documentation.spring.web.PropertySourcedRequestMappingHandlerMapping Mapped URL path [/v2/api-docs] onto method [springfox.documentation.swagger2.web.Swagger2Controller#getDocumentation(String, HttpServletRequest)]
2020-09-16 19:14:27 INFO  main org.springframework.scheduling.concurrent.ThreadPoolTaskExecutor Initializing ExecutorService 'applicationTaskExecutor'
2020-09-16 19:14:27 INFO  main org.apache.coyote.http11.Http11NioProtocol Starting ProtocolHandler ["http-nio-8888"]
2020-09-16 19:14:27 INFO  main org.springframework.boot.web.embedded.tomcat.TomcatWebServer Tomcat started on port(s): 8888 (http) with context path ''
2020-09-16 19:14:27 INFO  main springfox.documentation.spring.web.plugins.DocumentationPluginsBootstrapper Context refreshed
2020-09-16 19:14:27 INFO  main springfox.documentation.spring.web.plugins.DocumentationPluginsBootstrapper Found 1 custom documentation plugin(s)
2020-09-16 19:14:27 INFO  main springfox.documentation.spring.web.scanners.ApiListingReferenceScanner Scanning for api listing references
2020-09-16 19:14:28 INFO  main com.codeworld.fc.CodeworldVueSystemApplication Started CodeworldVueSystemApplication in 6.264 seconds (JVM running for 12.063)
2020-09-16 19:15:52 INFO  http-nio-8888-exec-1 org.apache.catalina.core.ContainerBase.[Tomcat].[localhost].[/] Initializing Spring DispatcherServlet 'dispatcherServlet'
2020-09-16 19:15:52 INFO  http-nio-8888-exec-1 org.springframework.web.servlet.DispatcherServlet Initializing Servlet 'dispatcherServlet'
2020-09-16 19:15:52 INFO  http-nio-8888-exec-1 org.springframework.web.servlet.DispatcherServlet Completed initialization in 33 ms
2020-09-16 19:15:53 INFO  http-nio-8888-exec-1 com.codeworld.fc.system.user.service.impl.UserServiceImpl Token :null
2020-09-16 19:16:12 INFO  http-nio-8888-exec-5 p6spy 2020-09-16 19:16:12 | 耗时 0 ms | SQL 语句：
select u.t_user_name from codeworld_user u where t_user_name = '1111';
2020-09-16 19:16:12 INFO  http-nio-8888-exec-7 com.codeworld.fc.system.user.service.impl.UserServiceImpl Token :null
2020-09-16 19:29:24 INFO  http-nio-8888-exec-8 com.codeworld.fc.system.user.service.impl.UserServiceImpl Token :null
2020-09-16 19:29:38 INFO  http-nio-8888-exec-1 com.codeworld.fc.system.user.service.impl.UserServiceImpl Token :null
2020-09-16 19:31:54 INFO  main com.codeworld.fc.CodeworldVueSystemApplication Starting CodeworldVueSystemApplication on DESKTOP-P23KTQ5 with PID 18776 (C:\Users\Lenovo\Desktop\项目\JAVAEE实践\codeworld-vue-system\target\classes started by Lenovo in C:\Users\Lenovo\Desktop\项目\JAVAEE实践\codeworld-vue-system)
2020-09-16 19:31:54 INFO  main com.codeworld.fc.CodeworldVueSystemApplication The following profiles are active: test
2020-09-16 19:31:56 INFO  main org.springframework.context.support.PostProcessorRegistrationDelegate$BeanPostProcessorChecker Bean 'spring.datasource.dynamic-com.baomidou.dynamic.datasource.spring.boot.autoconfigure.DynamicDataSourceProperties' of type [com.baomidou.dynamic.datasource.spring.boot.autoconfigure.DynamicDataSourceProperties] is not eligible for getting processed by all BeanPostProcessors (for example: not eligible for auto-proxying)
2020-09-16 19:31:56 INFO  main org.springframework.context.support.PostProcessorRegistrationDelegate$BeanPostProcessorChecker Bean 'com.baomidou.dynamic.datasource.spring.boot.autoconfigure.DynamicDataSourceAutoConfiguration' of type [com.baomidou.dynamic.datasource.spring.boot.autoconfigure.DynamicDataSourceAutoConfiguration$$EnhancerBySpringCGLIB$$b0e4ce7e] is not eligible for getting processed by all BeanPostProcessors (for example: not eligible for auto-proxying)
2020-09-16 19:31:56 INFO  main org.springframework.context.support.PostProcessorRegistrationDelegate$BeanPostProcessorChecker Bean 'dsProcessor' of type [com.baomidou.dynamic.datasource.processor.DsHeaderProcessor] is not eligible for getting processed by all BeanPostProcessors (for example: not eligible for auto-proxying)
2020-09-16 19:31:56 INFO  main org.springframework.context.support.PostProcessorRegistrationDelegate$BeanPostProcessorChecker Bean 'dynamicDatasourceAnnotationAdvisor' of type [com.baomidou.dynamic.datasource.aop.DynamicDataSourceAnnotationAdvisor] is not eligible for getting processed by all BeanPostProcessors (for example: not eligible for auto-proxying)
2020-09-16 19:31:57 INFO  main org.springframework.boot.web.embedded.tomcat.TomcatWebServer Tomcat initialized with port(s): 8888 (http)
2020-09-16 19:31:57 INFO  main org.apache.coyote.http11.Http11NioProtocol Initializing ProtocolHandler ["http-nio-8888"]
2020-09-16 19:31:57 INFO  main org.apache.catalina.core.StandardService Starting service [Tomcat]
2020-09-16 19:31:57 INFO  main org.apache.catalina.core.StandardEngine Starting Servlet engine: [Apache Tomcat/9.0.37]
2020-09-16 19:31:57 INFO  main org.apache.catalina.core.ContainerBase.[Tomcat].[localhost].[/] Initializing Spring embedded WebApplicationContext
2020-09-16 19:31:57 INFO  main org.springframework.boot.web.servlet.context.ServletWebServerApplicationContext Root WebApplicationContext: initialization completed in 2916 ms
2020-09-16 19:31:58 INFO  main com.baomidou.dynamic.datasource.DynamicRoutingDataSource 动态数据源-检测到并开启了p6spy
2020-09-16 19:31:58 INFO  main com.zaxxer.hikari.HikariDataSource base - Starting...
2020-09-16 19:31:58 INFO  main com.zaxxer.hikari.HikariDataSource base - Start completed.
2020-09-16 19:31:58 INFO  main com.baomidou.dynamic.datasource.DynamicRoutingDataSource 初始共加载 1 个数据源
2020-09-16 19:31:58 INFO  main com.baomidou.dynamic.datasource.DynamicRoutingDataSource 动态数据源-加载 base 成功
2020-09-16 19:31:58 INFO  main com.baomidou.dynamic.datasource.DynamicRoutingDataSource 当前的默认数据源是单数据源，数据源名为 base
2020-09-16 19:31:59 INFO  main springfox.documentation.spring.web.PropertySourcedRequestMappingHandlerMapping Mapped URL path [/v2/api-docs] onto method [springfox.documentation.swagger2.web.Swagger2Controller#getDocumentation(String, HttpServletRequest)]
2020-09-16 19:31:59 INFO  main org.springframework.scheduling.concurrent.ThreadPoolTaskExecutor Initializing ExecutorService 'applicationTaskExecutor'
2020-09-16 19:31:59 INFO  main org.apache.coyote.http11.Http11NioProtocol Starting ProtocolHandler ["http-nio-8888"]
2020-09-16 19:31:59 INFO  main org.springframework.boot.web.embedded.tomcat.TomcatWebServer Tomcat started on port(s): 8888 (http) with context path ''
2020-09-16 19:31:59 INFO  main springfox.documentation.spring.web.plugins.DocumentationPluginsBootstrapper Context refreshed
2020-09-16 19:31:59 INFO  main springfox.documentation.spring.web.plugins.DocumentationPluginsBootstrapper Found 1 custom documentation plugin(s)
2020-09-16 19:31:59 INFO  main springfox.documentation.spring.web.scanners.ApiListingReferenceScanner Scanning for api listing references
2020-09-16 19:31:59 INFO  main com.codeworld.fc.CodeworldVueSystemApplication Started CodeworldVueSystemApplication in 6.032 seconds (JVM running for 11.746)
2020-09-16 19:32:15 INFO  http-nio-8888-exec-1 org.apache.catalina.core.ContainerBase.[Tomcat].[localhost].[/] Initializing Spring DispatcherServlet 'dispatcherServlet'
2020-09-16 19:32:15 INFO  http-nio-8888-exec-1 org.springframework.web.servlet.DispatcherServlet Initializing Servlet 'dispatcherServlet'
2020-09-16 19:32:15 INFO  http-nio-8888-exec-1 org.springframework.web.servlet.DispatcherServlet Completed initialization in 6 ms
2020-09-16 19:34:31 INFO  main com.codeworld.fc.CodeworldVueSystemApplication Starting CodeworldVueSystemApplication on DESKTOP-P23KTQ5 with PID 9404 (C:\Users\Lenovo\Desktop\项目\JAVAEE实践\codeworld-vue-system\target\classes started by Lenovo in C:\Users\Lenovo\Desktop\项目\JAVAEE实践\codeworld-vue-system)
2020-09-16 19:34:31 INFO  main com.codeworld.fc.CodeworldVueSystemApplication The following profiles are active: test
2020-09-16 19:34:33 INFO  main org.springframework.context.support.PostProcessorRegistrationDelegate$BeanPostProcessorChecker Bean 'spring.datasource.dynamic-com.baomidou.dynamic.datasource.spring.boot.autoconfigure.DynamicDataSourceProperties' of type [com.baomidou.dynamic.datasource.spring.boot.autoconfigure.DynamicDataSourceProperties] is not eligible for getting processed by all BeanPostProcessors (for example: not eligible for auto-proxying)
2020-09-16 19:34:33 INFO  main org.springframework.context.support.PostProcessorRegistrationDelegate$BeanPostProcessorChecker Bean 'com.baomidou.dynamic.datasource.spring.boot.autoconfigure.DynamicDataSourceAutoConfiguration' of type [com.baomidou.dynamic.datasource.spring.boot.autoconfigure.DynamicDataSourceAutoConfiguration$$EnhancerBySpringCGLIB$$6a61c02a] is not eligible for getting processed by all BeanPostProcessors (for example: not eligible for auto-proxying)
2020-09-16 19:34:33 INFO  main org.springframework.context.support.PostProcessorRegistrationDelegate$BeanPostProcessorChecker Bean 'dsProcessor' of type [com.baomidou.dynamic.datasource.processor.DsHeaderProcessor] is not eligible for getting processed by all BeanPostProcessors (for example: not eligible for auto-proxying)
2020-09-16 19:34:33 INFO  main org.springframework.context.support.PostProcessorRegistrationDelegate$BeanPostProcessorChecker Bean 'dynamicDatasourceAnnotationAdvisor' of type [com.baomidou.dynamic.datasource.aop.DynamicDataSourceAnnotationAdvisor] is not eligible for getting processed by all BeanPostProcessors (for example: not eligible for auto-proxying)
2020-09-16 19:34:33 INFO  main org.springframework.boot.web.embedded.tomcat.TomcatWebServer Tomcat initialized with port(s): 8888 (http)
2020-09-16 19:34:33 INFO  main org.apache.coyote.http11.Http11NioProtocol Initializing ProtocolHandler ["http-nio-8888"]
2020-09-16 19:34:33 INFO  main org.apache.catalina.core.StandardService Starting service [Tomcat]
2020-09-16 19:34:33 INFO  main org.apache.catalina.core.StandardEngine Starting Servlet engine: [Apache Tomcat/9.0.37]
2020-09-16 19:34:34 INFO  main org.apache.catalina.core.ContainerBase.[Tomcat].[localhost].[/] Initializing Spring embedded WebApplicationContext
2020-09-16 19:34:34 INFO  main org.springframework.boot.web.servlet.context.ServletWebServerApplicationContext Root WebApplicationContext: initialization completed in 3052 ms
2020-09-16 19:34:34 INFO  main com.baomidou.dynamic.datasource.DynamicRoutingDataSource 动态数据源-检测到并开启了p6spy
2020-09-16 19:34:34 INFO  main com.zaxxer.hikari.HikariDataSource base - Starting...
2020-09-16 19:34:34 INFO  main com.zaxxer.hikari.HikariDataSource base - Start completed.
2020-09-16 19:34:34 INFO  main com.baomidou.dynamic.datasource.DynamicRoutingDataSource 初始共加载 1 个数据源
2020-09-16 19:34:34 INFO  main com.baomidou.dynamic.datasource.DynamicRoutingDataSource 动态数据源-加载 base 成功
2020-09-16 19:34:34 INFO  main com.baomidou.dynamic.datasource.DynamicRoutingDataSource 当前的默认数据源是单数据源，数据源名为 base
2020-09-16 19:34:35 INFO  main springfox.documentation.spring.web.PropertySourcedRequestMappingHandlerMapping Mapped URL path [/v2/api-docs] onto method [springfox.documentation.swagger2.web.Swagger2Controller#getDocumentation(String, HttpServletRequest)]
2020-09-16 19:34:35 INFO  main org.springframework.scheduling.concurrent.ThreadPoolTaskExecutor Initializing ExecutorService 'applicationTaskExecutor'
2020-09-16 19:34:35 INFO  main org.apache.coyote.http11.Http11NioProtocol Starting ProtocolHandler ["http-nio-8888"]
2020-09-16 19:34:35 INFO  main org.springframework.boot.web.embedded.tomcat.TomcatWebServer Tomcat started on port(s): 8888 (http) with context path ''
2020-09-16 19:34:35 INFO  main springfox.documentation.spring.web.plugins.DocumentationPluginsBootstrapper Context refreshed
2020-09-16 19:34:35 INFO  main springfox.documentation.spring.web.plugins.DocumentationPluginsBootstrapper Found 1 custom documentation plugin(s)
2020-09-16 19:34:35 INFO  main springfox.documentation.spring.web.scanners.ApiListingReferenceScanner Scanning for api listing references
2020-09-16 19:34:36 INFO  main com.codeworld.fc.CodeworldVueSystemApplication Started CodeworldVueSystemApplication in 6.533 seconds (JVM running for 12.704)
2020-09-16 19:34:46 INFO  http-nio-8888-exec-1 org.apache.catalina.core.ContainerBase.[Tomcat].[localhost].[/] Initializing Spring DispatcherServlet 'dispatcherServlet'
2020-09-16 19:34:46 INFO  http-nio-8888-exec-1 org.springframework.web.servlet.DispatcherServlet Initializing Servlet 'dispatcherServlet'
2020-09-16 19:34:46 INFO  http-nio-8888-exec-1 org.springframework.web.servlet.DispatcherServlet Completed initialization in 8 ms
2020-09-16 19:34:46 INFO  http-nio-8888-exec-3 org.apache.tomcat.util.http.parser.Cookie A cookie header was received [1579774133; __utma=111872281.831053985.1582861814.1582875770.1584267755.5; Idea-aafc89f7=a7b3efd7-3315-46db-8387-b3eb7ff7bbf7; Hm_lvt_d97abf6d61c21d773f97835defbdef4e=1594809530; Webstorm-5dc33a3f=3e27dac4-926d-43b5-b044-1c33978c0955] that contained an invalid cookie. That cookie will be ignored.
 Note: further occurrences of this error will be logged at DEBUG level.
2020-09-16 19:34:46 INFO  http-nio-8888-exec-3 p6spy 2020-09-16 19:34:46 | 耗时 0 ms | SQL 语句：
select u.t_user_name from codeworld_user u where t_user_name = 'admin';
2020-09-16 19:34:51 INFO  http-nio-8888-exec-4 p6spy 2020-09-16 19:34:51 | 耗时 0 ms | SQL 语句：
select u.t_user_name from codeworld_user u where t_user_name = '1111';
2020-09-16 19:34:51 INFO  http-nio-8888-exec-6 com.codeworld.fc.system.user.service.impl.UserServiceImpl Token :eyJ0eXAiOiJKV1QiLCJhbGciOiJIUzI1NiJ9.eyJleHAiOjE2MDAyNTYwOTQsInVzZXJuYW1lIjoiMTExMSJ9.Hldi-ep4q4FkE6nfEHJL6wNq7tcsxnjMe6QwVHuPqh0
2020-09-16 19:36:18 INFO  http-nio-8888-exec-10 p6spy 2020-09-16 19:36:18 | 耗时 0 ms | SQL 语句：
select u.t_user_name from codeworld_user u where t_user_name = '1111';
2020-09-16 19:36:18 INFO  http-nio-8888-exec-3 com.codeworld.fc.system.user.service.impl.UserServiceImpl Token :eyJ0eXAiOiJKV1QiLCJhbGciOiJIUzI1NiJ9.eyJleHAiOjE2MDAyNTYxODEsInVzZXJuYW1lIjoiMTExMSJ9.A_u2x0cky117pj4lEbimNjMfgy1-aaBjKzjOzmp3yXQ
