2020-10-29 17:05:59 INFO  main com.codeworld.fc.CodeworldVueSystemApplication Starting CodeworldVueSystemApplication on DESKTOP-P23KTQ5 with PID 2972 (C:\Users\Lenovo\Desktop\项目\JAVAEE实践\codeworld-vue-system\target\classes started by Lenovo in C:\Users\Lenovo\Desktop\项目\JAVAEE实践\codeworld-vue-system)
2020-10-29 17:05:59 INFO  main com.codeworld.fc.CodeworldVueSystemApplication The following profiles are active: test
2020-10-29 17:06:02 INFO  main org.springframework.data.repository.config.RepositoryConfigurationDelegate Multiple Spring Data modules found, entering strict repository configuration mode!
2020-10-29 17:06:02 INFO  main org.springframework.data.repository.config.RepositoryConfigurationDelegate Bootstrapping Spring Data Redis repositories in DEFAULT mode.
2020-10-29 17:06:02 INFO  main org.springframework.data.repository.config.RepositoryConfigurationDelegate Finished Spring Data repository scanning in 316ms. Found 0 Redis repository interfaces.
2020-10-29 17:06:04 INFO  main org.springframework.context.support.PostProcessorRegistrationDelegate$BeanPostProcessorChecker Bean 'spring.datasource.dynamic-com.baomidou.dynamic.datasource.spring.boot.autoconfigure.DynamicDataSourceProperties' of type [com.baomidou.dynamic.datasource.spring.boot.autoconfigure.DynamicDataSourceProperties] is not eligible for getting processed by all BeanPostProcessors (for example: not eligible for auto-proxying)
2020-10-29 17:06:04 INFO  main org.springframework.context.support.PostProcessorRegistrationDelegate$BeanPostProcessorChecker Bean 'com.baomidou.dynamic.datasource.spring.boot.autoconfigure.DynamicDataSourceAutoConfiguration' of type [com.baomidou.dynamic.datasource.spring.boot.autoconfigure.DynamicDataSourceAutoConfiguration$$EnhancerBySpringCGLIB$$1] is not eligible for getting processed by all BeanPostProcessors (for example: not eligible for auto-proxying)
2020-10-29 17:06:04 INFO  main org.springframework.context.support.PostProcessorRegistrationDelegate$BeanPostProcessorChecker Bean 'dsProcessor' of type [com.baomidou.dynamic.datasource.processor.DsHeaderProcessor] is not eligible for getting processed by all BeanPostProcessors (for example: not eligible for auto-proxying)
2020-10-29 17:06:04 INFO  main org.springframework.context.support.PostProcessorRegistrationDelegate$BeanPostProcessorChecker Bean 'dynamicDatasourceAnnotationAdvisor' of type [com.baomidou.dynamic.datasource.aop.DynamicDataSourceAnnotationAdvisor] is not eligible for getting processed by all BeanPostProcessors (for example: not eligible for auto-proxying)
2020-10-29 17:06:04 INFO  main org.springframework.context.support.PostProcessorRegistrationDelegate$BeanPostProcessorChecker Bean 'org.springframework.security.access.expression.method.DefaultMethodSecurityExpressionHandler@6f289728' of type [org.springframework.security.access.expression.method.DefaultMethodSecurityExpressionHandler] is not eligible for getting processed by all BeanPostProcessors (for example: not eligible for auto-proxying)
2020-10-29 17:06:04 INFO  main org.springframework.context.support.PostProcessorRegistrationDelegate$BeanPostProcessorChecker Bean 'methodSecurityMetadataSource' of type [org.springframework.security.access.method.DelegatingMethodSecurityMetadataSource] is not eligible for getting processed by all BeanPostProcessors (for example: not eligible for auto-proxying)
2020-10-29 17:06:05 INFO  main org.springframework.boot.web.embedded.tomcat.TomcatWebServer Tomcat initialized with port(s): 8888 (http)
2020-10-29 17:06:05 INFO  main org.apache.coyote.http11.Http11NioProtocol Initializing ProtocolHandler ["http-nio-8888"]
2020-10-29 17:06:05 INFO  main org.apache.catalina.core.StandardService Starting service [Tomcat]
2020-10-29 17:06:05 INFO  main org.apache.catalina.core.StandardEngine Starting Servlet engine: [Apache Tomcat/9.0.37]
2020-10-29 17:06:05 INFO  main org.apache.catalina.core.ContainerBase.[Tomcat].[localhost].[/] Initializing Spring embedded WebApplicationContext
2020-10-29 17:06:05 INFO  main org.springframework.boot.web.servlet.context.ServletWebServerApplicationContext Root WebApplicationContext: initialization completed in 6029 ms
2020-10-29 17:06:05 INFO  main com.baomidou.dynamic.datasource.DynamicRoutingDataSource 动态数据源-检测到并开启了p6spy
2020-10-29 17:06:05 INFO  main com.zaxxer.hikari.HikariDataSource base - Starting...
2020-10-29 17:06:06 INFO  main com.zaxxer.hikari.HikariDataSource base - Start completed.
2020-10-29 17:06:06 INFO  main com.zaxxer.hikari.HikariDataSource quartz - Starting...
2020-10-29 17:06:06 INFO  main com.zaxxer.hikari.HikariDataSource quartz - Start completed.
2020-10-29 17:06:06 INFO  main com.baomidou.dynamic.datasource.DynamicRoutingDataSource 初始共加载 2 个数据源
2020-10-29 17:06:06 INFO  main com.baomidou.dynamic.datasource.DynamicRoutingDataSource 动态数据源-加载 quartz 成功
2020-10-29 17:06:06 INFO  main com.baomidou.dynamic.datasource.DynamicRoutingDataSource 动态数据源-加载 base 成功
2020-10-29 17:06:06 INFO  main com.baomidou.dynamic.datasource.DynamicRoutingDataSource 当前的默认数据源是单数据源，数据源名为 base
2020-10-29 17:06:07 INFO  main org.quartz.impl.StdSchedulerFactory Using default implementation for ThreadExecutor
2020-10-29 17:06:07 INFO  main org.quartz.core.SchedulerSignalerImpl Initialized Scheduler Signaller of type: class org.quartz.core.SchedulerSignalerImpl
2020-10-29 17:06:07 INFO  main org.quartz.core.QuartzScheduler Quartz Scheduler v.2.3.2 created.
2020-10-29 17:06:07 INFO  main org.springframework.scheduling.quartz.LocalDataSourceJobStore Using db table-based data access locking (synchronization).
2020-10-29 17:06:07 INFO  main org.springframework.scheduling.quartz.LocalDataSourceJobStore JobStoreCMT initialized.
2020-10-29 17:06:07 INFO  main org.quartz.core.QuartzScheduler Scheduler meta-data: Quartz Scheduler (v2.3.2) 'FC_Scheduler' with instanceId 'DESKTOP-P23KTQ51603962367903'
  Scheduler class: 'org.quartz.core.QuartzScheduler' - running locally.
  NOT STARTED.
  Currently in standby mode.
  Number of jobs executed: 0
  Using thread pool 'org.quartz.simpl.SimpleThreadPool' - with 20 threads.
  Using job-store 'org.springframework.scheduling.quartz.LocalDataSourceJobStore' - which supports persistence. and is clustered.

2020-10-29 17:06:07 INFO  main org.quartz.impl.StdSchedulerFactory Quartz scheduler 'FC_Scheduler' initialized from an externally provided properties instance.
2020-10-29 17:06:07 INFO  main org.quartz.impl.StdSchedulerFactory Quartz scheduler version: 2.3.2
2020-10-29 17:06:07 INFO  main org.quartz.core.QuartzScheduler JobFactory set to: org.springframework.scheduling.quartz.AdaptableJobFactory@10cb5047
2020-10-29 17:06:08 INFO  main p6spy 2020-10-29 17:06:08 | 耗时 3 ms | SQL 语句：
select * from codeworld_job order by t_job_create_time DESC;
2020-10-29 17:06:09 INFO  main org.springframework.boot.actuate.endpoint.web.EndpointLinksResolver Exposing 2 endpoint(s) beneath base path '/actuator'
2020-10-29 17:06:10 INFO  main org.springframework.security.web.DefaultSecurityFilterChain Creating filter chain: any request, [org.springframework.security.web.context.request.async.WebAsyncManagerIntegrationFilter@3ad5f99, org.springframework.security.web.context.SecurityContextPersistenceFilter@5b5f06bb, org.springframework.security.web.header.HeaderWriterFilter@5fa0943d, org.springframework.web.filter.CorsFilter@eebc0db, org.springframework.security.web.authentication.logout.LogoutFilter@44b1d2fa, org.springframework.security.web.savedrequest.RequestCacheAwareFilter@54519d74, org.springframework.security.web.servletapi.SecurityContextHolderAwareRequestFilter@50ad5625, org.springframework.security.web.authentication.AnonymousAuthenticationFilter@72b4ecb2, org.springframework.security.web.session.SessionManagementFilter@79fbcef4, org.springframework.security.web.access.ExceptionTranslationFilter@1315f1d5, org.springframework.security.web.access.intercept.FilterSecurityInterceptor@318beab4]
2020-10-29 17:06:10 INFO  main springfox.documentation.spring.web.PropertySourcedRequestMappingHandlerMapping Mapped URL path [/v2/api-docs] onto method [springfox.documentation.swagger2.web.Swagger2Controller#getDocumentation(String, HttpServletRequest)]
2020-10-29 17:06:10 INFO  main org.springframework.scheduling.concurrent.ThreadPoolTaskExecutor Initializing ExecutorService 'applicationTaskExecutor'
2020-10-29 17:06:14 INFO  main org.apache.coyote.http11.Http11NioProtocol Starting ProtocolHandler ["http-nio-8888"]
2020-10-29 17:06:15 INFO  main org.springframework.boot.web.embedded.tomcat.TomcatWebServer Tomcat started on port(s): 8888 (http) with context path ''
2020-10-29 17:06:15 INFO  main springfox.documentation.spring.web.plugins.DocumentationPluginsBootstrapper Context refreshed
2020-10-29 17:06:15 INFO  main springfox.documentation.spring.web.plugins.DocumentationPluginsBootstrapper Found 1 custom documentation plugin(s)
2020-10-29 17:06:16 INFO  main springfox.documentation.spring.web.scanners.ApiListingReferenceScanner Scanning for api listing references
2020-10-29 17:06:17 INFO  main org.springframework.scheduling.quartz.SchedulerFactoryBean Will start Quartz Scheduler [FC_Scheduler] in 1 seconds
2020-10-29 17:06:17 INFO  main com.codeworld.fc.CodeworldVueSystemApplication Started CodeworldVueSystemApplication in 20.016 seconds (JVM running for 28.002)
2020-10-29 17:06:18 INFO  Quartz Scheduler [FC_Scheduler] org.springframework.scheduling.quartz.SchedulerFactoryBean Starting Quartz Scheduler now, after delay of 1 seconds
2020-10-29 17:06:18 INFO  Quartz Scheduler [FC_Scheduler] org.springframework.scheduling.quartz.LocalDataSourceJobStore ClusterManager: detected 1 failed or restarted instances.
2020-10-29 17:06:18 INFO  Quartz Scheduler [FC_Scheduler] org.springframework.scheduling.quartz.LocalDataSourceJobStore ClusterManager: Scanning for instance "DESKTOP-P23KTQ51603252236723"'s failed in-progress jobs.
2020-10-29 17:06:18 INFO  Quartz Scheduler [FC_Scheduler] org.quartz.core.QuartzScheduler Scheduler FC_Scheduler_$_DESKTOP-P23KTQ51603962367903 started.
2020-10-29 17:06:18 INFO  RMI TCP Connection(4)-192.168.137.1 org.apache.catalina.core.ContainerBase.[Tomcat].[localhost].[/] Initializing Spring DispatcherServlet 'dispatcherServlet'
2020-10-29 17:06:18 INFO  RMI TCP Connection(4)-192.168.137.1 org.springframework.web.servlet.DispatcherServlet Initializing Servlet 'dispatcherServlet'
2020-10-29 17:06:18 INFO  RMI TCP Connection(4)-192.168.137.1 org.springframework.web.servlet.DispatcherServlet Completed initialization in 25 ms
