2020-08-24 00:04:21 INFO  http-nio-8888-exec-8 p6spy 2020-08-24 00:04:21 | 耗时 0 ms | SQL 语句：
select * from codeworld_user order by t_create_time DESC;
2020-08-24 00:04:54 INFO  http-nio-8888-exec-2 p6spy 2020-08-24 00:04:54 | 耗时 0 ms | SQL 语句：
select * from codeworld_user order by t_create_time DESC;
2020-08-24 09:42:27 INFO  main com.codeworld.fc.CodeworldVueSystemApplication Starting CodeworldVueSystemApplication on DESKTOP-P23KTQ5 with PID 19256 (C:\Users\Lenovo\Desktop\项目\JAVAEE实践\codeworld-vue-system\target\classes started by Lenovo in C:\Users\Lenovo\Desktop\项目\JAVAEE实践\codeworld-vue-system)
2020-08-24 09:42:27 INFO  main com.codeworld.fc.CodeworldVueSystemApplication The following profiles are active: test
2020-08-24 09:42:30 INFO  main org.springframework.context.support.PostProcessorRegistrationDelegate$BeanPostProcessorChecker Bean 'spring.datasource.dynamic-com.baomidou.dynamic.datasource.spring.boot.autoconfigure.DynamicDataSourceProperties' of type [com.baomidou.dynamic.datasource.spring.boot.autoconfigure.DynamicDataSourceProperties] is not eligible for getting processed by all BeanPostProcessors (for example: not eligible for auto-proxying)
2020-08-24 09:42:30 INFO  main org.springframework.context.support.PostProcessorRegistrationDelegate$BeanPostProcessorChecker Bean 'com.baomidou.dynamic.datasource.spring.boot.autoconfigure.DynamicDataSourceAutoConfiguration' of type [com.baomidou.dynamic.datasource.spring.boot.autoconfigure.DynamicDataSourceAutoConfiguration$$EnhancerBySpringCGLIB$$8506324] is not eligible for getting processed by all BeanPostProcessors (for example: not eligible for auto-proxying)
2020-08-24 09:42:30 INFO  main org.springframework.context.support.PostProcessorRegistrationDelegate$BeanPostProcessorChecker Bean 'dsProcessor' of type [com.baomidou.dynamic.datasource.processor.DsHeaderProcessor] is not eligible for getting processed by all BeanPostProcessors (for example: not eligible for auto-proxying)
2020-08-24 09:42:30 INFO  main org.springframework.context.support.PostProcessorRegistrationDelegate$BeanPostProcessorChecker Bean 'dynamicDatasourceAnnotationAdvisor' of type [com.baomidou.dynamic.datasource.aop.DynamicDataSourceAnnotationAdvisor] is not eligible for getting processed by all BeanPostProcessors (for example: not eligible for auto-proxying)
2020-08-24 09:42:30 INFO  main org.springframework.boot.web.embedded.tomcat.TomcatWebServer Tomcat initialized with port(s): 8888 (http)
2020-08-24 09:42:30 INFO  main org.apache.coyote.http11.Http11NioProtocol Initializing ProtocolHandler ["http-nio-8888"]
2020-08-24 09:42:30 INFO  main org.apache.catalina.core.StandardService Starting service [Tomcat]
2020-08-24 09:42:30 INFO  main org.apache.catalina.core.StandardEngine Starting Servlet engine: [Apache Tomcat/9.0.37]
2020-08-24 09:42:30 INFO  main org.apache.catalina.core.ContainerBase.[Tomcat].[localhost].[/] Initializing Spring embedded WebApplicationContext
2020-08-24 09:42:30 INFO  main org.springframework.boot.web.servlet.context.ServletWebServerApplicationContext Root WebApplicationContext: initialization completed in 3108 ms
2020-08-24 09:42:31 INFO  main com.baomidou.dynamic.datasource.DynamicRoutingDataSource 动态数据源-检测到并开启了p6spy
2020-08-24 09:42:31 INFO  main com.zaxxer.hikari.HikariDataSource base - Starting...
2020-08-24 09:42:31 INFO  main com.zaxxer.hikari.HikariDataSource base - Start completed.
2020-08-24 09:42:31 INFO  main com.baomidou.dynamic.datasource.DynamicRoutingDataSource 初始共加载 1 个数据源
2020-08-24 09:42:31 INFO  main com.baomidou.dynamic.datasource.DynamicRoutingDataSource 动态数据源-加载 base 成功
2020-08-24 09:42:31 INFO  main com.baomidou.dynamic.datasource.DynamicRoutingDataSource 当前的默认数据源是单数据源，数据源名为 base
2020-08-24 09:42:32 INFO  main springfox.documentation.spring.web.PropertySourcedRequestMappingHandlerMapping Mapped URL path [/v2/api-docs] onto method [springfox.documentation.swagger2.web.Swagger2Controller#getDocumentation(String, HttpServletRequest)]
2020-08-24 09:42:32 INFO  main org.springframework.scheduling.concurrent.ThreadPoolTaskExecutor Initializing ExecutorService 'applicationTaskExecutor'
2020-08-24 09:42:32 INFO  main org.apache.coyote.http11.Http11NioProtocol Starting ProtocolHandler ["http-nio-8888"]
2020-08-24 09:42:32 INFO  main org.springframework.boot.web.embedded.tomcat.TomcatWebServer Tomcat started on port(s): 8888 (http) with context path ''
2020-08-24 09:42:32 INFO  main springfox.documentation.spring.web.plugins.DocumentationPluginsBootstrapper Context refreshed
2020-08-24 09:42:32 INFO  main springfox.documentation.spring.web.plugins.DocumentationPluginsBootstrapper Found 1 custom documentation plugin(s)
2020-08-24 09:42:33 INFO  main springfox.documentation.spring.web.scanners.ApiListingReferenceScanner Scanning for api listing references
2020-08-24 09:42:33 INFO  main com.codeworld.fc.CodeworldVueSystemApplication Started CodeworldVueSystemApplication in 7.071 seconds (JVM running for 11.104)
2020-08-24 09:42:43 INFO  http-nio-8888-exec-1 org.apache.catalina.core.ContainerBase.[Tomcat].[localhost].[/] Initializing Spring DispatcherServlet 'dispatcherServlet'
2020-08-24 09:42:43 INFO  http-nio-8888-exec-1 org.springframework.web.servlet.DispatcherServlet Initializing Servlet 'dispatcherServlet'
2020-08-24 09:42:43 INFO  http-nio-8888-exec-1 org.springframework.web.servlet.DispatcherServlet Completed initialization in 11 ms
2020-08-24 09:43:18 INFO  http-nio-8888-exec-8 p6spy 2020-08-24 09:43:18 | 耗时 1 ms | SQL 语句：
select * from codeworld_user order by t_create_time DESC;
2020-08-24 10:15:45 INFO  http-nio-8888-exec-3 p6spy 2020-08-24 10:15:45 | 耗时 1 ms | SQL 语句：
select * from codeworld_user order by t_create_time DESC;
2020-08-24 10:16:47 INFO  http-nio-8888-exec-8 p6spy 2020-08-24 10:16:47 | 耗时 0 ms | SQL 语句：
select * from codeworld_user order by t_create_time DESC;
2020-08-24 10:33:42 INFO  http-nio-8888-exec-3 p6spy 2020-08-24 10:33:42 | 耗时 1 ms | SQL 语句：
select * from codeworld_user order by t_create_time DESC;
2020-08-24 10:46:38 INFO  http-nio-8888-exec-3 p6spy 2020-08-24 10:46:38 | 耗时 0 ms | SQL 语句：
select * from codeworld_user order by t_create_time DESC;
2020-08-24 10:49:11 INFO  http-nio-8888-exec-8 p6spy 2020-08-24 10:49:11 | 耗时 0 ms | SQL 语句：
select * from codeworld_user order by t_create_time DESC;
2020-08-24 10:49:28 INFO  http-nio-8888-exec-10 p6spy 2020-08-24 10:49:28 | 耗时 0 ms | SQL 语句：
select * from codeworld_user WHERE t_user_status = 1 order by t_create_time DESC;
2020-08-24 10:49:55 INFO  http-nio-8888-exec-4 p6spy 2020-08-24 10:49:55 | 耗时 0 ms | SQL 语句：
select * from codeworld_user order by t_create_time DESC;
2020-08-24 10:50:01 INFO  http-nio-8888-exec-6 p6spy 2020-08-24 10:50:01 | 耗时 0 ms | SQL 语句：
select * from codeworld_user WHERE t_user_status = 0 order by t_create_time DESC;
2020-08-24 10:50:42 INFO  http-nio-8888-exec-10 com.codeworld.fc.system.user.service.impl.UserServiceImpl 信息：UserSearchRequest(page=1, limit=20, userName=, userEmail=, userPhone=, userStatus=null)
2020-08-24 10:50:42 INFO  http-nio-8888-exec-10 p6spy 2020-08-24 10:50:42 | 耗时 1 ms | SQL 语句：
select * from codeworld_user order by t_create_time DESC;
2020-08-24 10:51:01 INFO  http-nio-8888-exec-2 com.codeworld.fc.system.user.service.impl.UserServiceImpl 信息：UserSearchRequest(page=1, limit=20, userName=, userEmail=, userPhone=, userStatus=0)
2020-08-24 10:51:01 INFO  http-nio-8888-exec-2 p6spy 2020-08-24 10:51:01 | 耗时 0 ms | SQL 语句：
select * from codeworld_user WHERE t_user_status = 0 order by t_create_time DESC;
2020-08-24 10:51:10 INFO  http-nio-8888-exec-4 com.codeworld.fc.system.user.service.impl.UserServiceImpl 信息：UserSearchRequest(page=1, limit=20, userName=, userEmail=, userPhone=, userStatus=1)
2020-08-24 10:51:10 INFO  http-nio-8888-exec-4 p6spy 2020-08-24 10:51:10 | 耗时 0 ms | SQL 语句：
select * from codeworld_user WHERE t_user_status = 1 order by t_create_time DESC;
2020-08-24 11:00:13 INFO  http-nio-8888-exec-9 p6spy 2020-08-24 11:00:13 | 耗时 1 ms | SQL 语句：
SELECT count(0) FROM codeworld_user;
2020-08-24 11:00:13 INFO  http-nio-8888-exec-9 p6spy 2020-08-24 11:00:13 | 耗时 0 ms | SQL 语句：
select * from codeworld_user order by t_create_time DESC LIMIT 20 ;
2020-08-24 11:00:20 INFO  http-nio-8888-exec-1 p6spy 2020-08-24 11:00:20 | 耗时 10 ms | SQL 语句：
select count(0) from (select * from codeworld_user WHERE t_user_email like "%"'168'"%" order by t_create_time DESC) tmp_count;
2020-08-24 11:01:45 INFO  http-nio-8888-exec-4 springfox.documentation.spring.web.PropertySourcedRequestMappingHandlerMapping Mapped URL path [/v2/api-docs] onto method [springfox.documentation.swagger2.web.Swagger2Controller#getDocumentation(String, HttpServletRequest)]
2020-08-24 11:02:16 INFO  http-nio-8888-exec-2 springfox.documentation.spring.web.PropertySourcedRequestMappingHandlerMapping Mapped URL path [/v2/api-docs] onto method [springfox.documentation.swagger2.web.Swagger2Controller#getDocumentation(String, HttpServletRequest)]
2020-08-24 11:02:17 INFO  http-nio-8888-exec-4 p6spy 2020-08-24 11:02:17 | 耗时 0 ms | SQL 语句：
SELECT count(0) FROM codeworld_user;
2020-08-24 11:02:17 INFO  http-nio-8888-exec-4 p6spy 2020-08-24 11:02:17 | 耗时 1 ms | SQL 语句：
select * from codeworld_user order by t_create_time DESC LIMIT 20 ;
2020-08-24 11:02:42 INFO  http-nio-8888-exec-6 p6spy 2020-08-24 11:02:42 | 耗时 0 ms | SQL 语句：
select count(0) from (select * from codeworld_user WHERE t_user_name like "%"'1'"%" order by t_create_time DESC) tmp_count;
2020-08-24 11:02:42 INFO  http-nio-8888-exec-6 p6spy 2020-08-24 11:02:42 | 耗时 0 ms | SQL 语句：
select * from codeworld_user WHERE t_user_name like "%"'1'"%" order by t_create_time DESC LIMIT 20 ;
2020-08-24 11:02:46 INFO  http-nio-8888-exec-7 p6spy 2020-08-24 11:02:46 | 耗时 0 ms | SQL 语句：
select count(0) from (select * from codeworld_user WHERE t_user_name like "%"'1'"%" order by t_create_time DESC) tmp_count;
2020-08-24 11:02:46 INFO  http-nio-8888-exec-7 p6spy 2020-08-24 11:02:46 | 耗时 0 ms | SQL 语句：
select * from codeworld_user WHERE t_user_name like "%"'1'"%" order by t_create_time DESC LIMIT 10 ;
2020-08-24 11:02:52 INFO  http-nio-8888-exec-9 p6spy 2020-08-24 11:02:52 | 耗时 0 ms | SQL 语句：
select count(0) from (select * from codeworld_user WHERE t_user_name like "%"'1'"%" order by t_create_time DESC) tmp_count;
2020-08-24 11:02:52 INFO  http-nio-8888-exec-9 p6spy 2020-08-24 11:02:52 | 耗时 0 ms | SQL 语句：
select * from codeworld_user WHERE t_user_name like "%"'1'"%" order by t_create_time DESC LIMIT 50 ;
2020-08-24 11:03:33 INFO  http-nio-8888-exec-3 p6spy 2020-08-24 11:03:33 | 耗时 0 ms | SQL 语句：
SELECT count(0) FROM codeworld_user;
2020-08-24 11:03:33 INFO  http-nio-8888-exec-3 p6spy 2020-08-24 11:03:33 | 耗时 0 ms | SQL 语句：
select * from codeworld_user order by t_create_time DESC LIMIT 20 ;
2020-08-24 11:09:32 INFO  http-nio-8888-exec-8 p6spy 2020-08-24 11:09:32 | 耗时 0 ms | SQL 语句：
SELECT count(0) FROM codeworld_user;
2020-08-24 11:09:32 INFO  http-nio-8888-exec-8 p6spy 2020-08-24 11:09:32 | 耗时 1 ms | SQL 语句：
select * from codeworld_user order by t_create_time DESC LIMIT 20 ;
2020-08-24 15:42:24 INFO  main com.codeworld.fc.CodeworldVueSystemApplication Starting CodeworldVueSystemApplication on DESKTOP-P23KTQ5 with PID 8432 (C:\Users\Lenovo\Desktop\项目\JAVAEE实践\codeworld-vue-system\target\classes started by Lenovo in C:\Users\Lenovo\Desktop\项目\JAVAEE实践\codeworld-vue-system)
2020-08-24 15:42:24 INFO  main com.codeworld.fc.CodeworldVueSystemApplication The following profiles are active: test
2020-08-24 15:42:28 INFO  main org.springframework.context.support.PostProcessorRegistrationDelegate$BeanPostProcessorChecker Bean 'spring.datasource.dynamic-com.baomidou.dynamic.datasource.spring.boot.autoconfigure.DynamicDataSourceProperties' of type [com.baomidou.dynamic.datasource.spring.boot.autoconfigure.DynamicDataSourceProperties] is not eligible for getting processed by all BeanPostProcessors (for example: not eligible for auto-proxying)
2020-08-24 15:42:28 INFO  main org.springframework.context.support.PostProcessorRegistrationDelegate$BeanPostProcessorChecker Bean 'com.baomidou.dynamic.datasource.spring.boot.autoconfigure.DynamicDataSourceAutoConfiguration' of type [com.baomidou.dynamic.datasource.spring.boot.autoconfigure.DynamicDataSourceAutoConfiguration$$EnhancerBySpringCGLIB$$f2c9ce0d] is not eligible for getting processed by all BeanPostProcessors (for example: not eligible for auto-proxying)
2020-08-24 15:42:28 INFO  main org.springframework.context.support.PostProcessorRegistrationDelegate$BeanPostProcessorChecker Bean 'dsProcessor' of type [com.baomidou.dynamic.datasource.processor.DsHeaderProcessor] is not eligible for getting processed by all BeanPostProcessors (for example: not eligible for auto-proxying)
2020-08-24 15:42:28 INFO  main org.springframework.context.support.PostProcessorRegistrationDelegate$BeanPostProcessorChecker Bean 'dynamicDatasourceAnnotationAdvisor' of type [com.baomidou.dynamic.datasource.aop.DynamicDataSourceAnnotationAdvisor] is not eligible for getting processed by all BeanPostProcessors (for example: not eligible for auto-proxying)
2020-08-24 15:42:28 INFO  main org.springframework.boot.web.embedded.tomcat.TomcatWebServer Tomcat initialized with port(s): 8888 (http)
2020-08-24 15:42:28 INFO  main org.apache.coyote.http11.Http11NioProtocol Initializing ProtocolHandler ["http-nio-8888"]
2020-08-24 15:42:28 INFO  main org.apache.catalina.core.StandardService Starting service [Tomcat]
2020-08-24 15:42:28 INFO  main org.apache.catalina.core.StandardEngine Starting Servlet engine: [Apache Tomcat/9.0.37]
2020-08-24 15:42:29 INFO  main org.apache.catalina.core.ContainerBase.[Tomcat].[localhost].[/] Initializing Spring embedded WebApplicationContext
2020-08-24 15:42:29 INFO  main org.springframework.boot.web.servlet.context.ServletWebServerApplicationContext Root WebApplicationContext: initialization completed in 4862 ms
2020-08-24 15:42:29 INFO  main com.baomidou.dynamic.datasource.DynamicRoutingDataSource 动态数据源-检测到并开启了p6spy
2020-08-24 15:42:29 INFO  main com.zaxxer.hikari.HikariDataSource base - Starting...
2020-08-24 15:42:30 INFO  main com.zaxxer.hikari.HikariDataSource base - Start completed.
2020-08-24 15:42:30 INFO  main com.baomidou.dynamic.datasource.DynamicRoutingDataSource 初始共加载 1 个数据源
2020-08-24 15:42:30 INFO  main com.baomidou.dynamic.datasource.DynamicRoutingDataSource 动态数据源-加载 base 成功
2020-08-24 15:42:30 INFO  main com.baomidou.dynamic.datasource.DynamicRoutingDataSource 当前的默认数据源是单数据源，数据源名为 base
2020-08-24 15:42:30 INFO  main springfox.documentation.spring.web.PropertySourcedRequestMappingHandlerMapping Mapped URL path [/v2/api-docs] onto method [springfox.documentation.swagger2.web.Swagger2Controller#getDocumentation(String, HttpServletRequest)]
2020-08-24 15:42:31 INFO  main org.springframework.scheduling.concurrent.ThreadPoolTaskExecutor Initializing ExecutorService 'applicationTaskExecutor'
2020-08-24 15:42:31 INFO  main org.springframework.boot.autoconfigure.security.servlet.UserDetailsServiceAutoConfiguration 

Using generated security password: 6c1f04d4-f849-44bf-a935-0da0c7a3d26e

2020-08-24 15:42:31 INFO  main org.springframework.security.web.DefaultSecurityFilterChain Creating filter chain: any request, [org.springframework.security.web.context.request.async.WebAsyncManagerIntegrationFilter@7c07deff, org.springframework.security.web.context.SecurityContextPersistenceFilter@6c96dc5c, org.springframework.security.web.header.HeaderWriterFilter@2735a7dc, org.springframework.security.web.csrf.CsrfFilter@4d1f6e1c, org.springframework.security.web.authentication.logout.LogoutFilter@6c27be1d, org.springframework.security.web.authentication.UsernamePasswordAuthenticationFilter@51a06fd5, org.springframework.security.web.authentication.ui.DefaultLoginPageGeneratingFilter@3a744e32, org.springframework.security.web.authentication.ui.DefaultLogoutPageGeneratingFilter@65374526, org.springframework.security.web.savedrequest.RequestCacheAwareFilter@6ca9ec77, org.springframework.security.web.servletapi.SecurityContextHolderAwareRequestFilter@492e9e87, org.springframework.security.web.authentication.AnonymousAuthenticationFilter@664c0466, org.springframework.security.web.session.SessionManagementFilter@2c9430c6, org.springframework.security.web.access.ExceptionTranslationFilter@1deca369, org.springframework.security.web.access.intercept.FilterSecurityInterceptor@6c7bc8ac]
2020-08-24 15:42:31 INFO  main org.apache.coyote.http11.Http11NioProtocol Starting ProtocolHandler ["http-nio-8888"]
2020-08-24 15:42:32 INFO  main org.springframework.boot.web.embedded.tomcat.TomcatWebServer Tomcat started on port(s): 8888 (http) with context path ''
2020-08-24 15:42:32 INFO  main springfox.documentation.spring.web.plugins.DocumentationPluginsBootstrapper Context refreshed
2020-08-24 15:42:32 INFO  main springfox.documentation.spring.web.plugins.DocumentationPluginsBootstrapper Found 1 custom documentation plugin(s)
2020-08-24 15:42:32 INFO  main springfox.documentation.spring.web.scanners.ApiListingReferenceScanner Scanning for api listing references
2020-08-24 15:42:32 INFO  main com.codeworld.fc.CodeworldVueSystemApplication Started CodeworldVueSystemApplication in 9.757 seconds (JVM running for 15.904)
2020-08-24 15:42:59 INFO  http-nio-8888-exec-1 org.apache.catalina.core.ContainerBase.[Tomcat].[localhost].[/] Initializing Spring DispatcherServlet 'dispatcherServlet'
2020-08-24 15:42:59 INFO  http-nio-8888-exec-1 org.springframework.web.servlet.DispatcherServlet Initializing Servlet 'dispatcherServlet'
2020-08-24 15:42:59 INFO  http-nio-8888-exec-1 org.springframework.web.servlet.DispatcherServlet Completed initialization in 11 ms
