2020-10-09 16:47:11 ERROR main org.springframework.boot.web.embedded.tomcat.TomcatStarter Error starting Tomcat context. Exception: org.springframework.beans.factory.BeanCreationException. Message: Error creating bean with name 'servletEndpointRegistrar' defined in class path resource [org/springframework/boot/actuate/autoconfigure/endpoint/web/ServletEndpointManagementContextConfiguration$WebMvcServletEndpointManagementContextConfiguration.class]: Bean instantiation via factory method failed; nested exception is org.springframework.beans.BeanInstantiationException: Failed to instantiate [org.springframework.boot.actuate.endpoint.web.ServletEndpointRegistrar]: Factory method 'servletEndpointRegistrar' threw exception; nested exception is java.lang.ClassCastException: org.springframework.boot.actuate.endpoint.annotation.EndpointDiscoverer$EndpointBean cannot be cast to org.springframework.boot.JrEndPointBean
2020-10-09 16:47:11 ERROR main org.springframework.boot.SpringApplication Application run failed
org.springframework.context.ApplicationContextException: Unable to start web server; nested exception is org.springframework.boot.web.server.WebServerException: Unable to start embedded Tomcat
	at org.springframework.boot.web.servlet.context.ServletWebServerApplicationContext.onRefresh(ServletWebServerApplicationContext.java:161)
	at org.springframework.context.support.AbstractApplicationContext.__refresh(AbstractApplicationContext.java:545)
	at org.springframework.context.support.AbstractApplicationContext.jrLockAndRefresh(AbstractApplicationContext.java:40002)
	at org.springframework.context.support.AbstractApplicationContext.refresh(AbstractApplicationContext.java:41008)
	at org.springframework.boot.web.servlet.context.ServletWebServerApplicationContext.refresh(ServletWebServerApplicationContext.java:143)
	at org.springframework.boot.SpringApplication.refresh(SpringApplication.java:758)
	at org.springframework.boot.SpringApplication.refresh(SpringApplication.java:750)
	at org.springframework.boot.SpringApplication.refreshContext(SpringApplication.java:397)
	at org.springframework.boot.SpringApplication.run(SpringApplication.java:315)
	at org.springframework.boot.SpringApplication.run(SpringApplication.java:1237)
	at org.springframework.boot.SpringApplication.run(SpringApplication.java:1226)
	at com.codeworld.fc.CodeworldVueSystemApplication.main(CodeworldVueSystemApplication.java:10)
Caused by: org.springframework.boot.web.server.WebServerException: Unable to start embedded Tomcat
	at org.springframework.boot.web.embedded.tomcat.TomcatWebServer.initialize(TomcatWebServer.java:142)
	at org.springframework.boot.web.embedded.tomcat.TomcatWebServer.<init>(TomcatWebServer.java:104)
	at org.springframework.boot.web.embedded.tomcat.TomcatServletWebServerFactory.getTomcatWebServer(TomcatServletWebServerFactory.java:437)
	at org.springframework.boot.web.embedded.tomcat.TomcatServletWebServerFactory.getWebServer(TomcatServletWebServerFactory.java:191)
	at org.springframework.boot.web.servlet.context.ServletWebServerApplicationContext.createWebServer(ServletWebServerApplicationContext.java:178)
	at org.springframework.boot.web.servlet.context.ServletWebServerApplicationContext.onRefresh(ServletWebServerApplicationContext.java:158)
	... 11 common frames omitted
Caused by: org.springframework.beans.factory.BeanCreationException: Error creating bean with name 'servletEndpointRegistrar' defined in class path resource [org/springframework/boot/actuate/autoconfigure/endpoint/web/ServletEndpointManagementContextConfiguration$WebMvcServletEndpointManagementContextConfiguration.class]: Bean instantiation via factory method failed; nested exception is org.springframework.beans.BeanInstantiationException: Failed to instantiate [org.springframework.boot.actuate.endpoint.web.ServletEndpointRegistrar]: Factory method 'servletEndpointRegistrar' threw exception; nested exception is java.lang.ClassCastException: org.springframework.boot.actuate.endpoint.annotation.EndpointDiscoverer$EndpointBean cannot be cast to org.springframework.boot.JrEndPointBean
	at org.springframework.beans.factory.support.ConstructorResolver.instantiate(ConstructorResolver.java:655)
	at org.springframework.beans.factory.support.ConstructorResolver.instantiateUsingFactoryMethod(ConstructorResolver.java:635)
	at org.springframework.beans.factory.support.AbstractAutowireCapableBeanFactory.instantiateUsingFactoryMethod(AbstractAutowireCapableBeanFactory.java:1336)
	at org.springframework.beans.factory.support.AbstractAutowireCapableBeanFactory.createBeanInstance(AbstractAutowireCapableBeanFactory.java:1176)
	at org.springframework.beans.factory.support.AbstractAutowireCapableBeanFactory.doCreateBean(AbstractAutowireCapableBeanFactory.java:556)
	at org.springframework.beans.factory.support.AbstractAutowireCapableBeanFactory.createBean(AbstractAutowireCapableBeanFactory.java:516)
	at org.springframework.beans.factory.support.AbstractBeanFactory.lambda$doGetBean$0(AbstractBeanFactory.java:324)
	at org.springframework.beans.factory.support.DefaultSingletonBeanRegistry.getSingleton(DefaultSingletonBeanRegistry.java:226)
	at org.springframework.beans.factory.support.AbstractBeanFactory.doGetBean(AbstractBeanFactory.java:322)
	at org.springframework.beans.factory.support.AbstractBeanFactory.getBean(AbstractBeanFactory.java:207)
	at org.springframework.boot.web.servlet.ServletContextInitializerBeans.getOrderedBeansOfType(ServletContextInitializerBeans.java:211)
	at org.springframework.boot.web.servlet.ServletContextInitializerBeans.getOrderedBeansOfType(ServletContextInitializerBeans.java:202)
	at org.springframework.boot.web.servlet.ServletContextInitializerBeans.addServletContextInitializerBeans(ServletContextInitializerBeans.java:96)
	at org.springframework.boot.web.servlet.ServletContextInitializerBeans.<init>(ServletContextInitializerBeans.java:85)
	at org.springframework.boot.web.servlet.context.ServletWebServerApplicationContext.getServletContextInitializerBeans(ServletWebServerApplicationContext.java:255)
	at org.springframework.boot.web.servlet.context.ServletWebServerApplicationContext.selfInitialize(ServletWebServerApplicationContext.java:229)
	at org.springframework.boot.web.embedded.tomcat.TomcatStarter.onStartup(TomcatStarter.java:53)
	at org.apache.catalina.core.StandardContext.startInternal(StandardContext.java:5128)
	at org.apache.catalina.util.LifecycleBase.start(LifecycleBase.java:183)
	at org.apache.catalina.core.ContainerBase$StartChild.call(ContainerBase.java:1384)
	at org.apache.catalina.core.ContainerBase$StartChild.call(ContainerBase.java:1374)
	at java.util.concurrent.FutureTask.run(FutureTask.java:266)
	at org.apache.tomcat.util.threads.InlineExecutorService.execute(InlineExecutorService.java:75)
	at java.util.concurrent.AbstractExecutorService.submit(AbstractExecutorService.java:134)
	at org.apache.catalina.core.ContainerBase.startInternal(ContainerBase.java:909)
	at org.apache.catalina.core.StandardHost.startInternal(StandardHost.java:841)
	at org.apache.catalina.util.LifecycleBase.start(LifecycleBase.java:183)
	at org.apache.catalina.core.ContainerBase$StartChild.call(ContainerBase.java:1384)
	at org.apache.catalina.core.ContainerBase$StartChild.call(ContainerBase.java:1374)
	at java.util.concurrent.FutureTask.run(FutureTask.java:266)
	at org.apache.tomcat.util.threads.InlineExecutorService.execute(InlineExecutorService.java:75)
	at java.util.concurrent.AbstractExecutorService.submit(AbstractExecutorService.java:134)
	at org.apache.catalina.core.ContainerBase.startInternal(ContainerBase.java:909)
	at org.apache.catalina.core.StandardEngine.startInternal(StandardEngine.java:262)
	at org.apache.catalina.util.LifecycleBase.start(LifecycleBase.java:183)
	at org.apache.catalina.core.StandardService.startInternal(StandardService.java:421)
	at org.apache.catalina.util.LifecycleBase.start(LifecycleBase.java:183)
	at org.apache.catalina.core.StandardServer.startInternal(StandardServer.java:930)
	at org.apache.catalina.util.LifecycleBase.start(LifecycleBase.java:183)
	at org.apache.catalina.startup.Tomcat.start(Tomcat.java:486)
	at org.springframework.boot.web.embedded.tomcat.TomcatWebServer.initialize(TomcatWebServer.java:123)
	... 16 common frames omitted
Caused by: org.springframework.beans.BeanInstantiationException: Failed to instantiate [org.springframework.boot.actuate.endpoint.web.ServletEndpointRegistrar]: Factory method 'servletEndpointRegistrar' threw exception; nested exception is java.lang.ClassCastException: org.springframework.boot.actuate.endpoint.annotation.EndpointDiscoverer$EndpointBean cannot be cast to org.springframework.boot.JrEndPointBean
	at org.springframework.beans.factory.support.SimpleInstantiationStrategy.instantiate(SimpleInstantiationStrategy.java:185)
	at org.springframework.beans.factory.support.ConstructorResolver.instantiate(ConstructorResolver.java:650)
	... 56 common frames omitted
Caused by: java.lang.ClassCastException: org.springframework.boot.actuate.endpoint.annotation.EndpointDiscoverer$EndpointBean cannot be cast to org.springframework.boot.JrEndPointBean
	at org.springframework.boot.MvcEndpointUtil.filterEndpoints(MvcEndpointUtil.java:69)
	at org.springframework.boot.actuate.endpoint.annotation.EndpointDiscoverer.discoverEndpoints(EndpointDiscoverer.java:123)
	at org.springframework.boot.actuate.endpoint.annotation.EndpointDiscoverer.getEndpoints(EndpointDiscoverer.java:117)
	at org.springframework.boot.actuate.autoconfigure.endpoint.web.ServletEndpointManagementContextConfiguration$WebMvcServletEndpointManagementContextConfiguration.servletEndpointRegistrar(ServletEndpointManagementContextConfiguration.java:65)
	at sun.reflect.NativeMethodAccessorImpl.invoke0(Native Method)
	at sun.reflect.NativeMethodAccessorImpl.invoke(NativeMethodAccessorImpl.java:62)
	at sun.reflect.DelegatingMethodAccessorImpl.__invoke(DelegatingMethodAccessorImpl.java:43)
	at sun.reflect.DelegatingMethodAccessorImpl.invoke(DelegatingMethodAccessorImpl.java:45009)
	at sun.reflect.DelegatingMethodAccessorImpl.invoke(DelegatingMethodAccessorImpl.java:45012)
	at java.lang.reflect.Method.invoke(Method.java:498)
	at org.springframework.beans.factory.support.SimpleInstantiationStrategy.instantiate(SimpleInstantiationStrategy.java:154)
	... 57 common frames omitted
2020-10-09 16:49:15 ERROR main org.springframework.boot.web.embedded.tomcat.TomcatStarter Error starting Tomcat context. Exception: org.springframework.beans.factory.BeanCreationException. Message: Error creating bean with name 'servletEndpointRegistrar' defined in class path resource [org/springframework/boot/actuate/autoconfigure/endpoint/web/ServletEndpointManagementContextConfiguration$WebMvcServletEndpointManagementContextConfiguration.class]: Bean instantiation via factory method failed; nested exception is org.springframework.beans.BeanInstantiationException: Failed to instantiate [org.springframework.boot.actuate.endpoint.web.ServletEndpointRegistrar]: Factory method 'servletEndpointRegistrar' threw exception; nested exception is java.lang.ClassCastException: org.springframework.boot.actuate.endpoint.annotation.EndpointDiscoverer$EndpointBean cannot be cast to org.springframework.boot.JrEndPointBean
2020-10-09 16:49:15 ERROR main org.springframework.boot.SpringApplication Application run failed
org.springframework.context.ApplicationContextException: Unable to start web server; nested exception is org.springframework.boot.web.server.WebServerException: Unable to start embedded Tomcat
	at org.springframework.boot.web.servlet.context.ServletWebServerApplicationContext.onRefresh(ServletWebServerApplicationContext.java:161)
	at org.springframework.context.support.AbstractApplicationContext.__refresh(AbstractApplicationContext.java:545)
	at org.springframework.context.support.AbstractApplicationContext.jrLockAndRefresh(AbstractApplicationContext.java:40002)
	at org.springframework.context.support.AbstractApplicationContext.refresh(AbstractApplicationContext.java:41008)
	at org.springframework.boot.web.servlet.context.ServletWebServerApplicationContext.refresh(ServletWebServerApplicationContext.java:143)
	at org.springframework.boot.SpringApplication.refresh(SpringApplication.java:758)
	at org.springframework.boot.SpringApplication.refresh(SpringApplication.java:750)
	at org.springframework.boot.SpringApplication.refreshContext(SpringApplication.java:397)
	at org.springframework.boot.SpringApplication.run(SpringApplication.java:315)
	at org.springframework.boot.SpringApplication.run(SpringApplication.java:1237)
	at org.springframework.boot.SpringApplication.run(SpringApplication.java:1226)
	at com.codeworld.fc.CodeworldVueSystemApplication.main(CodeworldVueSystemApplication.java:10)
Caused by: org.springframework.boot.web.server.WebServerException: Unable to start embedded Tomcat
	at org.springframework.boot.web.embedded.tomcat.TomcatWebServer.initialize(TomcatWebServer.java:142)
	at org.springframework.boot.web.embedded.tomcat.TomcatWebServer.<init>(TomcatWebServer.java:104)
	at org.springframework.boot.web.embedded.tomcat.TomcatServletWebServerFactory.getTomcatWebServer(TomcatServletWebServerFactory.java:437)
	at org.springframework.boot.web.embedded.tomcat.TomcatServletWebServerFactory.getWebServer(TomcatServletWebServerFactory.java:191)
	at org.springframework.boot.web.servlet.context.ServletWebServerApplicationContext.createWebServer(ServletWebServerApplicationContext.java:178)
	at org.springframework.boot.web.servlet.context.ServletWebServerApplicationContext.onRefresh(ServletWebServerApplicationContext.java:158)
	... 11 common frames omitted
Caused by: org.springframework.beans.factory.BeanCreationException: Error creating bean with name 'servletEndpointRegistrar' defined in class path resource [org/springframework/boot/actuate/autoconfigure/endpoint/web/ServletEndpointManagementContextConfiguration$WebMvcServletEndpointManagementContextConfiguration.class]: Bean instantiation via factory method failed; nested exception is org.springframework.beans.BeanInstantiationException: Failed to instantiate [org.springframework.boot.actuate.endpoint.web.ServletEndpointRegistrar]: Factory method 'servletEndpointRegistrar' threw exception; nested exception is java.lang.ClassCastException: org.springframework.boot.actuate.endpoint.annotation.EndpointDiscoverer$EndpointBean cannot be cast to org.springframework.boot.JrEndPointBean
	at org.springframework.beans.factory.support.ConstructorResolver.instantiate(ConstructorResolver.java:655)
	at org.springframework.beans.factory.support.ConstructorResolver.instantiateUsingFactoryMethod(ConstructorResolver.java:635)
	at org.springframework.beans.factory.support.AbstractAutowireCapableBeanFactory.instantiateUsingFactoryMethod(AbstractAutowireCapableBeanFactory.java:1336)
	at org.springframework.beans.factory.support.AbstractAutowireCapableBeanFactory.createBeanInstance(AbstractAutowireCapableBeanFactory.java:1176)
	at org.springframework.beans.factory.support.AbstractAutowireCapableBeanFactory.doCreateBean(AbstractAutowireCapableBeanFactory.java:556)
	at org.springframework.beans.factory.support.AbstractAutowireCapableBeanFactory.createBean(AbstractAutowireCapableBeanFactory.java:516)
	at org.springframework.beans.factory.support.AbstractBeanFactory.lambda$doGetBean$0(AbstractBeanFactory.java:324)
	at org.springframework.beans.factory.support.DefaultSingletonBeanRegistry.getSingleton(DefaultSingletonBeanRegistry.java:226)
	at org.springframework.beans.factory.support.AbstractBeanFactory.doGetBean(AbstractBeanFactory.java:322)
	at org.springframework.beans.factory.support.AbstractBeanFactory.getBean(AbstractBeanFactory.java:207)
	at org.springframework.boot.web.servlet.ServletContextInitializerBeans.getOrderedBeansOfType(ServletContextInitializerBeans.java:211)
	at org.springframework.boot.web.servlet.ServletContextInitializerBeans.getOrderedBeansOfType(ServletContextInitializerBeans.java:202)
	at org.springframework.boot.web.servlet.ServletContextInitializerBeans.addServletContextInitializerBeans(ServletContextInitializerBeans.java:96)
	at org.springframework.boot.web.servlet.ServletContextInitializerBeans.<init>(ServletContextInitializerBeans.java:85)
	at org.springframework.boot.web.servlet.context.ServletWebServerApplicationContext.getServletContextInitializerBeans(ServletWebServerApplicationContext.java:255)
	at org.springframework.boot.web.servlet.context.ServletWebServerApplicationContext.selfInitialize(ServletWebServerApplicationContext.java:229)
	at org.springframework.boot.web.embedded.tomcat.TomcatStarter.onStartup(TomcatStarter.java:53)
	at org.apache.catalina.core.StandardContext.startInternal(StandardContext.java:5128)
	at org.apache.catalina.util.LifecycleBase.start(LifecycleBase.java:183)
	at org.apache.catalina.core.ContainerBase$StartChild.call(ContainerBase.java:1384)
	at org.apache.catalina.core.ContainerBase$StartChild.call(ContainerBase.java:1374)
	at java.util.concurrent.FutureTask.run(FutureTask.java:266)
	at org.apache.tomcat.util.threads.InlineExecutorService.execute(InlineExecutorService.java:75)
	at java.util.concurrent.AbstractExecutorService.submit(AbstractExecutorService.java:134)
	at org.apache.catalina.core.ContainerBase.startInternal(ContainerBase.java:909)
	at org.apache.catalina.core.StandardHost.startInternal(StandardHost.java:841)
	at org.apache.catalina.util.LifecycleBase.start(LifecycleBase.java:183)
	at org.apache.catalina.core.ContainerBase$StartChild.call(ContainerBase.java:1384)
	at org.apache.catalina.core.ContainerBase$StartChild.call(ContainerBase.java:1374)
	at java.util.concurrent.FutureTask.run(FutureTask.java:266)
	at org.apache.tomcat.util.threads.InlineExecutorService.execute(InlineExecutorService.java:75)
	at java.util.concurrent.AbstractExecutorService.submit(AbstractExecutorService.java:134)
	at org.apache.catalina.core.ContainerBase.startInternal(ContainerBase.java:909)
	at org.apache.catalina.core.StandardEngine.startInternal(StandardEngine.java:262)
	at org.apache.catalina.util.LifecycleBase.start(LifecycleBase.java:183)
	at org.apache.catalina.core.StandardService.startInternal(StandardService.java:421)
	at org.apache.catalina.util.LifecycleBase.start(LifecycleBase.java:183)
	at org.apache.catalina.core.StandardServer.startInternal(StandardServer.java:930)
	at org.apache.catalina.util.LifecycleBase.start(LifecycleBase.java:183)
	at org.apache.catalina.startup.Tomcat.start(Tomcat.java:486)
	at org.springframework.boot.web.embedded.tomcat.TomcatWebServer.initialize(TomcatWebServer.java:123)
	... 16 common frames omitted
Caused by: org.springframework.beans.BeanInstantiationException: Failed to instantiate [org.springframework.boot.actuate.endpoint.web.ServletEndpointRegistrar]: Factory method 'servletEndpointRegistrar' threw exception; nested exception is java.lang.ClassCastException: org.springframework.boot.actuate.endpoint.annotation.EndpointDiscoverer$EndpointBean cannot be cast to org.springframework.boot.JrEndPointBean
	at org.springframework.beans.factory.support.SimpleInstantiationStrategy.instantiate(SimpleInstantiationStrategy.java:185)
	at org.springframework.beans.factory.support.ConstructorResolver.instantiate(ConstructorResolver.java:650)
	... 56 common frames omitted
Caused by: java.lang.ClassCastException: org.springframework.boot.actuate.endpoint.annotation.EndpointDiscoverer$EndpointBean cannot be cast to org.springframework.boot.JrEndPointBean
	at org.springframework.boot.MvcEndpointUtil.filterEndpoints(MvcEndpointUtil.java:69)
	at org.springframework.boot.actuate.endpoint.annotation.EndpointDiscoverer.discoverEndpoints(EndpointDiscoverer.java:123)
	at org.springframework.boot.actuate.endpoint.annotation.EndpointDiscoverer.getEndpoints(EndpointDiscoverer.java:117)
	at org.springframework.boot.actuate.autoconfigure.endpoint.web.ServletEndpointManagementContextConfiguration$WebMvcServletEndpointManagementContextConfiguration.servletEndpointRegistrar(ServletEndpointManagementContextConfiguration.java:65)
	at sun.reflect.NativeMethodAccessorImpl.invoke0(Native Method)
	at sun.reflect.NativeMethodAccessorImpl.invoke(NativeMethodAccessorImpl.java:62)
	at sun.reflect.DelegatingMethodAccessorImpl.__invoke(DelegatingMethodAccessorImpl.java:43)
	at sun.reflect.DelegatingMethodAccessorImpl.invoke(DelegatingMethodAccessorImpl.java:45009)
	at sun.reflect.DelegatingMethodAccessorImpl.invoke(DelegatingMethodAccessorImpl.java:45012)
	at java.lang.reflect.Method.invoke(Method.java:498)
	at org.springframework.beans.factory.support.SimpleInstantiationStrategy.instantiate(SimpleInstantiationStrategy.java:154)
	... 57 common frames omitted
2020-10-09 16:51:55 ERROR main org.springframework.boot.diagnostics.LoggingFailureAnalysisReporter 

***************************
APPLICATION FAILED TO START
***************************

Description:

Parameter 0 of constructor in com.codeworld.fc.monitor.endpoint.FcHttpTraceEndPoint required a bean of type 'com.codeworld.fc.monitor.endpoint.RemoteHttpTraceRepository' that could not be found.

The injection point has the following annotations:
	- @org.springframework.beans.factory.annotation.Autowired(required=false)


Action:

Consider defining a bean of type 'com.codeworld.fc.monitor.endpoint.RemoteHttpTraceRepository' in your configuration.

2020-10-09 16:53:10 ERROR main org.springframework.boot.diagnostics.LoggingFailureAnalysisReporter 

***************************
APPLICATION FAILED TO START
***************************

Description:

Parameter 0 of constructor in com.codeworld.fc.monitor.endpoint.FcHttpTraceEndPoint required a bean of type 'com.codeworld.fc.monitor.endpoint.RemoteHttpTraceRepository' that could not be found.

The injection point has the following annotations:
	- @org.springframework.beans.factory.annotation.Autowired(required=false)


Action:

Consider defining a bean of type 'com.codeworld.fc.monitor.endpoint.RemoteHttpTraceRepository' in your configuration.

2020-10-09 17:02:34 ERROR http-nio-8888-exec-5 com.codeworld.fc.utils.AddressUtil 获取地址信息异常，C:\Users\Lenovo\AppData\Local\Temp\ip.db (系统找不到指定的文件。)
2020-10-09 17:03:41 ERROR http-nio-8888-exec-8 com.codeworld.fc.utils.AddressUtil 获取地址信息异常，C:\Users\Lenovo\AppData\Local\Temp\ip.db (系统找不到指定的文件。)
2020-10-09 17:03:55 ERROR http-nio-8888-exec-10 com.codeworld.fc.utils.AddressUtil 获取地址信息异常，C:\Users\Lenovo\AppData\Local\Temp\ip.db (系统找不到指定的文件。)
2020-10-09 17:07:43 ERROR http-nio-8888-exec-8 com.codeworld.fc.utils.AddressUtil 获取地址信息异常，C:\Users\Lenovo\AppData\Local\Temp\ip.db (系统找不到指定的文件。)
2020-10-09 17:07:43 ERROR http-nio-8888-exec-9 com.codeworld.fc.utils.AddressUtil 获取地址信息异常，C:\Users\Lenovo\AppData\Local\Temp\ip.db (系统找不到指定的文件。)
2020-10-09 17:07:47 ERROR http-nio-8888-exec-1 com.codeworld.fc.utils.AddressUtil 获取地址信息异常，C:\Users\Lenovo\AppData\Local\Temp\ip.db (系统找不到指定的文件。)
2020-10-09 17:07:55 ERROR http-nio-8888-exec-2 com.codeworld.fc.utils.AddressUtil 获取地址信息异常，C:\Users\Lenovo\AppData\Local\Temp\ip.db (系统找不到指定的文件。)
2020-10-09 17:07:56 ERROR http-nio-8888-exec-5 com.codeworld.fc.utils.AddressUtil 获取地址信息异常，C:\Users\Lenovo\AppData\Local\Temp\ip.db (系统找不到指定的文件。)
2020-10-09 17:08:38 ERROR http-nio-8888-exec-7 com.codeworld.fc.utils.AddressUtil 获取地址信息异常，C:\Users\Lenovo\AppData\Local\Temp\ip.db (系统找不到指定的文件。)
2020-10-09 17:10:56 ERROR http-nio-8888-exec-1 com.codeworld.fc.utils.AddressUtil 获取地址信息异常，C:\Users\Lenovo\AppData\Local\Temp\ip.db (系统找不到指定的文件。)
2020-10-09 17:11:07 ERROR http-nio-8888-exec-2 com.codeworld.fc.utils.AddressUtil 获取地址信息异常，C:\Users\Lenovo\AppData\Local\Temp\ip.db (系统找不到指定的文件。)
2020-10-09 17:11:07 ERROR http-nio-8888-exec-5 com.codeworld.fc.utils.AddressUtil 获取地址信息异常，C:\Users\Lenovo\AppData\Local\Temp\ip.db (系统找不到指定的文件。)
2020-10-09 17:12:37 ERROR http-nio-8888-exec-1 com.codeworld.fc.utils.AddressUtil 获取地址信息异常，C:\Users\Lenovo\AppData\Local\Temp\ip.db (系统找不到指定的文件。)
2020-10-09 17:12:49 ERROR http-nio-8888-exec-2 com.codeworld.fc.utils.AddressUtil 获取地址信息异常，C:\Users\Lenovo\AppData\Local\Temp\ip.db (系统找不到指定的文件。)
2020-10-09 17:14:15 ERROR http-nio-8888-exec-6 com.codeworld.fc.utils.AddressUtil 获取地址信息异常，C:\Users\Lenovo\AppData\Local\Temp\ip.db (系统找不到指定的文件。)
2020-10-09 17:16:50 ERROR http-nio-8888-exec-1 com.codeworld.fc.utils.AddressUtil 获取地址信息异常，C:\Users\Lenovo\AppData\Local\Temp\ip.db (系统找不到指定的文件。)
2020-10-09 17:17:30 ERROR http-nio-8888-exec-2 com.codeworld.fc.utils.AddressUtil 获取地址信息异常，C:\Users\Lenovo\AppData\Local\Temp\ip.db (系统找不到指定的文件。)
2020-10-09 17:18:26 ERROR http-nio-8888-exec-4 com.codeworld.fc.utils.AddressUtil 获取地址信息异常，C:\Users\Lenovo\AppData\Local\Temp\ip.db (系统找不到指定的文件。)
2020-10-09 17:18:26 ERROR http-nio-8888-exec-6 com.codeworld.fc.utils.AddressUtil 获取地址信息异常，C:\Users\Lenovo\AppData\Local\Temp\ip.db (系统找不到指定的文件。)
2020-10-09 17:18:35 ERROR http-nio-8888-exec-9 com.codeworld.fc.utils.AddressUtil 获取地址信息异常，C:\Users\Lenovo\AppData\Local\Temp\ip.db (系统找不到指定的文件。)
2020-10-09 17:18:37 ERROR http-nio-8888-exec-1 com.codeworld.fc.utils.AddressUtil 获取地址信息异常，C:\Users\Lenovo\AppData\Local\Temp\ip.db (系统找不到指定的文件。)
2020-10-09 17:18:41 ERROR http-nio-8888-exec-2 com.codeworld.fc.utils.AddressUtil 获取地址信息异常，C:\Users\Lenovo\AppData\Local\Temp\ip.db (系统找不到指定的文件。)
2020-10-09 17:18:41 ERROR http-nio-8888-exec-5 com.codeworld.fc.utils.AddressUtil 获取地址信息异常，C:\Users\Lenovo\AppData\Local\Temp\ip.db (系统找不到指定的文件。)
2020-10-09 17:20:01 ERROR http-nio-8888-exec-8 com.codeworld.fc.utils.AddressUtil 获取地址信息异常，C:\Users\Lenovo\AppData\Local\Temp\ip.db (系统找不到指定的文件。)
2020-10-09 17:20:24 ERROR http-nio-8888-exec-10 com.codeworld.fc.utils.AddressUtil 获取地址信息异常，C:\Users\Lenovo\AppData\Local\Temp\ip.db (系统找不到指定的文件。)
2020-10-09 17:20:25 ERROR http-nio-8888-exec-3 com.codeworld.fc.utils.AddressUtil 获取地址信息异常，C:\Users\Lenovo\AppData\Local\Temp\ip.db (系统找不到指定的文件。)
2020-10-09 17:20:34 ERROR http-nio-8888-exec-5 com.codeworld.fc.utils.AddressUtil 获取地址信息异常，C:\Users\Lenovo\AppData\Local\Temp\ip.db (系统找不到指定的文件。)
2020-10-09 17:20:35 ERROR http-nio-8888-exec-7 com.codeworld.fc.utils.AddressUtil 获取地址信息异常，C:\Users\Lenovo\AppData\Local\Temp\ip.db (系统找不到指定的文件。)
2020-10-09 17:21:08 ERROR http-nio-8888-exec-8 com.codeworld.fc.utils.AddressUtil 获取地址信息异常，C:\Users\Lenovo\AppData\Local\Temp\ip.db (系统找不到指定的文件。)
2020-10-09 17:21:09 ERROR http-nio-8888-exec-10 com.codeworld.fc.utils.AddressUtil 获取地址信息异常，C:\Users\Lenovo\AppData\Local\Temp\ip.db (系统找不到指定的文件。)
2020-10-09 17:21:29 ERROR http-nio-8888-exec-3 com.codeworld.fc.utils.AddressUtil 获取地址信息异常，C:\Users\Lenovo\AppData\Local\Temp\ip.db (系统找不到指定的文件。)
2020-10-09 17:21:29 ERROR http-nio-8888-exec-5 com.codeworld.fc.utils.AddressUtil 获取地址信息异常，C:\Users\Lenovo\AppData\Local\Temp\ip.db (系统找不到指定的文件。)
2020-10-09 17:21:53 ERROR http-nio-8888-exec-7 com.codeworld.fc.utils.AddressUtil 获取地址信息异常，C:\Users\Lenovo\AppData\Local\Temp\ip.db (系统找不到指定的文件。)
2020-10-09 17:21:54 ERROR http-nio-8888-exec-8 com.codeworld.fc.utils.AddressUtil 获取地址信息异常，C:\Users\Lenovo\AppData\Local\Temp\ip.db (系统找不到指定的文件。)
2020-10-09 17:22:17 ERROR http-nio-8888-exec-10 com.codeworld.fc.utils.AddressUtil 获取地址信息异常，C:\Users\Lenovo\AppData\Local\Temp\ip.db (系统找不到指定的文件。)
2020-10-09 17:22:18 ERROR http-nio-8888-exec-3 com.codeworld.fc.utils.AddressUtil 获取地址信息异常，C:\Users\Lenovo\AppData\Local\Temp\ip.db (系统找不到指定的文件。)
2020-10-09 17:23:41 ERROR http-nio-8888-exec-7 com.codeworld.fc.utils.AddressUtil 获取地址信息异常，C:\Users\Lenovo\AppData\Local\Temp\ip.db (系统找不到指定的文件。)
2020-10-09 17:23:41 ERROR http-nio-8888-exec-8 com.codeworld.fc.utils.AddressUtil 获取地址信息异常，C:\Users\Lenovo\AppData\Local\Temp\ip.db (系统找不到指定的文件。)
2020-10-09 17:24:42 ERROR http-nio-8888-exec-3 com.codeworld.fc.utils.AddressUtil 获取地址信息异常，C:\Users\Lenovo\AppData\Local\Temp\ip.db (系统找不到指定的文件。)
2020-10-09 17:24:42 ERROR http-nio-8888-exec-2 com.codeworld.fc.utils.AddressUtil 获取地址信息异常，C:\Users\Lenovo\AppData\Local\Temp\ip.db (系统找不到指定的文件。)
2020-10-09 17:25:30 ERROR http-nio-8888-exec-7 com.codeworld.fc.utils.AddressUtil 获取地址信息异常，C:\Users\Lenovo\AppData\Local\Temp\ip.db (系统找不到指定的文件。)
2020-10-09 17:25:31 ERROR http-nio-8888-exec-8 com.codeworld.fc.utils.AddressUtil 获取地址信息异常，C:\Users\Lenovo\AppData\Local\Temp\ip.db (系统找不到指定的文件。)
2020-10-09 17:25:46 ERROR http-nio-8888-exec-9 com.codeworld.fc.utils.AddressUtil 获取地址信息异常，C:\Users\Lenovo\AppData\Local\Temp\ip.db (系统找不到指定的文件。)
2020-10-09 17:25:46 ERROR http-nio-8888-exec-3 com.codeworld.fc.utils.AddressUtil 获取地址信息异常，C:\Users\Lenovo\AppData\Local\Temp\ip.db (系统找不到指定的文件。)
2020-10-09 17:26:30 ERROR http-nio-8888-exec-2 com.codeworld.fc.utils.AddressUtil 获取地址信息异常，C:\Users\Lenovo\AppData\Local\Temp\ip.db (系统找不到指定的文件。)
2020-10-09 17:29:35 ERROR http-nio-8888-exec-8 com.codeworld.fc.utils.AddressUtil 获取地址信息异常，C:\Users\Lenovo\AppData\Local\Temp\ip.db (系统找不到指定的文件。)
2020-10-09 17:29:37 ERROR http-nio-8888-exec-10 com.codeworld.fc.utils.AddressUtil 获取地址信息异常，C:\Users\Lenovo\AppData\Local\Temp\ip.db (系统找不到指定的文件。)
2020-10-09 17:30:56 ERROR http-nio-8888-exec-5 com.codeworld.fc.utils.AddressUtil 获取地址信息异常，C:\Users\Lenovo\AppData\Local\Temp\ip.db (系统找不到指定的文件。)
2020-10-09 17:30:56 ERROR http-nio-8888-exec-4 com.codeworld.fc.utils.AddressUtil 获取地址信息异常，C:\Users\Lenovo\AppData\Local\Temp\ip.db (系统找不到指定的文件。)
2020-10-09 17:33:23 ERROR http-nio-8888-exec-10 com.codeworld.fc.utils.AddressUtil 获取地址信息异常，C:\Users\Lenovo\AppData\Local\Temp\ip.db (系统找不到指定的文件。)
2020-10-09 17:33:24 ERROR http-nio-8888-exec-1 com.codeworld.fc.utils.AddressUtil 获取地址信息异常，C:\Users\Lenovo\AppData\Local\Temp\ip.db (系统找不到指定的文件。)
2020-10-09 17:33:58 ERROR http-nio-8888-exec-5 com.codeworld.fc.utils.AddressUtil 获取地址信息异常，C:\Users\Lenovo\AppData\Local\Temp\ip.db (系统找不到指定的文件。)
2020-10-09 17:33:59 ERROR http-nio-8888-exec-4 com.codeworld.fc.utils.AddressUtil 获取地址信息异常，C:\Users\Lenovo\AppData\Local\Temp\ip.db (系统找不到指定的文件。)
2020-10-09 17:34:11 ERROR http-nio-8888-exec-6 com.codeworld.fc.utils.AddressUtil 获取地址信息异常，C:\Users\Lenovo\AppData\Local\Temp\ip.db (系统找不到指定的文件。)
2020-10-09 17:34:11 ERROR http-nio-8888-exec-10 com.codeworld.fc.utils.AddressUtil 获取地址信息异常，C:\Users\Lenovo\AppData\Local\Temp\ip.db (系统找不到指定的文件。)
2020-10-09 17:36:11 ERROR http-nio-8888-exec-5 com.codeworld.fc.utils.AddressUtil 获取地址信息异常，C:\Users\Lenovo\AppData\Local\Temp\ip.db (系统找不到指定的文件。)
2020-10-09 17:36:11 ERROR http-nio-8888-exec-4 com.codeworld.fc.utils.AddressUtil 获取地址信息异常，C:\Users\Lenovo\AppData\Local\Temp\ip.db (系统找不到指定的文件。)
2020-10-09 17:37:25 ERROR http-nio-8888-exec-10 com.codeworld.fc.utils.AddressUtil 获取地址信息异常，C:\Users\Lenovo\AppData\Local\Temp\ip.db (系统找不到指定的文件。)
2020-10-09 17:37:26 ERROR http-nio-8888-exec-9 com.codeworld.fc.utils.AddressUtil 获取地址信息异常，C:\Users\Lenovo\AppData\Local\Temp\ip.db (系统找不到指定的文件。)
